<?xml version="1.0" encoding="UTF-8"?>
<coverage generated="1749584187654" clover="3.2.0">
  <project timestamp="1749584187656" name="All files">
    <metrics statements="53" coveredstatements="45" conditionals="51" coveredconditionals="28" methods="4" coveredmethods="4" elements="108" coveredelements="77" complexity="0" loc="53" ncloc="53" packages="1" files="1" classes="1"/>
    <file name="TravelInfoBanner.tsx" path="D:\Xpress\XPRESS_V3\XPRESS_V2\src\components\request_details\TravelInfoBanner.tsx">
      <metrics statements="53" coveredstatements="45" conditionals="51" coveredconditionals="28" methods="4" coveredmethods="4"/>
      <line num="1" count="1" type="stmt"/>
      <line num="2" count="1" type="stmt"/>
      <line num="3" count="1" type="stmt"/>
      <line num="41" count="1" type="stmt"/>
      <line num="44" count="26" type="stmt"/>
      <line num="45" count="26" type="stmt"/>
      <line num="46" count="26" type="stmt"/>
      <line num="47" count="26" type="stmt"/>
      <line num="49" count="26" type="stmt"/>
      <line num="52" count="9" type="cond" truecount="1" falsecount="0"/>
      <line num="53" count="1" type="stmt"/>
      <line num="54" count="1" type="stmt"/>
      <line num="55" count="1" type="stmt"/>
      <line num="58" count="8" type="stmt"/>
      <line num="59" count="8" type="stmt"/>
      <line num="60" count="8" type="stmt"/>
      <line num="61" count="8" type="stmt"/>
      <line num="64" count="8" type="stmt"/>
      <line num="65" count="8" type="stmt"/>
      <line num="67" count="7" type="cond" truecount="4" falsecount="0"/>
      <line num="68" count="3" type="stmt"/>
      <line num="72" count="3" type="stmt"/>
      <line num="84" count="3" type="stmt"/>
      <line num="86" count="4" type="cond" truecount="4" falsecount="0"/>
      <line num="87" count="2" type="stmt"/>
      <line num="88" count="2" type="cond" truecount="3" falsecount="1"/>
      <line num="89" count="2" type="stmt"/>
      <line num="91" count="0" type="stmt"/>
      <line num="95" count="1" type="cond" truecount="1" falsecount="1"/>
      <line num="96" count="0" type="stmt"/>
      <line num="97" count="0" type="cond" truecount="0" falsecount="2"/>
      <line num="98" count="0" type="cond" truecount="0" falsecount="4"/>
      <line num="99" count="0" type="cond" truecount="0" falsecount="2"/>
      <line num="100" count="0" type="cond" truecount="0" falsecount="2"/>
      <line num="102" count="0" type="cond" truecount="0" falsecount="2"/>
      <line num="104" count="1" type="cond" truecount="1" falsecount="1"/>
      <line num="105" count="1" type="cond" truecount="1" falsecount="1"/>
      <line num="107" count="0" type="stmt"/>
      <line num="110" count="8" type="stmt"/>
      <line num="114" count="8" type="stmt"/>
      <line num="119" count="26" type="stmt"/>
      <line num="120" count="3" type="cond" truecount="3" falsecount="0"/>
      <line num="122" count="1" type="stmt"/>
      <line num="124" count="1" type="stmt"/>
      <line num="126" count="1" type="stmt"/>
      <line num="131" count="26" type="cond" truecount="1" falsecount="0"/>
      <line num="132" count="8" type="stmt"/>
      <line num="143" count="18" type="cond" truecount="1" falsecount="0"/>
      <line num="144" count="6" type="stmt"/>
      <line num="158" count="12" type="cond" truecount="1" falsecount="0"/>
      <line num="159" count="9" type="stmt"/>
      <line num="170" count="3" type="stmt"/>
      <line num="247" count="1" type="stmt"/>
    </file>
  </project>
</coverage>
