<?xml version="1.0" encoding="UTF-8"?>
<coverage generated="1747882640479" clover="3.2.0">
  <project timestamp="1747882640479" name="All files">
    <metrics statements="26" coveredstatements="13" conditionals="12" coveredconditionals="5" methods="1" coveredmethods="1" elements="39" coveredelements="19" complexity="0" loc="26" ncloc="26" packages="2" files="4" classes="4"/>
    <package name="components.document">
      <metrics statements="4" coveredstatements="0" conditionals="0" coveredconditionals="0" methods="0" coveredmethods="0"/>
      <file name="types.ts" path="D:\Xpress\XPRESS_V2\XPRESS_V2\src\components\document\types.ts">
        <metrics statements="4" coveredstatements="0" conditionals="0" coveredconditionals="0" methods="0" coveredmethods="0"/>
        <line num="17" count="0" type="stmt"/>
        <line num="24" count="0" type="stmt"/>
        <line num="33" count="0" type="stmt"/>
        <line num="47" count="0" type="stmt"/>
      </file>
    </package>
    <package name="data">
      <metrics statements="22" coveredstatements="13" conditionals="12" coveredconditionals="5" methods="1" coveredmethods="1"/>
      <file name="documentData.ts" path="D:\Xpress\XPRESS_V2\XPRESS_V2\src\data\documentData.ts">
        <metrics statements="1" coveredstatements="0" conditionals="0" coveredconditionals="0" methods="0" coveredmethods="0"/>
        <line num="44" count="0" type="stmt"/>
      </file>
      <file name="mockData.ts" path="D:\Xpress\XPRESS_V2\XPRESS_V2\src\data\mockData.ts">
        <metrics statements="20" coveredstatements="13" conditionals="12" coveredconditionals="5" methods="1" coveredmethods="1"/>
        <line num="40" count="1" type="stmt"/>
        <line num="58" count="1" type="stmt"/>
        <line num="59" count="5" type="cond" truecount="5" falsecount="7"/>
        <line num="61" count="1" type="stmt"/>
        <line num="63" count="1" type="stmt"/>
        <line num="65" count="1" type="stmt"/>
        <line num="67" count="1" type="stmt"/>
        <line num="69" count="0" type="stmt"/>
        <line num="71" count="0" type="stmt"/>
        <line num="73" count="0" type="stmt"/>
        <line num="75" count="0" type="stmt"/>
        <line num="77" count="0" type="stmt"/>
        <line num="79" count="0" type="stmt"/>
        <line num="81" count="0" type="stmt"/>
        <line num="83" count="1" type="stmt"/>
        <line num="87" count="1" type="stmt"/>
        <line num="723" count="1" type="stmt"/>
        <line num="758" count="1" type="stmt"/>
        <line num="795" count="1" type="stmt"/>
        <line num="807" count="1" type="stmt"/>
      </file>
      <file name="users.ts" path="D:\Xpress\XPRESS_V2\XPRESS_V2\src\data\users.ts">
        <metrics statements="1" coveredstatements="0" conditionals="0" coveredconditionals="0" methods="0" coveredmethods="0"/>
        <line num="16" count="0" type="stmt"/>
      </file>
    </package>
  </project>
</coverage>
