{"C:\\Users\\george.jose\\Downloads\\Going\\XPRESS_V2\\src\\pages\\admin\\ReportComponents\\Reports.tsx": {"path":"C:\\Users\\george.jose\\Downloads\\Going\\XPRESS_V2\\src\\pages\\admin\\ReportComponents\\Reports.tsx","statementMap":{"0":{"start":{"line":2,"column":0},"end":{"line":2,"column":64}},"1":{"start":{"line":3,"column":0},"end":{"line":3,"column":93}},"2":{"start":{"line":4,"column":0},"end":{"line":4,"column":34}},"3":{"start":{"line":5,"column":0},"end":{"line":5,"column":66}},"4":{"start":{"line":6,"column":0},"end":{"line":6,"column":58}},"5":{"start":{"line":7,"column":0},"end":{"line":7,"column":48}},"6":{"start":{"line":8,"column":0},"end":{"line":8,"column":28}},"7":{"start":{"line":88,"column":27},"end":{"line":90,"column":1}},"8":{"start":{"line":89,"column":2},"end":{"line":89,"column":42}},"9":{"start":{"line":92,"column":26},"end":{"line":377,"column":1}},"10":{"start":{"line":93,"column":28},"end":{"line":93,"column":50}},"11":{"start":{"line":93,"column":40},"end":{"line":93,"column":50}},"12":{"start":{"line":94,"column":30},"end":{"line":98,"column":3}},"13":{"start":{"line":95,"column":17},"end":{"line":95,"column":27}},"14":{"start":{"line":96,"column":4},"end":{"line":96,"column":39}},"15":{"start":{"line":97,"column":4},"end":{"line":97,"column":16}},"16":{"start":{"line":100,"column":50},"end":{"line":100,"column":109}},"17":{"start":{"line":101,"column":46},"end":{"line":101,"column":103}},"18":{"start":{"line":103,"column":36},"end":{"line":103,"column":95}},"19":{"start":{"line":104,"column":32},"end":{"line":104,"column":89}},"20":{"start":{"line":106,"column":38},"end":{"line":106,"column":79}},"21":{"start":{"line":107,"column":40},"end":{"line":107,"column":82}},"22":{"start":{"line":108,"column":34},"end":{"line":108,"column":72}},"23":{"start":{"line":110,"column":42},"end":{"line":110,"column":87}},"24":{"start":{"line":111,"column":34},"end":{"line":111,"column":75}},"25":{"start":{"line":112,"column":54},"end":{"line":112,"column":99}},"26":{"start":{"line":114,"column":32},"end":{"line":114,"column":55}},"27":{"start":{"line":115,"column":28},"end":{"line":115,"column":57}},"28":{"start":{"line":116,"column":36},"end":{"line":116,"column":68}},"29":{"start":{"line":119,"column":29},"end":{"line":178,"column":40}},"30":{"start":{"line":120,"column":4},"end":{"line":120,"column":21}},"31":{"start":{"line":121,"column":4},"end":{"line":121,"column":19}},"32":{"start":{"line":122,"column":29},"end":{"line":122,"column":66}},"33":{"start":{"line":123,"column":29},"end":{"line":123,"column":72}},"34":{"start":{"line":124,"column":34},"end":{"line":124,"column":76}},"35":{"start":{"line":125,"column":19},"end":{"line":125,"column":77}},"36":{"start":{"line":127,"column":22},"end":{"line":134,"column":6}},"37":{"start":{"line":136,"column":4},"end":{"line":177,"column":5}},"38":{"start":{"line":137,"column":24},"end":{"line":137,"column":90}},"39":{"start":{"line":137,"column":78},"end":{"line":137,"column":88}},"40":{"start":{"line":139,"column":6},"end":{"line":143,"column":7}},"41":{"start":{"line":140,"column":8},"end":{"line":142,"column":9}},"42":{"start":{"line":141,"column":10},"end":{"line":141,"column":87}},"43":{"start":{"line":145,"column":94},"end":{"line":145,"column":145}},"44":{"start":{"line":145,"column":133},"end":{"line":145,"column":143}},"45":{"start":{"line":147,"column":25},"end":{"line":147,"column":134}},"46":{"start":{"line":147,"column":119},"end":{"line":147,"column":133}},"47":{"start":{"line":149,"column":6},"end":{"line":166,"column":7}},"48":{"start":{"line":150,"column":8},"end":{"line":150,"column":41}},"49":{"start":{"line":151,"column":8},"end":{"line":151,"column":43}},"50":{"start":{"line":152,"column":8},"end":{"line":152,"column":37}},"51":{"start":{"line":153,"column":8},"end":{"line":153,"column":45}},"52":{"start":{"line":154,"column":8},"end":{"line":154,"column":37}},"53":{"start":{"line":155,"column":8},"end":{"line":155,"column":57}},"54":{"start":{"line":157,"column":30},"end":{"line":164,"column":35}},"55":{"start":{"line":165,"column":8},"end":{"line":165,"column":75}},"56":{"start":{"line":168,"column":6},"end":{"line":168,"column":28}},"57":{"start":{"line":169,"column":6},"end":{"line":169,"column":26}},"58":{"start":{"line":170,"column":6},"end":{"line":170,"column":27}},"59":{"start":{"line":171,"column":6},"end":{"line":171,"column":24}},"60":{"start":{"line":172,"column":6},"end":{"line":172,"column":28}},"61":{"start":{"line":173,"column":6},"end":{"line":173,"column":24}},"62":{"start":{"line":174,"column":6},"end":{"line":174,"column":34}},"63":{"start":{"line":176,"column":6},"end":{"line":176,"column":24}},"64":{"start":{"line":181,"column":2},"end":{"line":183,"column":27}},"65":{"start":{"line":182,"column":4},"end":{"line":182,"column":25}},"66":{"start":{"line":186,"column":31},"end":{"line":189,"column":3}},"67":{"start":{"line":187,"column":4},"end":{"line":187,"column":35}},"68":{"start":{"line":188,"column":4},"end":{"line":188,"column":31}},"69":{"start":{"line":191,"column":20},"end":{"line":192,"column":42}},"70":{"start":{"line":192,"column":4},"end":{"line":192,"column":42}},"71":{"start":{"line":194,"column":21},"end":{"line":194,"column":45}},"72":{"start":{"line":194,"column":27},"end":{"line":194,"column":45}},"73":{"start":{"line":196,"column":25},"end":{"line":196,"column":72}},"74":{"start":{"line":197,"column":22},"end":{"line":197,"column":87}},"75":{"start":{"line":198,"column":22},"end":{"line":198,"column":97}},"76":{"start":{"line":200,"column":26},"end":{"line":200,"column":91}},"77":{"start":{"line":201,"column":22},"end":{"line":201,"column":87}},"78":{"start":{"line":203,"column":27},"end":{"line":203,"column":106}},"79":{"start":{"line":203,"column":94},"end":{"line":203,"column":104}},"80":{"start":{"line":205,"column":2},"end":{"line":205,"column":95}},"81":{"start":{"line":205,"column":15},"end":{"line":205,"column":95}},"82":{"start":{"line":206,"column":2},"end":{"line":206,"column":88}},"83":{"start":{"line":206,"column":13},"end":{"line":206,"column":88}},"84":{"start":{"line":208,"column":2},"end":{"line":376,"column":4}},"85":{"start":{"line":234,"column":33},"end":{"line":234,"column":112}},"86":{"start":{"line":243,"column":33},"end":{"line":243,"column":106}},"87":{"start":{"line":252,"column":33},"end":{"line":252,"column":101}},"88":{"start":{"line":279,"column":27},"end":{"line":279,"column":117}},"89":{"start":{"line":308,"column":27},"end":{"line":308,"column":101}},"90":{"start":{"line":343,"column":116},"end":{"line":343,"column":128}},"91":{"start":{"line":346,"column":20},"end":{"line":346,"column":36}},"92":{"start":{"line":348,"column":36},"end":{"line":348,"column":76}},"93":{"start":{"line":350,"column":45},"end":{"line":363,"column":25}},"94":{"start":{"line":351,"column":26},"end":{"line":351,"column":75}},"95":{"start":{"line":351,"column":60},"end":{"line":351,"column":75}},"96":{"start":{"line":352,"column":26},"end":{"line":352,"column":160}},"97":{"start":{"line":352,"column":78},"end":{"line":352,"column":160}},"98":{"start":{"line":353,"column":26},"end":{"line":353,"column":124}},"99":{"start":{"line":353,"column":48},"end":{"line":353,"column":124}},"100":{"start":{"line":354,"column":26},"end":{"line":354,"column":99}},"101":{"start":{"line":354,"column":76},"end":{"line":354,"column":99}},"102":{"start":{"line":355,"column":26},"end":{"line":355,"column":160}},"103":{"start":{"line":355,"column":82},"end":{"line":355,"column":160}},"104":{"start":{"line":356,"column":26},"end":{"line":356,"column":90}},"105":{"start":{"line":356,"column":70},"end":{"line":356,"column":90}},"106":{"start":{"line":357,"column":26},"end":{"line":357,"column":105}},"107":{"start":{"line":357,"column":80},"end":{"line":357,"column":105}},"108":{"start":{"line":358,"column":26},"end":{"line":358,"column":179}},"109":{"start":{"line":358,"column":54},"end":{"line":358,"column":179}},"110":{"start":{"line":359,"column":26},"end":{"line":359,"column":134}},"111":{"start":{"line":359,"column":47},"end":{"line":359,"column":134}},"112":{"start":{"line":360,"column":26},"end":{"line":360,"column":175}},"113":{"start":{"line":360,"column":52},"end":{"line":360,"column":175}},"114":{"start":{"line":361,"column":26},"end":{"line":361,"column":156}},"115":{"start":{"line":361,"column":76},"end":{"line":361,"column":156}},"116":{"start":{"line":362,"column":26},"end":{"line":362,"column":39}},"117":{"start":{"line":365,"column":24},"end":{"line":365,"column":126}},"118":{"start":{"line":379,"column":0},"end":{"line":379,"column":23}}},"fnMap":{"0":{"name":"(anonymous_7)","decl":{"start":{"line":88,"column":27},"end":{"line":88,"column":28}},"loc":{"start":{"line":88,"column":50},"end":{"line":90,"column":1}}},"1":{"name":"(anonymous_8)","decl":{"start":{"line":92,"column":26},"end":{"line":92,"column":29}},"loc":{"start":{"line":92,"column":31},"end":{"line":377,"column":1}}},"2":{"name":"(anonymous_9)","decl":{"start":{"line":93,"column":28},"end":{"line":93,"column":37}},"loc":{"start":{"line":93,"column":40},"end":{"line":93,"column":50}}},"3":{"name":"(anonymous_10)","decl":{"start":{"line":94,"column":30},"end":{"line":94,"column":39}},"loc":{"start":{"line":94,"column":41},"end":{"line":98,"column":3}}},"4":{"name":"(anonymous_11)","decl":{"start":{"line":119,"column":41},"end":{"line":119,"column":46}},"loc":{"start":{"line":119,"column":52},"end":{"line":178,"column":3}}},"5":{"name":"(anonymous_12)","decl":{"start":{"line":137,"column":71},"end":{"line":137,"column":74}},"loc":{"start":{"line":137,"column":78},"end":{"line":137,"column":88}}},"6":{"name":"(anonymous_13)","decl":{"start":{"line":145,"column":126},"end":{"line":145,"column":129}},"loc":{"start":{"line":145,"column":133},"end":{"line":145,"column":143}}},"7":{"name":"(anonymous_14)","decl":{"start":{"line":147,"column":111},"end":{"line":147,"column":115}},"loc":{"start":{"line":147,"column":119},"end":{"line":147,"column":133}}},"8":{"name":"(anonymous_15)","decl":{"start":{"line":181,"column":12},"end":{"line":181,"column":15}},"loc":{"start":{"line":181,"column":17},"end":{"line":183,"column":3}}},"9":{"name":"(anonymous_16)","decl":{"start":{"line":186,"column":31},"end":{"line":186,"column":34}},"loc":{"start":{"line":186,"column":36},"end":{"line":189,"column":3}}},"10":{"name":"(anonymous_17)","decl":{"start":{"line":191,"column":20},"end":{"line":191,"column":21}},"loc":{"start":{"line":192,"column":4},"end":{"line":192,"column":42}}},"11":{"name":"(anonymous_18)","decl":{"start":{"line":194,"column":21},"end":{"line":194,"column":24}},"loc":{"start":{"line":194,"column":27},"end":{"line":194,"column":45}}},"12":{"name":"(anonymous_19)","decl":{"start":{"line":203,"column":27},"end":{"line":203,"column":28}},"loc":{"start":{"line":203,"column":91},"end":{"line":203,"column":106}}},"13":{"name":"(anonymous_20)","decl":{"start":{"line":234,"column":27},"end":{"line":234,"column":30}},"loc":{"start":{"line":234,"column":33},"end":{"line":234,"column":112}}},"14":{"name":"(anonymous_21)","decl":{"start":{"line":243,"column":27},"end":{"line":243,"column":30}},"loc":{"start":{"line":243,"column":33},"end":{"line":243,"column":106}}},"15":{"name":"(anonymous_22)","decl":{"start":{"line":252,"column":27},"end":{"line":252,"column":30}},"loc":{"start":{"line":252,"column":33},"end":{"line":252,"column":101}}},"16":{"name":"(anonymous_23)","decl":{"start":{"line":279,"column":21},"end":{"line":279,"column":24}},"loc":{"start":{"line":279,"column":27},"end":{"line":279,"column":117}}},"17":{"name":"(anonymous_24)","decl":{"start":{"line":308,"column":21},"end":{"line":308,"column":24}},"loc":{"start":{"line":308,"column":27},"end":{"line":308,"column":101}}},"18":{"name":"(anonymous_25)","decl":{"start":{"line":343,"column":105},"end":{"line":343,"column":106}},"loc":{"start":{"line":343,"column":116},"end":{"line":343,"column":128}}},"19":{"name":"(anonymous_26)","decl":{"start":{"line":345,"column":38},"end":{"line":345,"column":39}},"loc":{"start":{"line":346,"column":20},"end":{"line":346,"column":36}}},"20":{"name":"(anonymous_27)","decl":{"start":{"line":347,"column":45},"end":{"line":347,"column":51}},"loc":{"start":{"line":347,"column":54},"end":{"line":366,"column":23}}},"21":{"name":"(anonymous_28)","decl":{"start":{"line":350,"column":45},"end":{"line":350,"column":48}},"loc":{"start":{"line":350,"column":50},"end":{"line":363,"column":25}}}},"branchMap":{"0":{"loc":{"start":{"line":140,"column":8},"end":{"line":142,"column":9}},"type":"if","locations":[{"start":{"line":140,"column":8},"end":{"line":142,"column":9}}]},"1":{"loc":{"start":{"line":149,"column":6},"end":{"line":166,"column":7}},"type":"if","locations":[{"start":{"line":149,"column":6},"end":{"line":166,"column":7}},{"start":{"line":156,"column":13},"end":{"line":166,"column":7}}]},"2":{"loc":{"start":{"line":158,"column":14},"end":{"line":158,"column":44}},"type":"binary-expr","locations":[{"start":{"line":158,"column":14},"end":{"line":158,"column":38}},{"start":{"line":158,"column":42},"end":{"line":158,"column":44}}]},"3":{"loc":{"start":{"line":159,"column":14},"end":{"line":159,"column":45}},"type":"binary-expr","locations":[{"start":{"line":159,"column":14},"end":{"line":159,"column":39}},{"start":{"line":159,"column":43},"end":{"line":159,"column":45}}]},"4":{"loc":{"start":{"line":160,"column":14},"end":{"line":160,"column":42}},"type":"binary-expr","locations":[{"start":{"line":160,"column":14},"end":{"line":160,"column":36}},{"start":{"line":160,"column":40},"end":{"line":160,"column":42}}]},"5":{"loc":{"start":{"line":161,"column":14},"end":{"line":161,"column":46}},"type":"binary-expr","locations":[{"start":{"line":161,"column":14},"end":{"line":161,"column":40}},{"start":{"line":161,"column":44},"end":{"line":161,"column":46}}]},"6":{"loc":{"start":{"line":162,"column":14},"end":{"line":162,"column":42}},"type":"binary-expr","locations":[{"start":{"line":162,"column":14},"end":{"line":162,"column":36}},{"start":{"line":162,"column":40},"end":{"line":162,"column":42}}]},"7":{"loc":{"start":{"line":163,"column":14},"end":{"line":163,"column":52}},"type":"binary-expr","locations":[{"start":{"line":163,"column":14},"end":{"line":163,"column":46}},{"start":{"line":163,"column":50},"end":{"line":163,"column":52}}]},"8":{"loc":{"start":{"line":165,"column":24},"end":{"line":165,"column":73}},"type":"binary-expr","locations":[{"start":{"line":165,"column":24},"end":{"line":165,"column":37}},{"start":{"line":165,"column":41},"end":{"line":165,"column":73}}]},"9":{"loc":{"start":{"line":205,"column":2},"end":{"line":205,"column":95}},"type":"if","locations":[{"start":{"line":205,"column":2},"end":{"line":205,"column":95}}]},"10":{"loc":{"start":{"line":206,"column":2},"end":{"line":206,"column":88}},"type":"if","locations":[{"start":{"line":206,"column":2},"end":{"line":206,"column":88}}]},"11":{"loc":{"start":{"line":228,"column":50},"end":{"line":228,"column":84}},"type":"binary-expr","locations":[{"start":{"line":228,"column":50},"end":{"line":228,"column":79}},{"start":{"line":228,"column":83},"end":{"line":228,"column":84}}]},"12":{"loc":{"start":{"line":230,"column":124},"end":{"line":230,"column":162}},"type":"binary-expr","locations":[{"start":{"line":230,"column":124},"end":{"line":230,"column":157}},{"start":{"line":230,"column":161},"end":{"line":230,"column":162}}]},"13":{"loc":{"start":{"line":231,"column":123},"end":{"line":231,"column":153}},"type":"binary-expr","locations":[{"start":{"line":231,"column":123},"end":{"line":231,"column":148}},{"start":{"line":231,"column":152},"end":{"line":231,"column":153}}]},"14":{"loc":{"start":{"line":234,"column":69},"end":{"line":234,"column":95}},"type":"binary-expr","locations":[{"start":{"line":234,"column":69},"end":{"line":234,"column":89}},{"start":{"line":234,"column":93},"end":{"line":234,"column":95}}]},"15":{"loc":{"start":{"line":237,"column":51},"end":{"line":237,"column":81}},"type":"binary-expr","locations":[{"start":{"line":237,"column":51},"end":{"line":237,"column":76}},{"start":{"line":237,"column":80},"end":{"line":237,"column":81}}]},"16":{"loc":{"start":{"line":239,"column":127},"end":{"line":239,"column":160}},"type":"binary-expr","locations":[{"start":{"line":239,"column":127},"end":{"line":239,"column":155}},{"start":{"line":239,"column":159},"end":{"line":239,"column":160}}]},"17":{"loc":{"start":{"line":240,"column":134},"end":{"line":240,"column":172}},"type":"binary-expr","locations":[{"start":{"line":240,"column":134},"end":{"line":240,"column":167}},{"start":{"line":240,"column":171},"end":{"line":240,"column":172}}]},"18":{"loc":{"start":{"line":243,"column":65},"end":{"line":243,"column":92}},"type":"binary-expr","locations":[{"start":{"line":243,"column":65},"end":{"line":243,"column":86}},{"start":{"line":243,"column":90},"end":{"line":243,"column":92}}]},"19":{"loc":{"start":{"line":246,"column":47},"end":{"line":246,"column":76}},"type":"binary-expr","locations":[{"start":{"line":246,"column":47},"end":{"line":246,"column":71}},{"start":{"line":246,"column":75},"end":{"line":246,"column":76}}]},"20":{"loc":{"start":{"line":248,"column":126},"end":{"line":248,"column":158}},"type":"binary-expr","locations":[{"start":{"line":248,"column":126},"end":{"line":248,"column":153}},{"start":{"line":248,"column":157},"end":{"line":248,"column":158}}]},"21":{"loc":{"start":{"line":249,"column":131},"end":{"line":249,"column":168}},"type":"binary-expr","locations":[{"start":{"line":249,"column":131},"end":{"line":249,"column":163}},{"start":{"line":249,"column":167},"end":{"line":249,"column":168}}]},"22":{"loc":{"start":{"line":252,"column":66},"end":{"line":252,"column":87}},"type":"binary-expr","locations":[{"start":{"line":252,"column":66},"end":{"line":252,"column":81}},{"start":{"line":252,"column":85},"end":{"line":252,"column":87}}]},"23":{"loc":{"start":{"line":261,"column":19},"end":{"line":261,"column":50}},"type":"binary-expr","locations":[{"start":{"line":261,"column":19},"end":{"line":261,"column":45}},{"start":{"line":261,"column":49},"end":{"line":261,"column":50}}]},"24":{"loc":{"start":{"line":270,"column":62},"end":{"line":270,"column":101}},"type":"binary-expr","locations":[{"start":{"line":270,"column":62},"end":{"line":270,"column":96}},{"start":{"line":270,"column":100},"end":{"line":270,"column":101}}]},"25":{"loc":{"start":{"line":274,"column":62},"end":{"line":274,"column":101}},"type":"binary-expr","locations":[{"start":{"line":274,"column":62},"end":{"line":274,"column":96}},{"start":{"line":274,"column":100},"end":{"line":274,"column":101}}]},"26":{"loc":{"start":{"line":279,"column":64},"end":{"line":279,"column":99}},"type":"binary-expr","locations":[{"start":{"line":279,"column":64},"end":{"line":279,"column":93}},{"start":{"line":279,"column":97},"end":{"line":279,"column":99}}]},"27":{"loc":{"start":{"line":290,"column":19},"end":{"line":290,"column":46}},"type":"binary-expr","locations":[{"start":{"line":290,"column":19},"end":{"line":290,"column":41}},{"start":{"line":290,"column":45},"end":{"line":290,"column":46}}]},"28":{"loc":{"start":{"line":299,"column":60},"end":{"line":299,"column":95}},"type":"binary-expr","locations":[{"start":{"line":299,"column":60},"end":{"line":299,"column":90}},{"start":{"line":299,"column":94},"end":{"line":299,"column":95}}]},"29":{"loc":{"start":{"line":303,"column":60},"end":{"line":303,"column":95}},"type":"binary-expr","locations":[{"start":{"line":303,"column":60},"end":{"line":303,"column":90}},{"start":{"line":303,"column":94},"end":{"line":303,"column":95}}]},"30":{"loc":{"start":{"line":308,"column":60},"end":{"line":308,"column":87}},"type":"binary-expr","locations":[{"start":{"line":308,"column":60},"end":{"line":308,"column":81}},{"start":{"line":308,"column":85},"end":{"line":308,"column":87}}]},"31":{"loc":{"start":{"line":318,"column":17},"end":{"line":318,"column":60}},"type":"binary-expr","locations":[{"start":{"line":318,"column":17},"end":{"line":318,"column":51}},{"start":{"line":318,"column":55},"end":{"line":318,"column":60}}]},"32":{"loc":{"start":{"line":331,"column":7},"end":{"line":373,"column":null}},"type":"binary-expr","locations":[{"start":{"line":331,"column":7},"end":{"line":331,"column":16}},{"start":{"line":332,"column":8},"end":{"line":372,"column":null}}]},"33":{"loc":{"start":{"line":340,"column":11},"end":{"line":372,"column":103}},"type":"cond-expr","locations":[{"start":{"line":341,"column":12},"end":{"line":370,"column":null}},{"start":{"line":372,"column":15},"end":{"line":372,"column":102}}]},"34":{"loc":{"start":{"line":351,"column":26},"end":{"line":351,"column":75}},"type":"if","locations":[{"start":{"line":351,"column":26},"end":{"line":351,"column":75}}]},"35":{"loc":{"start":{"line":351,"column":30},"end":{"line":351,"column":58}},"type":"binary-expr","locations":[{"start":{"line":351,"column":30},"end":{"line":351,"column":42}},{"start":{"line":351,"column":46},"end":{"line":351,"column":58}}]},"36":{"loc":{"start":{"line":352,"column":26},"end":{"line":352,"column":160}},"type":"if","locations":[{"start":{"line":352,"column":26},"end":{"line":352,"column":160}}]},"37":{"loc":{"start":{"line":352,"column":30},"end":{"line":352,"column":76}},"type":"binary-expr","locations":[{"start":{"line":352,"column":30},"end":{"line":352,"column":51}},{"start":{"line":352,"column":55},"end":{"line":352,"column":76}}]},"38":{"loc":{"start":{"line":352,"column":85},"end":{"line":352,"column":159}},"type":"cond-expr","locations":[{"start":{"line":352,"column":104},"end":{"line":352,"column":151}},{"start":{"line":352,"column":154},"end":{"line":352,"column":159}}]},"39":{"loc":{"start":{"line":353,"column":26},"end":{"line":353,"column":124}},"type":"if","locations":[{"start":{"line":353,"column":26},"end":{"line":353,"column":124}}]},"40":{"loc":{"start":{"line":353,"column":56},"end":{"line":353,"column":123}},"type":"binary-expr","locations":[{"start":{"line":353,"column":56},"end":{"line":353,"column":85}},{"start":{"line":353,"column":90},"end":{"line":353,"column":123}}]},"41":{"loc":{"start":{"line":354,"column":26},"end":{"line":354,"column":99}},"type":"if","locations":[{"start":{"line":354,"column":26},"end":{"line":354,"column":99}}]},"42":{"loc":{"start":{"line":354,"column":30},"end":{"line":354,"column":74}},"type":"binary-expr","locations":[{"start":{"line":354,"column":30},"end":{"line":354,"column":50}},{"start":{"line":354,"column":54},"end":{"line":354,"column":74}}]},"43":{"loc":{"start":{"line":355,"column":26},"end":{"line":355,"column":160}},"type":"if","locations":[{"start":{"line":355,"column":26},"end":{"line":355,"column":160}}]},"44":{"loc":{"start":{"line":355,"column":30},"end":{"line":355,"column":80}},"type":"binary-expr","locations":[{"start":{"line":355,"column":30},"end":{"line":355,"column":53}},{"start":{"line":355,"column":57},"end":{"line":355,"column":80}}]},"45":{"loc":{"start":{"line":355,"column":89},"end":{"line":355,"column":159}},"type":"cond-expr","locations":[{"start":{"line":355,"column":110},"end":{"line":355,"column":151}},{"start":{"line":355,"column":154},"end":{"line":355,"column":159}}]},"46":{"loc":{"start":{"line":356,"column":26},"end":{"line":356,"column":90}},"type":"if","locations":[{"start":{"line":356,"column":26},"end":{"line":356,"column":90}}]},"47":{"loc":{"start":{"line":356,"column":30},"end":{"line":356,"column":68}},"type":"binary-expr","locations":[{"start":{"line":356,"column":30},"end":{"line":356,"column":47}},{"start":{"line":356,"column":51},"end":{"line":356,"column":68}}]},"48":{"loc":{"start":{"line":357,"column":26},"end":{"line":357,"column":105}},"type":"if","locations":[{"start":{"line":357,"column":26},"end":{"line":357,"column":105}}]},"49":{"loc":{"start":{"line":357,"column":30},"end":{"line":357,"column":78}},"type":"binary-expr","locations":[{"start":{"line":357,"column":30},"end":{"line":357,"column":52}},{"start":{"line":357,"column":56},"end":{"line":357,"column":78}}]},"50":{"loc":{"start":{"line":358,"column":26},"end":{"line":358,"column":179}},"type":"if","locations":[{"start":{"line":358,"column":26},"end":{"line":358,"column":179}}]},"51":{"loc":{"start":{"line":358,"column":62},"end":{"line":358,"column":178}},"type":"binary-expr","locations":[{"start":{"line":358,"column":62},"end":{"line":358,"column":97}},{"start":{"line":358,"column":102},"end":{"line":358,"column":137}},{"start":{"line":358,"column":142},"end":{"line":358,"column":178}}]},"52":{"loc":{"start":{"line":359,"column":26},"end":{"line":359,"column":134}},"type":"if","locations":[{"start":{"line":359,"column":26},"end":{"line":359,"column":134}}]},"53":{"loc":{"start":{"line":359,"column":55},"end":{"line":359,"column":133}},"type":"binary-expr","locations":[{"start":{"line":359,"column":55},"end":{"line":359,"column":91}},{"start":{"line":359,"column":96},"end":{"line":359,"column":133}}]},"54":{"loc":{"start":{"line":360,"column":26},"end":{"line":360,"column":175}},"type":"if","locations":[{"start":{"line":360,"column":26},"end":{"line":360,"column":175}}]},"55":{"loc":{"start":{"line":360,"column":60},"end":{"line":360,"column":174}},"type":"binary-expr","locations":[{"start":{"line":360,"column":60},"end":{"line":360,"column":93}},{"start":{"line":360,"column":98},"end":{"line":360,"column":135}},{"start":{"line":360,"column":140},"end":{"line":360,"column":174}}]},"56":{"loc":{"start":{"line":361,"column":26},"end":{"line":361,"column":156}},"type":"if","locations":[{"start":{"line":361,"column":26},"end":{"line":361,"column":156}}]},"57":{"loc":{"start":{"line":361,"column":30},"end":{"line":361,"column":74}},"type":"binary-expr","locations":[{"start":{"line":361,"column":30},"end":{"line":361,"column":50}},{"start":{"line":361,"column":54},"end":{"line":361,"column":74}}]},"58":{"loc":{"start":{"line":361,"column":83},"end":{"line":361,"column":155}},"type":"cond-expr","locations":[{"start":{"line":361,"column":101},"end":{"line":361,"column":147}},{"start":{"line":361,"column":150},"end":{"line":361,"column":155}}]}},"s":{"0":1,"1":1,"2":1,"3":1,"4":1,"5":1,"6":1,"7":1,"8":44,"9":1,"10":11,"11":22,"12":11,"13":22,"14":22,"15":22,"16":11,"17":11,"18":11,"19":11,"20":11,"21":11,"22":11,"23":11,"24":11,"25":11,"26":11,"27":11,"28":11,"29":11,"30":5,"31":5,"32":5,"33":5,"34":5,"35":5,"36":5,"37":5,"38":5,"39":30,"40":3,"41":18,"42":0,"43":3,"44":18,"45":3,"46":18,"47":3,"48":3,"49":3,"50":3,"51":3,"52":3,"53":3,"54":0,"55":0,"56":1,"57":1,"58":1,"59":1,"60":1,"61":1,"62":1,"63":4,"64":11,"65":5,"66":11,"67":0,"68":0,"69":11,"70":0,"71":11,"72":0,"73":11,"74":11,"75":11,"76":11,"77":11,"78":11,"79":0,"80":11,"81":5,"82":6,"83":1,"84":5,"85":0,"86":0,"87":0,"88":0,"89":0,"90":0,"91":0,"92":0,"93":0,"94":0,"95":0,"96":0,"97":0,"98":0,"99":0,"100":0,"101":0,"102":0,"103":0,"104":0,"105":0,"106":0,"107":0,"108":0,"109":0,"110":0,"111":0,"112":0,"113":0,"114":0,"115":0,"116":0,"117":0,"118":1},"f":{"0":44,"1":11,"2":22,"3":22,"4":5,"5":30,"6":18,"7":18,"8":5,"9":0,"10":0,"11":0,"12":0,"13":0,"14":0,"15":0,"16":0,"17":0,"18":0,"19":0,"20":0,"21":0},"b":{"0":[0],"1":[3,0],"2":[0,0],"3":[0,0],"4":[0,0],"5":[0,0],"6":[0,0],"7":[0,0],"8":[0,0],"9":[5],"10":[1],"11":[5,3],"12":[5,3],"13":[5,3],"14":[0,0],"15":[5,3],"16":[5,3],"17":[5,3],"18":[0,0],"19":[5,3],"20":[5,3],"21":[5,3],"22":[0,0],"23":[5,3],"24":[5,3],"25":[5,3],"26":[0,0],"27":[5,3],"28":[5,3],"29":[5,3],"30":[0,0],"31":[5,5],"32":[5,0],"33":[0,0],"34":[0],"35":[0,0],"36":[0],"37":[0,0],"38":[0,0],"39":[0],"40":[0,0],"41":[0],"42":[0,0],"43":[0],"44":[0,0],"45":[0,0],"46":[0],"47":[0,0],"48":[0],"49":[0,0],"50":[0],"51":[0,0,0],"52":[0],"53":[0,0],"54":[0],"55":[0,0,0],"56":[0],"57":[0,0],"58":[0,0]}}
}
