{"D:\\Xpress\\XPRESS_V3\\XPRESS_V2\\src\\components\\Create Request\\AdditionalServicesSection.tsx": {"path":"D:\\Xpress\\XPRESS_V3\\XPRESS_V2\\src\\components\\Create Request\\AdditionalServicesSection.tsx","statementMap":{"0":{"start":{"line":1,"column":0},"end":{"line":1,"column":26}},"1":{"start":{"line":2,"column":0},"end":{"line":2,"column":53}},"2":{"start":{"line":3,"column":0},"end":{"line":3,"column":58}},"3":{"start":{"line":4,"column":0},"end":{"line":4,"column":46}},"4":{"start":{"line":6,"column":44},"end":{"line":311,"column":1}},"5":{"start":{"line":7,"column":30},"end":{"line":7,"column":48}},"6":{"start":{"line":18,"column":6},"end":{"line":18,"column":11}},"7":{"start":{"line":20,"column":33},"end":{"line":43,"column":3}},"8":{"start":{"line":21,"column":18},"end":{"line":21,"column":59}},"9":{"start":{"line":21,"column":47},"end":{"line":21,"column":58}},"10":{"start":{"line":23,"column":15},"end":{"line":23,"column":17}},"11":{"start":{"line":24,"column":16},"end":{"line":24,"column":18}},"12":{"start":{"line":25,"column":18},"end":{"line":25,"column":20}},"13":{"start":{"line":27,"column":4},"end":{"line":40,"column":5}},"14":{"start":{"line":28,"column":6},"end":{"line":28,"column":22}},"15":{"start":{"line":29,"column":11},"end":{"line":40,"column":5}},"16":{"start":{"line":30,"column":6},"end":{"line":30,"column":22}},"17":{"start":{"line":31,"column":6},"end":{"line":31,"column":25}},"18":{"start":{"line":32,"column":11},"end":{"line":40,"column":5}},"19":{"start":{"line":33,"column":6},"end":{"line":33,"column":22}},"20":{"start":{"line":34,"column":6},"end":{"line":34,"column":23}},"21":{"start":{"line":35,"column":6},"end":{"line":35,"column":25}},"22":{"start":{"line":36,"column":11},"end":{"line":40,"column":5}},"23":{"start":{"line":37,"column":6},"end":{"line":37,"column":22}},"24":{"start":{"line":38,"column":6},"end":{"line":38,"column":38}},"25":{"start":{"line":39,"column":6},"end":{"line":39,"column":40}},"26":{"start":{"line":42,"column":4},"end":{"line":42,"column":36}},"27":{"start":{"line":45,"column":37},"end":{"line":72,"column":3}},"28":{"start":{"line":48,"column":4},"end":{"line":69,"column":5}},"29":{"start":{"line":49,"column":21},"end":{"line":49,"column":59}},"30":{"start":{"line":50,"column":6},"end":{"line":56,"column":8}},"31":{"start":{"line":58,"column":6},"end":{"line":68,"column":8}},"32":{"start":{"line":71,"column":4},"end":{"line":71,"column":81}},"33":{"start":{"line":74,"column":38},"end":{"line":101,"column":3}},"34":{"start":{"line":77,"column":4},"end":{"line":98,"column":5}},"35":{"start":{"line":78,"column":21},"end":{"line":78,"column":59}},"36":{"start":{"line":79,"column":6},"end":{"line":85,"column":8}},"37":{"start":{"line":87,"column":6},"end":{"line":97,"column":8}},"38":{"start":{"line":100,"column":4},"end":{"line":100,"column":83}},"39":{"start":{"line":103,"column":2},"end":{"line":108,"column":57}},"40":{"start":{"line":104,"column":4},"end":{"line":107,"column":5}},"41":{"start":{"line":105,"column":35},"end":{"line":105,"column":121}},"42":{"start":{"line":106,"column":6},"end":{"line":106,"column":79}},"43":{"start":{"line":110,"column":2},"end":{"line":310,"column":4}},"44":{"start":{"line":125,"column":14},"end":{"line":125,"column":89}},"45":{"start":{"line":140,"column":14},"end":{"line":140,"column":82}},"46":{"start":{"line":182,"column":14},"end":{"line":182,"column":83}},"47":{"start":{"line":223,"column":14},"end":{"line":223,"column":91}},"48":{"start":{"line":247,"column":22},"end":{"line":247,"column":109}},"49":{"start":{"line":263,"column":22},"end":{"line":263,"column":109}},"50":{"start":{"line":289,"column":22},"end":{"line":289,"column":96}},"51":{"start":{"line":313,"column":0},"end":{"line":313,"column":41}}},"fnMap":{"0":{"name":"(anonymous_1)","decl":{"start":{"line":6,"column":44},"end":{"line":6,"column":47}},"loc":{"start":{"line":6,"column":49},"end":{"line":311,"column":1}}},"1":{"name":"(anonymous_2)","decl":{"start":{"line":20,"column":33},"end":{"line":20,"column":34}},"loc":{"start":{"line":20,"column":51},"end":{"line":43,"column":3}}},"2":{"name":"(anonymous_3)","decl":{"start":{"line":21,"column":39},"end":{"line":21,"column":43}},"loc":{"start":{"line":21,"column":47},"end":{"line":21,"column":58}}},"3":{"name":"(anonymous_4)","decl":{"start":{"line":45,"column":37},"end":{"line":45,"column":38}},"loc":{"start":{"line":45,"column":55},"end":{"line":72,"column":3}}},"4":{"name":"(anonymous_5)","decl":{"start":{"line":74,"column":38},"end":{"line":74,"column":39}},"loc":{"start":{"line":74,"column":56},"end":{"line":101,"column":3}}},"5":{"name":"(anonymous_6)","decl":{"start":{"line":103,"column":18},"end":{"line":103,"column":21}},"loc":{"start":{"line":103,"column":23},"end":{"line":108,"column":3}}},"6":{"name":"(anonymous_7)","decl":{"start":{"line":124,"column":22},"end":{"line":124,"column":23}},"loc":{"start":{"line":125,"column":14},"end":{"line":125,"column":89}}},"7":{"name":"(anonymous_8)","decl":{"start":{"line":139,"column":22},"end":{"line":139,"column":23}},"loc":{"start":{"line":140,"column":14},"end":{"line":140,"column":82}}},"8":{"name":"(anonymous_9)","decl":{"start":{"line":181,"column":22},"end":{"line":181,"column":23}},"loc":{"start":{"line":182,"column":14},"end":{"line":182,"column":83}}},"9":{"name":"(anonymous_10)","decl":{"start":{"line":222,"column":22},"end":{"line":222,"column":23}},"loc":{"start":{"line":223,"column":14},"end":{"line":223,"column":91}}},"10":{"name":"(anonymous_11)","decl":{"start":{"line":246,"column":30},"end":{"line":246,"column":31}},"loc":{"start":{"line":247,"column":22},"end":{"line":247,"column":109}}},"11":{"name":"(anonymous_12)","decl":{"start":{"line":262,"column":30},"end":{"line":262,"column":31}},"loc":{"start":{"line":263,"column":22},"end":{"line":263,"column":109}}},"12":{"name":"(anonymous_13)","decl":{"start":{"line":288,"column":30},"end":{"line":288,"column":31}},"loc":{"start":{"line":289,"column":22},"end":{"line":289,"column":96}}}},"branchMap":{"0":{"loc":{"start":{"line":27,"column":4},"end":{"line":40,"column":5}},"type":"if","locations":[{"start":{"line":27,"column":4},"end":{"line":40,"column":5}},{"start":{"line":29,"column":11},"end":{"line":40,"column":5}}]},"1":{"loc":{"start":{"line":29,"column":11},"end":{"line":40,"column":5}},"type":"if","locations":[{"start":{"line":29,"column":11},"end":{"line":40,"column":5}},{"start":{"line":32,"column":11},"end":{"line":40,"column":5}}]},"2":{"loc":{"start":{"line":32,"column":11},"end":{"line":40,"column":5}},"type":"if","locations":[{"start":{"line":32,"column":11},"end":{"line":40,"column":5}},{"start":{"line":36,"column":11},"end":{"line":40,"column":5}}]},"3":{"loc":{"start":{"line":36,"column":11},"end":{"line":40,"column":5}},"type":"if","locations":[{"start":{"line":36,"column":11},"end":{"line":40,"column":5}}]},"4":{"loc":{"start":{"line":48,"column":4},"end":{"line":69,"column":5}},"type":"if","locations":[{"start":{"line":48,"column":4},"end":{"line":69,"column":5}},{"start":{"line":57,"column":11},"end":{"line":69,"column":5}}]},"5":{"loc":{"start":{"line":48,"column":8},"end":{"line":48,"column":41}},"type":"binary-expr","locations":[{"start":{"line":48,"column":8},"end":{"line":48,"column":23}},{"start":{"line":48,"column":27},"end":{"line":48,"column":41}}]},"6":{"loc":{"start":{"line":55,"column":15},"end":{"line":55,"column":118}},"type":"binary-expr","locations":[{"start":{"line":55,"column":15},"end":{"line":55,"column":29}},{"start":{"line":55,"column":33},"end":{"line":55,"column":118}}]},"7":{"loc":{"start":{"line":59,"column":17},"end":{"line":59,"column":39}},"type":"binary-expr","locations":[{"start":{"line":59,"column":17},"end":{"line":59,"column":33}},{"start":{"line":59,"column":37},"end":{"line":59,"column":39}}]},"8":{"loc":{"start":{"line":60,"column":14},"end":{"line":60,"column":70}},"type":"binary-expr","locations":[{"start":{"line":60,"column":14},"end":{"line":60,"column":27}},{"start":{"line":60,"column":31},"end":{"line":60,"column":44}},{"start":{"line":60,"column":48},"end":{"line":60,"column":64}},{"start":{"line":60,"column":68},"end":{"line":60,"column":70}}]},"9":{"loc":{"start":{"line":61,"column":15},"end":{"line":61,"column":35}},"type":"binary-expr","locations":[{"start":{"line":61,"column":15},"end":{"line":61,"column":29}},{"start":{"line":61,"column":33},"end":{"line":61,"column":35}}]},"10":{"loc":{"start":{"line":62,"column":15},"end":{"line":66,"column":36}},"type":"binary-expr","locations":[{"start":{"line":62,"column":15},"end":{"line":62,"column":29}},{"start":{"line":62,"column":33},"end":{"line":66,"column":36}}]},"11":{"loc":{"start":{"line":63,"column":10},"end":{"line":63,"column":66}},"type":"binary-expr","locations":[{"start":{"line":63,"column":10},"end":{"line":63,"column":23}},{"start":{"line":63,"column":27},"end":{"line":63,"column":40}},{"start":{"line":63,"column":44},"end":{"line":63,"column":60}},{"start":{"line":63,"column":64},"end":{"line":63,"column":66}}]},"12":{"loc":{"start":{"line":64,"column":10},"end":{"line":64,"column":30}},"type":"binary-expr","locations":[{"start":{"line":64,"column":10},"end":{"line":64,"column":24}},{"start":{"line":64,"column":28},"end":{"line":64,"column":30}}]},"13":{"loc":{"start":{"line":65,"column":10},"end":{"line":65,"column":32}},"type":"binary-expr","locations":[{"start":{"line":65,"column":10},"end":{"line":65,"column":26}},{"start":{"line":65,"column":30},"end":{"line":65,"column":32}}]},"14":{"loc":{"start":{"line":67,"column":15},"end":{"line":67,"column":179}},"type":"binary-expr","locations":[{"start":{"line":67,"column":15},"end":{"line":67,"column":29}},{"start":{"line":67,"column":33},"end":{"line":67,"column":179}}]},"15":{"loc":{"start":{"line":67,"column":36},"end":{"line":67,"column":92}},"type":"binary-expr","locations":[{"start":{"line":67,"column":36},"end":{"line":67,"column":49}},{"start":{"line":67,"column":53},"end":{"line":67,"column":66}},{"start":{"line":67,"column":70},"end":{"line":67,"column":86}},{"start":{"line":67,"column":90},"end":{"line":67,"column":92}}]},"16":{"loc":{"start":{"line":67,"column":96},"end":{"line":67,"column":116}},"type":"binary-expr","locations":[{"start":{"line":67,"column":96},"end":{"line":67,"column":110}},{"start":{"line":67,"column":114},"end":{"line":67,"column":116}}]},"17":{"loc":{"start":{"line":67,"column":120},"end":{"line":67,"column":142}},"type":"binary-expr","locations":[{"start":{"line":67,"column":120},"end":{"line":67,"column":136}},{"start":{"line":67,"column":140},"end":{"line":67,"column":142}}]},"18":{"loc":{"start":{"line":77,"column":4},"end":{"line":98,"column":5}},"type":"if","locations":[{"start":{"line":77,"column":4},"end":{"line":98,"column":5}},{"start":{"line":86,"column":11},"end":{"line":98,"column":5}}]},"19":{"loc":{"start":{"line":77,"column":8},"end":{"line":77,"column":41}},"type":"binary-expr","locations":[{"start":{"line":77,"column":8},"end":{"line":77,"column":23}},{"start":{"line":77,"column":27},"end":{"line":77,"column":41}}]},"20":{"loc":{"start":{"line":84,"column":15},"end":{"line":84,"column":118}},"type":"binary-expr","locations":[{"start":{"line":84,"column":15},"end":{"line":84,"column":29}},{"start":{"line":84,"column":33},"end":{"line":84,"column":118}}]},"21":{"loc":{"start":{"line":88,"column":17},"end":{"line":88,"column":39}},"type":"binary-expr","locations":[{"start":{"line":88,"column":17},"end":{"line":88,"column":33}},{"start":{"line":88,"column":37},"end":{"line":88,"column":39}}]},"22":{"loc":{"start":{"line":89,"column":14},"end":{"line":89,"column":70}},"type":"binary-expr","locations":[{"start":{"line":89,"column":14},"end":{"line":89,"column":27}},{"start":{"line":89,"column":31},"end":{"line":89,"column":44}},{"start":{"line":89,"column":48},"end":{"line":89,"column":64}},{"start":{"line":89,"column":68},"end":{"line":89,"column":70}}]},"23":{"loc":{"start":{"line":90,"column":15},"end":{"line":90,"column":35}},"type":"binary-expr","locations":[{"start":{"line":90,"column":15},"end":{"line":90,"column":29}},{"start":{"line":90,"column":33},"end":{"line":90,"column":35}}]},"24":{"loc":{"start":{"line":91,"column":15},"end":{"line":95,"column":36}},"type":"binary-expr","locations":[{"start":{"line":91,"column":15},"end":{"line":91,"column":29}},{"start":{"line":91,"column":33},"end":{"line":95,"column":36}}]},"25":{"loc":{"start":{"line":92,"column":10},"end":{"line":92,"column":66}},"type":"binary-expr","locations":[{"start":{"line":92,"column":10},"end":{"line":92,"column":23}},{"start":{"line":92,"column":27},"end":{"line":92,"column":40}},{"start":{"line":92,"column":44},"end":{"line":92,"column":60}},{"start":{"line":92,"column":64},"end":{"line":92,"column":66}}]},"26":{"loc":{"start":{"line":93,"column":10},"end":{"line":93,"column":30}},"type":"binary-expr","locations":[{"start":{"line":93,"column":10},"end":{"line":93,"column":24}},{"start":{"line":93,"column":28},"end":{"line":93,"column":30}}]},"27":{"loc":{"start":{"line":94,"column":10},"end":{"line":94,"column":32}},"type":"binary-expr","locations":[{"start":{"line":94,"column":10},"end":{"line":94,"column":26}},{"start":{"line":94,"column":30},"end":{"line":94,"column":32}}]},"28":{"loc":{"start":{"line":96,"column":15},"end":{"line":96,"column":179}},"type":"binary-expr","locations":[{"start":{"line":96,"column":15},"end":{"line":96,"column":29}},{"start":{"line":96,"column":33},"end":{"line":96,"column":179}}]},"29":{"loc":{"start":{"line":96,"column":36},"end":{"line":96,"column":92}},"type":"binary-expr","locations":[{"start":{"line":96,"column":36},"end":{"line":96,"column":49}},{"start":{"line":96,"column":53},"end":{"line":96,"column":66}},{"start":{"line":96,"column":70},"end":{"line":96,"column":86}},{"start":{"line":96,"column":90},"end":{"line":96,"column":92}}]},"30":{"loc":{"start":{"line":96,"column":96},"end":{"line":96,"column":116}},"type":"binary-expr","locations":[{"start":{"line":96,"column":96},"end":{"line":96,"column":110}},{"start":{"line":96,"column":114},"end":{"line":96,"column":116}}]},"31":{"loc":{"start":{"line":96,"column":120},"end":{"line":96,"column":142}},"type":"binary-expr","locations":[{"start":{"line":96,"column":120},"end":{"line":96,"column":136}},{"start":{"line":96,"column":140},"end":{"line":96,"column":142}}]},"32":{"loc":{"start":{"line":104,"column":4},"end":{"line":107,"column":5}},"type":"if","locations":[{"start":{"line":104,"column":4},"end":{"line":107,"column":5}}]},"33":{"loc":{"start":{"line":104,"column":8},"end":{"line":104,"column":51}},"type":"binary-expr","locations":[{"start":{"line":104,"column":8},"end":{"line":104,"column":22}},{"start":{"line":104,"column":26},"end":{"line":104,"column":32}},{"start":{"line":104,"column":36},"end":{"line":104,"column":51}}]},"34":{"loc":{"start":{"line":105,"column":35},"end":{"line":105,"column":121}},"type":"binary-expr","locations":[{"start":{"line":105,"column":35},"end":{"line":105,"column":47}},{"start":{"line":105,"column":51},"end":{"line":105,"column":121}}]},"35":{"loc":{"start":{"line":148,"column":9},"end":{"line":172,"column":null}},"type":"binary-expr","locations":[{"start":{"line":148,"column":9},"end":{"line":148,"column":23}},{"start":{"line":149,"column":10},"end":{"line":171,"column":null}}]},"36":{"loc":{"start":{"line":161,"column":34},"end":{"line":161,"column":136}},"type":"cond-expr","locations":[{"start":{"line":161,"column":44},"end":{"line":161,"column":130}},{"start":{"line":161,"column":134},"end":{"line":161,"column":136}}]},"37":{"loc":{"start":{"line":161,"column":44},"end":{"line":161,"column":130}},"type":"binary-expr","locations":[{"start":{"line":161,"column":44},"end":{"line":161,"column":56}},{"start":{"line":161,"column":60},"end":{"line":161,"column":130}}]},"38":{"loc":{"start":{"line":166,"column":15},"end":{"line":169,"column":null}},"type":"binary-expr","locations":[{"start":{"line":166,"column":15},"end":{"line":166,"column":29}},{"start":{"line":167,"column":16},"end":{"line":168,"column":null}}]},"39":{"loc":{"start":{"line":190,"column":9},"end":{"line":213,"column":null}},"type":"binary-expr","locations":[{"start":{"line":190,"column":9},"end":{"line":190,"column":24}},{"start":{"line":191,"column":10},"end":{"line":212,"column":null}}]},"40":{"loc":{"start":{"line":207,"column":15},"end":{"line":210,"column":null}},"type":"binary-expr","locations":[{"start":{"line":207,"column":15},"end":{"line":207,"column":30}},{"start":{"line":208,"column":16},"end":{"line":209,"column":null}}]},"41":{"loc":{"start":{"line":231,"column":9},"end":{"line":306,"column":null}},"type":"binary-expr","locations":[{"start":{"line":231,"column":9},"end":{"line":231,"column":31}},{"start":{"line":232,"column":10},"end":{"line":305,"column":null}}]},"42":{"loc":{"start":{"line":273,"column":13},"end":{"line":304,"column":null}},"type":"binary-expr","locations":[{"start":{"line":273,"column":13},"end":{"line":273,"column":27}},{"start":{"line":274,"column":14},"end":{"line":303,"column":null}}]},"43":{"loc":{"start":{"line":287,"column":27},"end":{"line":287,"column":54}},"type":"binary-expr","locations":[{"start":{"line":287,"column":27},"end":{"line":287,"column":48}},{"start":{"line":287,"column":52},"end":{"line":287,"column":54}}]},"44":{"loc":{"start":{"line":294,"column":22},"end":{"line":294,"column":49}},"type":"binary-expr","locations":[{"start":{"line":294,"column":22},"end":{"line":294,"column":43}},{"start":{"line":294,"column":47},"end":{"line":294,"column":49}}]},"45":{"loc":{"start":{"line":297,"column":17},"end":{"line":302,"column":null}},"type":"binary-expr","locations":[{"start":{"line":297,"column":17},"end":{"line":297,"column":38}},{"start":{"line":298,"column":18},"end":{"line":301,"column":null}}]}},"s":{"0":1,"1":1,"2":1,"3":1,"4":1,"5":6,"6":6,"7":6,"8":1,"9":3,"10":1,"11":1,"12":1,"13":1,"14":0,"15":1,"16":0,"17":0,"18":1,"19":1,"20":1,"21":1,"22":0,"23":0,"24":0,"25":0,"26":1,"27":6,"28":0,"29":0,"30":0,"31":0,"32":0,"33":6,"34":1,"35":1,"36":1,"37":0,"38":1,"39":6,"40":5,"41":1,"42":1,"43":6,"44":0,"45":1,"46":0,"47":0,"48":0,"49":0,"50":0,"51":1},"f":{"0":6,"1":1,"2":3,"3":0,"4":1,"5":5,"6":0,"7":1,"8":0,"9":0,"10":0,"11":0,"12":0},"b":{"0":[0,1],"1":[0,1],"2":[1,0],"3":[0],"4":[0,0],"5":[0,0],"6":[0,0],"7":[0,0],"8":[0,0,0,0],"9":[0,0],"10":[0,0],"11":[0,0,0,0],"12":[0,0],"13":[0,0],"14":[0,0],"15":[0,0,0,0],"16":[0,0],"17":[0,0],"18":[1,0],"19":[1,1],"20":[1,1],"21":[0,0],"22":[0,0,0,0],"23":[0,0],"24":[0,0],"25":[0,0,0,0],"26":[0,0],"27":[0,0],"28":[0,0],"29":[0,0,0,0],"30":[0,0],"31":[0,0],"32":[1],"33":[5,2,1],"34":[1,0],"35":[6,2],"36":[1,1],"37":[1,0],"38":[2,0],"39":[6,2],"40":[2,1],"41":[6,0],"42":[0,0],"43":[0,0],"44":[0,0],"45":[0,0]}}
,"D:\\Xpress\\XPRESS_V3\\XPRESS_V2\\src\\components\\Create Request\\BasicInfoSection.tsx": {"path":"D:\\Xpress\\XPRESS_V3\\XPRESS_V2\\src\\components\\Create Request\\BasicInfoSection.tsx","statementMap":{"0":{"start":{"line":1,"column":0},"end":{"line":1,"column":26}},"1":{"start":{"line":2,"column":0},"end":{"line":2,"column":58}},"2":{"start":{"line":4,"column":35},"end":{"line":120,"column":1}},"3":{"start":{"line":5,"column":30},"end":{"line":5,"column":48}},"4":{"start":{"line":6,"column":35},"end":{"line":6,"column":40}},"5":{"start":{"line":8,"column":2},"end":{"line":119,"column":4}},"6":{"start":{"line":25,"column":29},"end":{"line":25,"column":87}},"7":{"start":{"line":47,"column":29},"end":{"line":47,"column":92}},"8":{"start":{"line":78,"column":29},"end":{"line":78,"column":83}},"9":{"start":{"line":100,"column":29},"end":{"line":100,"column":86}},"10":{"start":{"line":122,"column":0},"end":{"line":122,"column":32}}},"fnMap":{"0":{"name":"(anonymous_1)","decl":{"start":{"line":4,"column":35},"end":{"line":4,"column":38}},"loc":{"start":{"line":4,"column":40},"end":{"line":120,"column":1}}},"1":{"name":"(anonymous_2)","decl":{"start":{"line":25,"column":23},"end":{"line":25,"column":26}},"loc":{"start":{"line":25,"column":29},"end":{"line":25,"column":87}}},"2":{"name":"(anonymous_3)","decl":{"start":{"line":47,"column":23},"end":{"line":47,"column":26}},"loc":{"start":{"line":47,"column":29},"end":{"line":47,"column":92}}},"3":{"name":"(anonymous_4)","decl":{"start":{"line":78,"column":23},"end":{"line":78,"column":26}},"loc":{"start":{"line":78,"column":29},"end":{"line":78,"column":83}}},"4":{"name":"(anonymous_5)","decl":{"start":{"line":100,"column":23},"end":{"line":100,"column":26}},"loc":{"start":{"line":100,"column":29},"end":{"line":100,"column":86}}}},"branchMap":{"0":{"loc":{"start":{"line":21,"column":16},"end":{"line":23,"column":null}},"type":"cond-expr","locations":[{"start":{"line":22,"column":20},"end":{"line":22,"column":60}},{"start":{"line":23,"column":20},"end":{"line":23,"column":null}}]},"1":{"loc":{"start":{"line":27,"column":15},"end":{"line":31,"column":null}},"type":"binary-expr","locations":[{"start":{"line":27,"column":15},"end":{"line":27,"column":40}},{"start":{"line":29,"column":16},"end":{"line":30,"column":null}}]},"2":{"loc":{"start":{"line":34,"column":83},"end":{"line":34,"column":141}},"type":"cond-expr","locations":[{"start":{"line":34,"column":111},"end":{"line":34,"column":123}},{"start":{"line":34,"column":126},"end":{"line":34,"column":141}}]},"3":{"loc":{"start":{"line":43,"column":16},"end":{"line":45,"column":null}},"type":"cond-expr","locations":[{"start":{"line":44,"column":20},"end":{"line":44,"column":60}},{"start":{"line":45,"column":20},"end":{"line":45,"column":null}}]},"4":{"loc":{"start":{"line":49,"column":15},"end":{"line":53,"column":null}},"type":"binary-expr","locations":[{"start":{"line":49,"column":15},"end":{"line":49,"column":45}},{"start":{"line":51,"column":16},"end":{"line":52,"column":null}}]},"5":{"loc":{"start":{"line":56,"column":83},"end":{"line":56,"column":146}},"type":"cond-expr","locations":[{"start":{"line":56,"column":116},"end":{"line":56,"column":128}},{"start":{"line":56,"column":131},"end":{"line":56,"column":146}}]},"6":{"loc":{"start":{"line":74,"column":16},"end":{"line":76,"column":null}},"type":"cond-expr","locations":[{"start":{"line":75,"column":20},"end":{"line":75,"column":60}},{"start":{"line":76,"column":20},"end":{"line":76,"column":null}}]},"7":{"loc":{"start":{"line":80,"column":15},"end":{"line":84,"column":null}},"type":"binary-expr","locations":[{"start":{"line":80,"column":15},"end":{"line":80,"column":36}},{"start":{"line":82,"column":16},"end":{"line":83,"column":null}}]},"8":{"loc":{"start":{"line":87,"column":83},"end":{"line":87,"column":137}},"type":"cond-expr","locations":[{"start":{"line":87,"column":107},"end":{"line":87,"column":119}},{"start":{"line":87,"column":122},"end":{"line":87,"column":137}}]},"9":{"loc":{"start":{"line":96,"column":16},"end":{"line":98,"column":null}},"type":"cond-expr","locations":[{"start":{"line":97,"column":20},"end":{"line":97,"column":60}},{"start":{"line":98,"column":20},"end":{"line":98,"column":null}}]},"10":{"loc":{"start":{"line":102,"column":15},"end":{"line":106,"column":null}},"type":"binary-expr","locations":[{"start":{"line":102,"column":15},"end":{"line":102,"column":39}},{"start":{"line":104,"column":16},"end":{"line":105,"column":null}}]},"11":{"loc":{"start":{"line":109,"column":83},"end":{"line":109,"column":140}},"type":"cond-expr","locations":[{"start":{"line":109,"column":110},"end":{"line":109,"column":122}},{"start":{"line":109,"column":125},"end":{"line":109,"column":140}}]}},"s":{"0":1,"1":1,"2":1,"3":4,"4":4,"5":4,"6":0,"7":1,"8":0,"9":1,"10":1},"f":{"0":4,"1":0,"2":1,"3":0,"4":1},"b":{"0":[3,1],"1":[4,3],"2":[3,1],"3":[1,3],"4":[4,1],"5":[1,3],"6":[3,1],"7":[4,3],"8":[3,1],"9":[1,3],"10":[4,1],"11":[1,3]}}
,"D:\\Xpress\\XPRESS_V3\\XPRESS_V2\\src\\components\\Create Request\\CreateRequestForm.tsx": {"path":"D:\\Xpress\\XPRESS_V3\\XPRESS_V2\\src\\components\\Create Request\\CreateRequestForm.tsx","statementMap":{"0":{"start":{"line":1,"column":0},"end":{"line":1,"column":26}},"1":{"start":{"line":2,"column":0},"end":{"line":2,"column":47}},"2":{"start":{"line":3,"column":0},"end":{"line":3,"column":58}},"3":{"start":{"line":4,"column":0},"end":{"line":4,"column":50}},"4":{"start":{"line":5,"column":0},"end":{"line":5,"column":58}},"5":{"start":{"line":6,"column":0},"end":{"line":6,"column":68}},"6":{"start":{"line":9,"column":36},"end":{"line":37,"column":1}},"7":{"start":{"line":10,"column":19},"end":{"line":10,"column":32}},"8":{"start":{"line":11,"column":27},"end":{"line":11,"column":45}},"9":{"start":{"line":13,"column":2},"end":{"line":36,"column":4}},"10":{"start":{"line":24,"column":25},"end":{"line":24,"column":37}},"11":{"start":{"line":39,"column":0},"end":{"line":39,"column":33}}},"fnMap":{"0":{"name":"(anonymous_1)","decl":{"start":{"line":9,"column":36},"end":{"line":9,"column":39}},"loc":{"start":{"line":9,"column":41},"end":{"line":37,"column":1}}},"1":{"name":"(anonymous_2)","decl":{"start":{"line":24,"column":19},"end":{"line":24,"column":22}},"loc":{"start":{"line":24,"column":25},"end":{"line":24,"column":37}}}},"branchMap":{},"s":{"0":1,"1":1,"2":1,"3":1,"4":1,"5":1,"6":1,"7":3,"8":3,"9":3,"10":1,"11":1},"f":{"0":3,"1":1},"b":{}}
,"D:\\Xpress\\XPRESS_V3\\XPRESS_V2\\src\\components\\Create Request\\LocationSearch.tsx": {"path":"D:\\Xpress\\XPRESS_V3\\XPRESS_V2\\src\\components\\Create Request\\LocationSearch.tsx","statementMap":{"0":{"start":{"line":1,"column":0},"end":{"line":1,"column":51}},"1":{"start":{"line":36,"column":54},"end":{"line":261,"column":1}},"2":{"start":{"line":43,"column":28},"end":{"line":43,"column":58}},"3":{"start":{"line":44,"column":40},"end":{"line":44,"column":66}},"4":{"start":{"line":45,"column":32},"end":{"line":45,"column":56}},"5":{"start":{"line":46,"column":50},"end":{"line":46,"column":74}},"6":{"start":{"line":47,"column":40},"end":{"line":47,"column":64}},"7":{"start":{"line":50,"column":2},"end":{"line":52,"column":21}},"8":{"start":{"line":51,"column":4},"end":{"line":51,"column":27}},"9":{"start":{"line":54,"column":2},"end":{"line":66,"column":14}},"10":{"start":{"line":55,"column":26},"end":{"line":63,"column":11}},"11":{"start":{"line":56,"column":6},"end":{"line":62,"column":7}},"12":{"start":{"line":57,"column":8},"end":{"line":57,"column":32}},"13":{"start":{"line":59,"column":8},"end":{"line":59,"column":27}},"14":{"start":{"line":60,"column":8},"end":{"line":60,"column":35}},"15":{"start":{"line":61,"column":8},"end":{"line":61,"column":30}},"16":{"start":{"line":65,"column":4},"end":{"line":65,"column":45}},"17":{"start":{"line":65,"column":17},"end":{"line":65,"column":44}},"18":{"start":{"line":68,"column":27},"end":{"line":109,"column":3}},"19":{"start":{"line":69,"column":4},"end":{"line":69,"column":21}},"20":{"start":{"line":70,"column":4},"end":{"line":70,"column":31}},"21":{"start":{"line":71,"column":4},"end":{"line":71,"column":26}},"22":{"start":{"line":73,"column":4},"end":{"line":108,"column":5}},"23":{"start":{"line":74,"column":23},"end":{"line":82,"column":null}},"24":{"start":{"line":84,"column":19},"end":{"line":84,"column":40}},"25":{"start":{"line":85,"column":37},"end":{"line":88,"column":null}},"26":{"start":{"line":87,"column":10},"end":{"line":88,"column":74}},"27":{"start":{"line":91,"column":6},"end":{"line":91,"column":31}},"28":{"start":{"line":92,"column":6},"end":{"line":92,"column":27}},"29":{"start":{"line":95,"column":6},"end":{"line":100,"column":8}},"30":{"start":{"line":103,"column":6},"end":{"line":103,"column":43}},"31":{"start":{"line":104,"column":6},"end":{"line":104,"column":27}},"32":{"start":{"line":105,"column":6},"end":{"line":105,"column":51}},"33":{"start":{"line":107,"column":6},"end":{"line":107,"column":24}},"34":{"start":{"line":111,"column":27},"end":{"line":120,"column":3}},"35":{"start":{"line":112,"column":22},"end":{"line":112,"column":45}},"36":{"start":{"line":113,"column":4},"end":{"line":118,"column":5}},"37":{"start":{"line":115,"column":6},"end":{"line":115,"column":113}},"38":{"start":{"line":116,"column":6},"end":{"line":116,"column":55}},"39":{"start":{"line":117,"column":6},"end":{"line":117,"column":53}},"40":{"start":{"line":119,"column":4},"end":{"line":119,"column":23}},"41":{"start":{"line":122,"column":23},"end":{"line":146,"column":3}},"42":{"start":{"line":123,"column":20},"end":{"line":123,"column":38}},"43":{"start":{"line":124,"column":24},"end":{"line":124,"column":52}},"44":{"start":{"line":127,"column":21},"end":{"line":127,"column":74}},"45":{"start":{"line":128,"column":22},"end":{"line":128,"column":41}},"46":{"start":{"line":129,"column":24},"end":{"line":129,"column":45}},"47":{"start":{"line":131,"column":34},"end":{"line":139,"column":6}},"48":{"start":{"line":141,"column":4},"end":{"line":141,"column":27}},"49":{"start":{"line":142,"column":4},"end":{"line":142,"column":26}},"50":{"start":{"line":143,"column":4},"end":{"line":143,"column":23}},"51":{"start":{"line":144,"column":4},"end":{"line":144,"column":31}},"52":{"start":{"line":145,"column":4},"end":{"line":145,"column":26}},"53":{"start":{"line":148,"column":29},"end":{"line":190,"column":3}},"54":{"start":{"line":149,"column":4},"end":{"line":149,"column":63}},"55":{"start":{"line":149,"column":56},"end":{"line":149,"column":63}},"56":{"start":{"line":152,"column":18},"end":{"line":152,"column":59}},"57":{"start":{"line":152,"column":47},"end":{"line":152,"column":58}},"58":{"start":{"line":154,"column":19},"end":{"line":154,"column":21}},"59":{"start":{"line":155,"column":20},"end":{"line":155,"column":22}},"60":{"start":{"line":156,"column":22},"end":{"line":156,"column":24}},"61":{"start":{"line":158,"column":4},"end":{"line":175,"column":5}},"62":{"start":{"line":160,"column":6},"end":{"line":160,"column":26}},"63":{"start":{"line":161,"column":11},"end":{"line":175,"column":5}},"64":{"start":{"line":163,"column":6},"end":{"line":163,"column":26}},"65":{"start":{"line":164,"column":6},"end":{"line":164,"column":29}},"66":{"start":{"line":165,"column":11},"end":{"line":175,"column":5}},"67":{"start":{"line":167,"column":6},"end":{"line":167,"column":26}},"68":{"start":{"line":168,"column":6},"end":{"line":168,"column":27}},"69":{"start":{"line":169,"column":6},"end":{"line":169,"column":29}},"70":{"start":{"line":170,"column":11},"end":{"line":175,"column":5}},"71":{"start":{"line":172,"column":6},"end":{"line":172,"column":26}},"72":{"start":{"line":173,"column":6},"end":{"line":173,"column":42}},"73":{"start":{"line":174,"column":6},"end":{"line":174,"column":44}},"74":{"start":{"line":177,"column":34},"end":{"line":184,"column":6}},"75":{"start":{"line":186,"column":4},"end":{"line":186,"column":27}},"76":{"start":{"line":187,"column":4},"end":{"line":187,"column":23}},"77":{"start":{"line":188,"column":4},"end":{"line":188,"column":31}},"78":{"start":{"line":189,"column":4},"end":{"line":189,"column":26}},"79":{"start":{"line":192,"column":24},"end":{"line":197,"column":3}},"80":{"start":{"line":193,"column":4},"end":{"line":196,"column":5}},"81":{"start":{"line":194,"column":6},"end":{"line":194,"column":25}},"82":{"start":{"line":195,"column":6},"end":{"line":195,"column":27}},"83":{"start":{"line":199,"column":2},"end":{"line":260,"column":4}},"84":{"start":{"line":205,"column":10},"end":{"line":207,"column":11}},"85":{"start":{"line":206,"column":12},"end":{"line":206,"column":37}},"86":{"start":{"line":225,"column":32},"end":{"line":225,"column":60}},"87":{"start":{"line":227,"column":12},"end":{"line":235,"column":14}},"88":{"start":{"line":230,"column":31},"end":{"line":230,"column":55}},"89":{"start":{"line":263,"column":0},"end":{"line":263,"column":30}}},"fnMap":{"0":{"name":"(anonymous_6)","decl":{"start":{"line":36,"column":54},"end":{"line":36,"column":55}},"loc":{"start":{"line":42,"column":5},"end":{"line":261,"column":1}}},"1":{"name":"(anonymous_7)","decl":{"start":{"line":50,"column":12},"end":{"line":50,"column":15}},"loc":{"start":{"line":50,"column":17},"end":{"line":52,"column":3}}},"2":{"name":"(anonymous_8)","decl":{"start":{"line":54,"column":12},"end":{"line":54,"column":15}},"loc":{"start":{"line":54,"column":17},"end":{"line":66,"column":3}}},"3":{"name":"(anonymous_9)","decl":{"start":{"line":55,"column":37},"end":{"line":55,"column":40}},"loc":{"start":{"line":55,"column":42},"end":{"line":63,"column":5}}},"4":{"name":"(anonymous_10)","decl":{"start":{"line":65,"column":11},"end":{"line":65,"column":14}},"loc":{"start":{"line":65,"column":17},"end":{"line":65,"column":44}}},"5":{"name":"(anonymous_11)","decl":{"start":{"line":68,"column":27},"end":{"line":68,"column":32}},"loc":{"start":{"line":68,"column":51},"end":{"line":109,"column":3}}},"6":{"name":"(anonymous_12)","decl":{"start":{"line":86,"column":8},"end":{"line":86,"column":9}},"loc":{"start":{"line":87,"column":10},"end":{"line":88,"column":74}}},"7":{"name":"(anonymous_13)","decl":{"start":{"line":111,"column":27},"end":{"line":111,"column":28}},"loc":{"start":{"line":111,"column":54},"end":{"line":120,"column":3}}},"8":{"name":"(anonymous_14)","decl":{"start":{"line":122,"column":23},"end":{"line":122,"column":24}},"loc":{"start":{"line":122,"column":50},"end":{"line":146,"column":3}}},"9":{"name":"(anonymous_15)","decl":{"start":{"line":148,"column":29},"end":{"line":148,"column":32}},"loc":{"start":{"line":148,"column":34},"end":{"line":190,"column":3}}},"10":{"name":"(anonymous_16)","decl":{"start":{"line":152,"column":39},"end":{"line":152,"column":43}},"loc":{"start":{"line":152,"column":47},"end":{"line":152,"column":58}}},"11":{"name":"(anonymous_17)","decl":{"start":{"line":192,"column":24},"end":{"line":192,"column":25}},"loc":{"start":{"line":192,"column":51},"end":{"line":197,"column":3}}},"12":{"name":"(anonymous_18)","decl":{"start":{"line":204,"column":18},"end":{"line":204,"column":19}},"loc":{"start":{"line":204,"column":24},"end":{"line":208,"column":9}}},"13":{"name":"(anonymous_19)","decl":{"start":{"line":224,"column":27},"end":{"line":224,"column":28}},"loc":{"start":{"line":224,"column":49},"end":{"line":236,"column":11}}},"14":{"name":"(anonymous_20)","decl":{"start":{"line":230,"column":25},"end":{"line":230,"column":28}},"loc":{"start":{"line":230,"column":31},"end":{"line":230,"column":55}}}},"branchMap":{"0":{"loc":{"start":{"line":38,"column":2},"end":{"line":38,"column":32}},"type":"default-arg","locations":[{"start":{"line":38,"column":16},"end":{"line":38,"column":32}}]},"1":{"loc":{"start":{"line":39,"column":2},"end":{"line":39,"column":16}},"type":"default-arg","locations":[{"start":{"line":39,"column":14},"end":{"line":39,"column":16}}]},"2":{"loc":{"start":{"line":40,"column":2},"end":{"line":40,"column":23}},"type":"default-arg","locations":[{"start":{"line":40,"column":20},"end":{"line":40,"column":23}}]},"3":{"loc":{"start":{"line":41,"column":2},"end":{"line":41,"column":19}},"type":"default-arg","locations":[{"start":{"line":41,"column":17},"end":{"line":41,"column":19}}]},"4":{"loc":{"start":{"line":56,"column":6},"end":{"line":62,"column":7}},"type":"if","locations":[{"start":{"line":56,"column":6},"end":{"line":62,"column":7}},{"start":{"line":58,"column":13},"end":{"line":62,"column":7}}]},"5":{"loc":{"start":{"line":87,"column":10},"end":{"line":88,"column":74}},"type":"binary-expr","locations":[{"start":{"line":87,"column":10},"end":{"line":87,"column":22}},{"start":{"line":88,"column":11},"end":{"line":88,"column":28}},{"start":{"line":88,"column":32},"end":{"line":88,"column":49}},{"start":{"line":88,"column":53},"end":{"line":88,"column":73}}]},"6":{"loc":{"start":{"line":96,"column":8},"end":{"line":99,"column":16}},"type":"binary-expr","locations":[{"start":{"line":96,"column":8},"end":{"line":96,"column":19}},{"start":{"line":97,"column":8},"end":{"line":97,"column":29}},{"start":{"line":98,"column":8},"end":{"line":98,"column":31}},{"start":{"line":99,"column":8},"end":{"line":99,"column":16}}]},"7":{"loc":{"start":{"line":113,"column":4},"end":{"line":118,"column":5}},"type":"if","locations":[{"start":{"line":113,"column":4},"end":{"line":118,"column":5}}]},"8":{"loc":{"start":{"line":113,"column":8},"end":{"line":113,"column":57}},"type":"binary-expr","locations":[{"start":{"line":113,"column":8},"end":{"line":113,"column":26}},{"start":{"line":113,"column":30},"end":{"line":113,"column":57}}]},"9":{"loc":{"start":{"line":127,"column":21},"end":{"line":127,"column":74}},"type":"binary-expr","locations":[{"start":{"line":127,"column":21},"end":{"line":127,"column":33}},{"start":{"line":127,"column":37},"end":{"line":127,"column":49}},{"start":{"line":127,"column":53},"end":{"line":127,"column":68}},{"start":{"line":127,"column":72},"end":{"line":127,"column":74}}]},"10":{"loc":{"start":{"line":128,"column":22},"end":{"line":128,"column":41}},"type":"binary-expr","locations":[{"start":{"line":128,"column":22},"end":{"line":128,"column":35}},{"start":{"line":128,"column":39},"end":{"line":128,"column":41}}]},"11":{"loc":{"start":{"line":129,"column":24},"end":{"line":129,"column":45}},"type":"binary-expr","locations":[{"start":{"line":129,"column":24},"end":{"line":129,"column":39}},{"start":{"line":129,"column":43},"end":{"line":129,"column":45}}]},"12":{"loc":{"start":{"line":149,"column":4},"end":{"line":149,"column":63}},"type":"if","locations":[{"start":{"line":149,"column":4},"end":{"line":149,"column":63}}]},"13":{"loc":{"start":{"line":149,"column":8},"end":{"line":149,"column":54}},"type":"binary-expr","locations":[{"start":{"line":149,"column":8},"end":{"line":149,"column":25}},{"start":{"line":149,"column":29},"end":{"line":149,"column":54}}]},"14":{"loc":{"start":{"line":158,"column":4},"end":{"line":175,"column":5}},"type":"if","locations":[{"start":{"line":158,"column":4},"end":{"line":175,"column":5}},{"start":{"line":161,"column":11},"end":{"line":175,"column":5}}]},"15":{"loc":{"start":{"line":161,"column":11},"end":{"line":175,"column":5}},"type":"if","locations":[{"start":{"line":161,"column":11},"end":{"line":175,"column":5}},{"start":{"line":165,"column":11},"end":{"line":175,"column":5}}]},"16":{"loc":{"start":{"line":165,"column":11},"end":{"line":175,"column":5}},"type":"if","locations":[{"start":{"line":165,"column":11},"end":{"line":175,"column":5}},{"start":{"line":170,"column":11},"end":{"line":175,"column":5}}]},"17":{"loc":{"start":{"line":170,"column":11},"end":{"line":175,"column":5}},"type":"if","locations":[{"start":{"line":170,"column":11},"end":{"line":175,"column":5}}]},"18":{"loc":{"start":{"line":193,"column":4},"end":{"line":196,"column":5}},"type":"if","locations":[{"start":{"line":193,"column":4},"end":{"line":196,"column":5}}]},"19":{"loc":{"start":{"line":193,"column":8},"end":{"line":193,"column":45}},"type":"binary-expr","locations":[{"start":{"line":193,"column":8},"end":{"line":193,"column":25}},{"start":{"line":193,"column":29},"end":{"line":193,"column":45}}]},"20":{"loc":{"start":{"line":205,"column":10},"end":{"line":207,"column":11}},"type":"if","locations":[{"start":{"line":205,"column":10},"end":{"line":207,"column":11}}]},"21":{"loc":{"start":{"line":214,"column":7},"end":{"line":217,"column":null}},"type":"binary-expr","locations":[{"start":{"line":214,"column":7},"end":{"line":214,"column":14}},{"start":{"line":215,"column":8},"end":{"line":216,"column":null}}]},"22":{"loc":{"start":{"line":220,"column":7},"end":{"line":237,"column":null}},"type":"binary-expr","locations":[{"start":{"line":220,"column":7},"end":{"line":220,"column":29}},{"start":{"line":221,"column":8},"end":{"line":236,"column":null}}]},"23":{"loc":{"start":{"line":240,"column":7},"end":{"line":251,"column":null}},"type":"binary-expr","locations":[{"start":{"line":240,"column":7},"end":{"line":240,"column":23}},{"start":{"line":241,"column":8},"end":{"line":250,"column":null}}]},"24":{"loc":{"start":{"line":254,"column":7},"end":{"line":257,"column":null}},"type":"binary-expr","locations":[{"start":{"line":254,"column":7},"end":{"line":254,"column":43}},{"start":{"line":255,"column":8},"end":{"line":256,"column":null}}]}},"s":{"0":1,"1":1,"2":9,"3":9,"4":9,"5":9,"6":9,"7":9,"8":2,"9":9,"10":8,"11":0,"12":0,"13":0,"14":0,"15":0,"16":8,"17":8,"18":9,"19":0,"20":0,"21":0,"22":0,"23":0,"24":0,"25":0,"26":0,"27":0,"28":0,"29":0,"30":0,"31":0,"32":0,"33":0,"34":9,"35":0,"36":0,"37":0,"38":0,"39":0,"40":0,"41":9,"42":0,"43":0,"44":0,"45":0,"46":0,"47":0,"48":0,"49":0,"50":0,"51":0,"52":0,"53":9,"54":0,"55":0,"56":0,"57":0,"58":0,"59":0,"60":0,"61":0,"62":0,"63":0,"64":0,"65":0,"66":0,"67":0,"68":0,"69":0,"70":0,"71":0,"72":0,"73":0,"74":0,"75":0,"76":0,"77":0,"78":0,"79":9,"80":6,"81":0,"82":0,"83":9,"84":6,"85":6,"86":0,"87":0,"88":0,"89":1},"f":{"0":9,"1":2,"2":8,"3":0,"4":8,"5":0,"6":0,"7":0,"8":0,"9":0,"10":0,"11":6,"12":6,"13":0,"14":0},"b":{"0":[8],"1":[9],"2":[9],"3":[9],"4":[0,0],"5":[0,0,0,0],"6":[0,0,0,0],"7":[0],"8":[0,0],"9":[0,0,0,0],"10":[0,0],"11":[0,0],"12":[0],"13":[0,0],"14":[0,0],"15":[0,0],"16":[0,0],"17":[0],"18":[0],"19":[6,0],"20":[6],"21":[9,0],"22":[9,0],"23":[9,0],"24":[9,0]}}
,"D:\\Xpress\\XPRESS_V3\\XPRESS_V2\\src\\components\\Create Request\\TravelDetailsSection.tsx": {"path":"D:\\Xpress\\XPRESS_V3\\XPRESS_V2\\src\\components\\Create Request\\TravelDetailsSection.tsx","statementMap":{"0":{"start":{"line":1,"column":0},"end":{"line":1,"column":51}},"1":{"start":{"line":2,"column":0},"end":{"line":2,"column":42}},"2":{"start":{"line":3,"column":0},"end":{"line":3,"column":52}},"3":{"start":{"line":4,"column":0},"end":{"line":4,"column":92}},"4":{"start":{"line":5,"column":0},"end":{"line":5,"column":34}},"5":{"start":{"line":6,"column":0},"end":{"line":6,"column":58}},"6":{"start":{"line":7,"column":0},"end":{"line":7,"column":46}},"7":{"start":{"line":14,"column":39},"end":{"line":515,"column":1}},"8":{"start":{"line":15,"column":30},"end":{"line":15,"column":48}},"9":{"start":{"line":33,"column":6},"end":{"line":33,"column":11}},"10":{"start":{"line":35,"column":48},"end":{"line":35,"column":77}},"11":{"start":{"line":36,"column":46},"end":{"line":36,"column":70}},"12":{"start":{"line":38,"column":50},"end":{"line":38,"column":83}},"13":{"start":{"line":39,"column":56},"end":{"line":39,"column":79}},"14":{"start":{"line":40,"column":52},"end":{"line":40,"column":81}},"15":{"start":{"line":42,"column":2},"end":{"line":72,"column":40}},"16":{"start":{"line":43,"column":4},"end":{"line":71,"column":5}},"17":{"start":{"line":44,"column":29},"end":{"line":44,"column":93}},"18":{"start":{"line":45,"column":34},"end":{"line":45,"column":113}},"19":{"start":{"line":47,"column":6},"end":{"line":50,"column":7}},"20":{"start":{"line":48,"column":8},"end":{"line":48,"column":81}},"21":{"start":{"line":49,"column":8},"end":{"line":49,"column":15}},"22":{"start":{"line":52,"column":6},"end":{"line":68,"column":7}},"23":{"start":{"line":53,"column":28},"end":{"line":53,"column":66}},"24":{"start":{"line":55,"column":8},"end":{"line":65,"column":9}},"25":{"start":{"line":56,"column":10},"end":{"line":58,"column":12}},"26":{"start":{"line":59,"column":15},"end":{"line":65,"column":9}},"27":{"start":{"line":60,"column":10},"end":{"line":62,"column":12}},"28":{"start":{"line":64,"column":10},"end":{"line":64,"column":35}},"29":{"start":{"line":67,"column":8},"end":{"line":67,"column":33}},"30":{"start":{"line":70,"column":6},"end":{"line":70,"column":31}},"31":{"start":{"line":74,"column":2},"end":{"line":101,"column":9}},"32":{"start":{"line":75,"column":30},"end":{"line":98,"column":5}},"33":{"start":{"line":76,"column":6},"end":{"line":76,"column":35}},"34":{"start":{"line":77,"column":6},"end":{"line":77,"column":33}},"35":{"start":{"line":78,"column":6},"end":{"line":97,"column":7}},"36":{"start":{"line":79,"column":25},"end":{"line":79,"column":83}},"37":{"start":{"line":80,"column":8},"end":{"line":82,"column":9}},"38":{"start":{"line":81,"column":10},"end":{"line":81,"column":68}},"39":{"start":{"line":83,"column":31},"end":{"line":83,"column":52}},"40":{"start":{"line":85,"column":31},"end":{"line":88,"column":11}},"41":{"start":{"line":85,"column":59},"end":{"line":88,"column":10}},"42":{"start":{"line":91,"column":8},"end":{"line":91,"column":44}},"43":{"start":{"line":93,"column":8},"end":{"line":93,"column":63}},"44":{"start":{"line":94,"column":8},"end":{"line":94,"column":89}},"45":{"start":{"line":96,"column":8},"end":{"line":96,"column":38}},"46":{"start":{"line":100,"column":4},"end":{"line":100,"column":24}},"47":{"start":{"line":104,"column":33},"end":{"line":112,"column":3}},"48":{"start":{"line":105,"column":18},"end":{"line":105,"column":59}},"49":{"start":{"line":105,"column":47},"end":{"line":105,"column":58}},"50":{"start":{"line":106,"column":15},"end":{"line":106,"column":17}},"51":{"start":{"line":106,"column":27},"end":{"line":106,"column":29}},"52":{"start":{"line":106,"column":41},"end":{"line":106,"column":43}},"53":{"start":{"line":107,"column":4},"end":{"line":110,"column":120}},"54":{"start":{"line":107,"column":28},"end":{"line":107,"column":44}},"55":{"start":{"line":108,"column":9},"end":{"line":110,"column":120}},"56":{"start":{"line":108,"column":35},"end":{"line":108,"column":51}},"57":{"start":{"line":108,"column":52},"end":{"line":108,"column":71}},"58":{"start":{"line":109,"column":9},"end":{"line":110,"column":120}},"59":{"start":{"line":109,"column":35},"end":{"line":109,"column":51}},"60":{"start":{"line":109,"column":52},"end":{"line":109,"column":69}},"61":{"start":{"line":109,"column":70},"end":{"line":109,"column":89}},"62":{"start":{"line":110,"column":9},"end":{"line":110,"column":120}},"63":{"start":{"line":110,"column":34},"end":{"line":110,"column":50}},"64":{"start":{"line":110,"column":51},"end":{"line":110,"column":83}},"65":{"start":{"line":110,"column":84},"end":{"line":110,"column":118}},"66":{"start":{"line":111,"column":4},"end":{"line":111,"column":36}},"67":{"start":{"line":114,"column":29},"end":{"line":123,"column":3}},"68":{"start":{"line":116,"column":4},"end":{"line":121,"column":5}},"69":{"start":{"line":117,"column":21},"end":{"line":117,"column":59}},"70":{"start":{"line":118,"column":6},"end":{"line":118,"column":226}},"71":{"start":{"line":120,"column":6},"end":{"line":120,"column":483}},"72":{"start":{"line":122,"column":4},"end":{"line":122,"column":62}},"73":{"start":{"line":125,"column":34},"end":{"line":134,"column":3}},"74":{"start":{"line":127,"column":4},"end":{"line":132,"column":5}},"75":{"start":{"line":128,"column":21},"end":{"line":128,"column":59}},"76":{"start":{"line":129,"column":6},"end":{"line":129,"column":231}},"77":{"start":{"line":131,"column":6},"end":{"line":131,"column":488}},"78":{"start":{"line":133,"column":4},"end":{"line":133,"column":72}},"79":{"start":{"line":136,"column":27},"end":{"line":143,"column":8}},"80":{"start":{"line":145,"column":29},"end":{"line":165,"column":4}},"81":{"start":{"line":146,"column":45},"end":{"line":158,"column":6}},"82":{"start":{"line":159,"column":31},"end":{"line":159,"column":120}},"83":{"start":{"line":160,"column":40},"end":{"line":160,"column":75}},"84":{"start":{"line":161,"column":37},"end":{"line":161,"column":70}},"85":{"start":{"line":162,"column":37},"end":{"line":162,"column":70}},"86":{"start":{"line":163,"column":30},"end":{"line":163,"column":195}},"87":{"start":{"line":164,"column":44},"end":{"line":164,"column":235}},"88":{"start":{"line":167,"column":2},"end":{"line":514,"column":4}},"89":{"start":{"line":241,"column":57},"end":{"line":241,"column":85}},"90":{"start":{"line":243,"column":20},"end":{"line":243,"column":111}},"91":{"start":{"line":251,"column":42},"end":{"line":251,"column":113}},"92":{"start":{"line":260,"column":43},"end":{"line":260,"column":106}},"93":{"start":{"line":288,"column":31},"end":{"line":288,"column":65}},"94":{"start":{"line":319,"column":40},"end":{"line":319,"column":104}},"95":{"start":{"line":338,"column":37},"end":{"line":338,"column":111}},"96":{"start":{"line":354,"column":42},"end":{"line":354,"column":104}},"97":{"start":{"line":372,"column":39},"end":{"line":372,"column":111}},"98":{"start":{"line":398,"column":42},"end":{"line":398,"column":104}},"99":{"start":{"line":417,"column":39},"end":{"line":417,"column":111}},"100":{"start":{"line":433,"column":44},"end":{"line":433,"column":104}},"101":{"start":{"line":451,"column":41},"end":{"line":451,"column":111}},"102":{"start":{"line":467,"column":14},"end":{"line":468,"column":null}},"103":{"start":{"line":475,"column":31},"end":{"line":475,"column":87}},"104":{"start":{"line":493,"column":31},"end":{"line":493,"column":88}},"105":{"start":{"line":507,"column":31},"end":{"line":507,"column":90}},"106":{"start":{"line":517,"column":0},"end":{"line":517,"column":36}}},"fnMap":{"0":{"name":"(anonymous_7)","decl":{"start":{"line":14,"column":39},"end":{"line":14,"column":42}},"loc":{"start":{"line":14,"column":44},"end":{"line":515,"column":1}}},"1":{"name":"(anonymous_8)","decl":{"start":{"line":42,"column":12},"end":{"line":42,"column":15}},"loc":{"start":{"line":42,"column":17},"end":{"line":72,"column":3}}},"2":{"name":"(anonymous_9)","decl":{"start":{"line":74,"column":12},"end":{"line":74,"column":15}},"loc":{"start":{"line":74,"column":17},"end":{"line":101,"column":3}}},"3":{"name":"(anonymous_10)","decl":{"start":{"line":75,"column":30},"end":{"line":75,"column":35}},"loc":{"start":{"line":75,"column":41},"end":{"line":98,"column":5}}},"4":{"name":"(anonymous_11)","decl":{"start":{"line":85,"column":40},"end":{"line":85,"column":41}},"loc":{"start":{"line":85,"column":59},"end":{"line":88,"column":10}}},"5":{"name":"(anonymous_12)","decl":{"start":{"line":104,"column":33},"end":{"line":104,"column":34}},"loc":{"start":{"line":104,"column":51},"end":{"line":112,"column":3}}},"6":{"name":"(anonymous_13)","decl":{"start":{"line":105,"column":39},"end":{"line":105,"column":43}},"loc":{"start":{"line":105,"column":47},"end":{"line":105,"column":58}}},"7":{"name":"(anonymous_14)","decl":{"start":{"line":114,"column":29},"end":{"line":114,"column":30}},"loc":{"start":{"line":114,"column":47},"end":{"line":123,"column":3}}},"8":{"name":"(anonymous_15)","decl":{"start":{"line":125,"column":34},"end":{"line":125,"column":35}},"loc":{"start":{"line":125,"column":52},"end":{"line":134,"column":3}}},"9":{"name":"(anonymous_16)","decl":{"start":{"line":146,"column":13},"end":{"line":146,"column":14}},"loc":{"start":{"line":146,"column":45},"end":{"line":158,"column":6}}},"10":{"name":"(anonymous_17)","decl":{"start":{"line":159,"column":11},"end":{"line":159,"column":12}},"loc":{"start":{"line":159,"column":31},"end":{"line":159,"column":120}}},"11":{"name":"(anonymous_18)","decl":{"start":{"line":160,"column":20},"end":{"line":160,"column":21}},"loc":{"start":{"line":160,"column":40},"end":{"line":160,"column":75}}},"12":{"name":"(anonymous_19)","decl":{"start":{"line":161,"column":17},"end":{"line":161,"column":18}},"loc":{"start":{"line":161,"column":37},"end":{"line":161,"column":70}}},"13":{"name":"(anonymous_20)","decl":{"start":{"line":162,"column":17},"end":{"line":162,"column":18}},"loc":{"start":{"line":162,"column":37},"end":{"line":162,"column":70}}},"14":{"name":"(anonymous_21)","decl":{"start":{"line":163,"column":10},"end":{"line":163,"column":11}},"loc":{"start":{"line":163,"column":30},"end":{"line":163,"column":195}}},"15":{"name":"(anonymous_22)","decl":{"start":{"line":164,"column":12},"end":{"line":164,"column":13}},"loc":{"start":{"line":164,"column":44},"end":{"line":164,"column":235}}},"16":{"name":"(anonymous_23)","decl":{"start":{"line":241,"column":47},"end":{"line":241,"column":53}},"loc":{"start":{"line":241,"column":57},"end":{"line":241,"column":85}}},"17":{"name":"(anonymous_24)","decl":{"start":{"line":242,"column":28},"end":{"line":242,"column":29}},"loc":{"start":{"line":243,"column":20},"end":{"line":243,"column":111}}},"18":{"name":"(anonymous_25)","decl":{"start":{"line":251,"column":36},"end":{"line":251,"column":39}},"loc":{"start":{"line":251,"column":42},"end":{"line":251,"column":113}}},"19":{"name":"(anonymous_26)","decl":{"start":{"line":260,"column":36},"end":{"line":260,"column":37}},"loc":{"start":{"line":260,"column":43},"end":{"line":260,"column":106}}},"20":{"name":"(anonymous_27)","decl":{"start":{"line":271,"column":28},"end":{"line":271,"column":31}},"loc":{"start":{"line":271,"column":33},"end":{"line":271,"column":36}}},"21":{"name":"(anonymous_28)","decl":{"start":{"line":288,"column":25},"end":{"line":288,"column":28}},"loc":{"start":{"line":288,"column":31},"end":{"line":288,"column":65}}},"22":{"name":"(anonymous_29)","decl":{"start":{"line":319,"column":30},"end":{"line":319,"column":31}},"loc":{"start":{"line":319,"column":40},"end":{"line":319,"column":104}}},"23":{"name":"(anonymous_30)","decl":{"start":{"line":338,"column":30},"end":{"line":338,"column":31}},"loc":{"start":{"line":338,"column":37},"end":{"line":338,"column":111}}},"24":{"name":"(anonymous_31)","decl":{"start":{"line":354,"column":32},"end":{"line":354,"column":33}},"loc":{"start":{"line":354,"column":42},"end":{"line":354,"column":104}}},"25":{"name":"(anonymous_32)","decl":{"start":{"line":372,"column":32},"end":{"line":372,"column":33}},"loc":{"start":{"line":372,"column":39},"end":{"line":372,"column":111}}},"26":{"name":"(anonymous_33)","decl":{"start":{"line":398,"column":32},"end":{"line":398,"column":33}},"loc":{"start":{"line":398,"column":42},"end":{"line":398,"column":104}}},"27":{"name":"(anonymous_34)","decl":{"start":{"line":417,"column":32},"end":{"line":417,"column":33}},"loc":{"start":{"line":417,"column":39},"end":{"line":417,"column":111}}},"28":{"name":"(anonymous_35)","decl":{"start":{"line":433,"column":34},"end":{"line":433,"column":35}},"loc":{"start":{"line":433,"column":44},"end":{"line":433,"column":104}}},"29":{"name":"(anonymous_36)","decl":{"start":{"line":451,"column":34},"end":{"line":451,"column":35}},"loc":{"start":{"line":451,"column":41},"end":{"line":451,"column":111}}},"30":{"name":"(anonymous_37)","decl":{"start":{"line":466,"column":34},"end":{"line":466,"column":35}},"loc":{"start":{"line":467,"column":14},"end":{"line":468,"column":null}}},"31":{"name":"(anonymous_38)","decl":{"start":{"line":475,"column":25},"end":{"line":475,"column":28}},"loc":{"start":{"line":475,"column":31},"end":{"line":475,"column":87}}},"32":{"name":"(anonymous_39)","decl":{"start":{"line":493,"column":24},"end":{"line":493,"column":25}},"loc":{"start":{"line":493,"column":31},"end":{"line":493,"column":88}}},"33":{"name":"(anonymous_40)","decl":{"start":{"line":507,"column":24},"end":{"line":507,"column":25}},"loc":{"start":{"line":507,"column":31},"end":{"line":507,"column":90}}}},"branchMap":{"0":{"loc":{"start":{"line":43,"column":4},"end":{"line":71,"column":5}},"type":"if","locations":[{"start":{"line":43,"column":4},"end":{"line":71,"column":5}},{"start":{"line":69,"column":11},"end":{"line":71,"column":5}}]},"1":{"loc":{"start":{"line":43,"column":8},"end":{"line":43,"column":29}},"type":"binary-expr","locations":[{"start":{"line":43,"column":8},"end":{"line":43,"column":14}},{"start":{"line":43,"column":18},"end":{"line":43,"column":29}}]},"2":{"loc":{"start":{"line":47,"column":6},"end":{"line":50,"column":7}},"type":"if","locations":[{"start":{"line":47,"column":6},"end":{"line":50,"column":7}}]},"3":{"loc":{"start":{"line":52,"column":6},"end":{"line":68,"column":7}},"type":"if","locations":[{"start":{"line":52,"column":6},"end":{"line":68,"column":7}},{"start":{"line":66,"column":13},"end":{"line":68,"column":7}}]},"4":{"loc":{"start":{"line":52,"column":10},"end":{"line":52,"column":47}},"type":"binary-expr","locations":[{"start":{"line":52,"column":10},"end":{"line":52,"column":24}},{"start":{"line":52,"column":28},"end":{"line":52,"column":47}}]},"5":{"loc":{"start":{"line":55,"column":8},"end":{"line":65,"column":9}},"type":"if","locations":[{"start":{"line":55,"column":8},"end":{"line":65,"column":9}},{"start":{"line":59,"column":15},"end":{"line":65,"column":9}}]},"6":{"loc":{"start":{"line":55,"column":12},"end":{"line":55,"column":53}},"type":"binary-expr","locations":[{"start":{"line":55,"column":12},"end":{"line":55,"column":37}},{"start":{"line":55,"column":41},"end":{"line":55,"column":53}}]},"7":{"loc":{"start":{"line":59,"column":15},"end":{"line":65,"column":9}},"type":"if","locations":[{"start":{"line":59,"column":15},"end":{"line":65,"column":9}},{"start":{"line":63,"column":15},"end":{"line":65,"column":9}}]},"8":{"loc":{"start":{"line":59,"column":19},"end":{"line":59,"column":64}},"type":"binary-expr","locations":[{"start":{"line":59,"column":19},"end":{"line":59,"column":49}},{"start":{"line":59,"column":53},"end":{"line":59,"column":64}}]},"9":{"loc":{"start":{"line":80,"column":8},"end":{"line":82,"column":9}},"type":"if","locations":[{"start":{"line":80,"column":8},"end":{"line":82,"column":9}}]},"10":{"loc":{"start":{"line":107,"column":4},"end":{"line":110,"column":120}},"type":"if","locations":[{"start":{"line":107,"column":4},"end":{"line":110,"column":120}},{"start":{"line":108,"column":9},"end":{"line":110,"column":120}}]},"11":{"loc":{"start":{"line":108,"column":9},"end":{"line":110,"column":120}},"type":"if","locations":[{"start":{"line":108,"column":9},"end":{"line":110,"column":120}},{"start":{"line":109,"column":9},"end":{"line":110,"column":120}}]},"12":{"loc":{"start":{"line":109,"column":9},"end":{"line":110,"column":120}},"type":"if","locations":[{"start":{"line":109,"column":9},"end":{"line":110,"column":120}},{"start":{"line":110,"column":9},"end":{"line":110,"column":120}}]},"13":{"loc":{"start":{"line":110,"column":9},"end":{"line":110,"column":120}},"type":"if","locations":[{"start":{"line":110,"column":9},"end":{"line":110,"column":120}}]},"14":{"loc":{"start":{"line":116,"column":4},"end":{"line":121,"column":5}},"type":"if","locations":[{"start":{"line":116,"column":4},"end":{"line":121,"column":5}},{"start":{"line":119,"column":11},"end":{"line":121,"column":5}}]},"15":{"loc":{"start":{"line":116,"column":8},"end":{"line":116,"column":41}},"type":"binary-expr","locations":[{"start":{"line":116,"column":8},"end":{"line":116,"column":23}},{"start":{"line":116,"column":27},"end":{"line":116,"column":41}}]},"16":{"loc":{"start":{"line":118,"column":120},"end":{"line":118,"column":223}},"type":"binary-expr","locations":[{"start":{"line":118,"column":120},"end":{"line":118,"column":134}},{"start":{"line":118,"column":138},"end":{"line":118,"column":223}}]},"17":{"loc":{"start":{"line":120,"column":34},"end":{"line":120,"column":56}},"type":"binary-expr","locations":[{"start":{"line":120,"column":34},"end":{"line":120,"column":50}},{"start":{"line":120,"column":54},"end":{"line":120,"column":56}}]},"18":{"loc":{"start":{"line":120,"column":64},"end":{"line":120,"column":120}},"type":"binary-expr","locations":[{"start":{"line":120,"column":64},"end":{"line":120,"column":77}},{"start":{"line":120,"column":81},"end":{"line":120,"column":94}},{"start":{"line":120,"column":98},"end":{"line":120,"column":114}},{"start":{"line":120,"column":118},"end":{"line":120,"column":120}}]},"19":{"loc":{"start":{"line":120,"column":129},"end":{"line":120,"column":149}},"type":"binary-expr","locations":[{"start":{"line":120,"column":129},"end":{"line":120,"column":143}},{"start":{"line":120,"column":147},"end":{"line":120,"column":149}}]},"20":{"loc":{"start":{"line":120,"column":158},"end":{"line":120,"column":307}},"type":"binary-expr","locations":[{"start":{"line":120,"column":158},"end":{"line":120,"column":172}},{"start":{"line":120,"column":176},"end":{"line":120,"column":307}}]},"21":{"loc":{"start":{"line":120,"column":177},"end":{"line":120,"column":233}},"type":"binary-expr","locations":[{"start":{"line":120,"column":177},"end":{"line":120,"column":190}},{"start":{"line":120,"column":194},"end":{"line":120,"column":207}},{"start":{"line":120,"column":211},"end":{"line":120,"column":227}},{"start":{"line":120,"column":231},"end":{"line":120,"column":233}}]},"22":{"loc":{"start":{"line":120,"column":235},"end":{"line":120,"column":255}},"type":"binary-expr","locations":[{"start":{"line":120,"column":235},"end":{"line":120,"column":249}},{"start":{"line":120,"column":253},"end":{"line":120,"column":255}}]},"23":{"loc":{"start":{"line":120,"column":257},"end":{"line":120,"column":279}},"type":"binary-expr","locations":[{"start":{"line":120,"column":257},"end":{"line":120,"column":273}},{"start":{"line":120,"column":277},"end":{"line":120,"column":279}}]},"24":{"loc":{"start":{"line":120,"column":316},"end":{"line":120,"column":480}},"type":"binary-expr","locations":[{"start":{"line":120,"column":316},"end":{"line":120,"column":330}},{"start":{"line":120,"column":334},"end":{"line":120,"column":480}}]},"25":{"loc":{"start":{"line":120,"column":337},"end":{"line":120,"column":393}},"type":"binary-expr","locations":[{"start":{"line":120,"column":337},"end":{"line":120,"column":350}},{"start":{"line":120,"column":354},"end":{"line":120,"column":367}},{"start":{"line":120,"column":371},"end":{"line":120,"column":387}},{"start":{"line":120,"column":391},"end":{"line":120,"column":393}}]},"26":{"loc":{"start":{"line":120,"column":397},"end":{"line":120,"column":417}},"type":"binary-expr","locations":[{"start":{"line":120,"column":397},"end":{"line":120,"column":411}},{"start":{"line":120,"column":415},"end":{"line":120,"column":417}}]},"27":{"loc":{"start":{"line":120,"column":421},"end":{"line":120,"column":443}},"type":"binary-expr","locations":[{"start":{"line":120,"column":421},"end":{"line":120,"column":437}},{"start":{"line":120,"column":441},"end":{"line":120,"column":443}}]},"28":{"loc":{"start":{"line":127,"column":4},"end":{"line":132,"column":5}},"type":"if","locations":[{"start":{"line":127,"column":4},"end":{"line":132,"column":5}},{"start":{"line":130,"column":11},"end":{"line":132,"column":5}}]},"29":{"loc":{"start":{"line":127,"column":8},"end":{"line":127,"column":41}},"type":"binary-expr","locations":[{"start":{"line":127,"column":8},"end":{"line":127,"column":23}},{"start":{"line":127,"column":27},"end":{"line":127,"column":41}}]},"30":{"loc":{"start":{"line":129,"column":125},"end":{"line":129,"column":228}},"type":"binary-expr","locations":[{"start":{"line":129,"column":125},"end":{"line":129,"column":139}},{"start":{"line":129,"column":143},"end":{"line":129,"column":228}}]},"31":{"loc":{"start":{"line":131,"column":39},"end":{"line":131,"column":61}},"type":"binary-expr","locations":[{"start":{"line":131,"column":39},"end":{"line":131,"column":55}},{"start":{"line":131,"column":59},"end":{"line":131,"column":61}}]},"32":{"loc":{"start":{"line":131,"column":69},"end":{"line":131,"column":125}},"type":"binary-expr","locations":[{"start":{"line":131,"column":69},"end":{"line":131,"column":82}},{"start":{"line":131,"column":86},"end":{"line":131,"column":99}},{"start":{"line":131,"column":103},"end":{"line":131,"column":119}},{"start":{"line":131,"column":123},"end":{"line":131,"column":125}}]},"33":{"loc":{"start":{"line":131,"column":134},"end":{"line":131,"column":154}},"type":"binary-expr","locations":[{"start":{"line":131,"column":134},"end":{"line":131,"column":148}},{"start":{"line":131,"column":152},"end":{"line":131,"column":154}}]},"34":{"loc":{"start":{"line":131,"column":163},"end":{"line":131,"column":312}},"type":"binary-expr","locations":[{"start":{"line":131,"column":163},"end":{"line":131,"column":177}},{"start":{"line":131,"column":181},"end":{"line":131,"column":312}}]},"35":{"loc":{"start":{"line":131,"column":182},"end":{"line":131,"column":238}},"type":"binary-expr","locations":[{"start":{"line":131,"column":182},"end":{"line":131,"column":195}},{"start":{"line":131,"column":199},"end":{"line":131,"column":212}},{"start":{"line":131,"column":216},"end":{"line":131,"column":232}},{"start":{"line":131,"column":236},"end":{"line":131,"column":238}}]},"36":{"loc":{"start":{"line":131,"column":240},"end":{"line":131,"column":260}},"type":"binary-expr","locations":[{"start":{"line":131,"column":240},"end":{"line":131,"column":254}},{"start":{"line":131,"column":258},"end":{"line":131,"column":260}}]},"37":{"loc":{"start":{"line":131,"column":262},"end":{"line":131,"column":284}},"type":"binary-expr","locations":[{"start":{"line":131,"column":262},"end":{"line":131,"column":278}},{"start":{"line":131,"column":282},"end":{"line":131,"column":284}}]},"38":{"loc":{"start":{"line":131,"column":321},"end":{"line":131,"column":485}},"type":"binary-expr","locations":[{"start":{"line":131,"column":321},"end":{"line":131,"column":335}},{"start":{"line":131,"column":339},"end":{"line":131,"column":485}}]},"39":{"loc":{"start":{"line":131,"column":342},"end":{"line":131,"column":398}},"type":"binary-expr","locations":[{"start":{"line":131,"column":342},"end":{"line":131,"column":355}},{"start":{"line":131,"column":359},"end":{"line":131,"column":372}},{"start":{"line":131,"column":376},"end":{"line":131,"column":392}},{"start":{"line":131,"column":396},"end":{"line":131,"column":398}}]},"40":{"loc":{"start":{"line":131,"column":402},"end":{"line":131,"column":422}},"type":"binary-expr","locations":[{"start":{"line":131,"column":402},"end":{"line":131,"column":416}},{"start":{"line":131,"column":420},"end":{"line":131,"column":422}}]},"41":{"loc":{"start":{"line":131,"column":426},"end":{"line":131,"column":448}},"type":"binary-expr","locations":[{"start":{"line":131,"column":426},"end":{"line":131,"column":442}},{"start":{"line":131,"column":446},"end":{"line":131,"column":448}}]},"42":{"loc":{"start":{"line":136,"column":27},"end":{"line":143,"column":8}},"type":"cond-expr","locations":[{"start":{"line":137,"column":6},"end":{"line":137,"column":57}},{"start":{"line":138,"column":6},"end":{"line":143,"column":8}}]},"43":{"loc":{"start":{"line":148,"column":19},"end":{"line":148,"column":58}},"type":"cond-expr","locations":[{"start":{"line":148,"column":37},"end":{"line":148,"column":46}},{"start":{"line":148,"column":49},"end":{"line":148,"column":58}}]},"44":{"loc":{"start":{"line":153,"column":17},"end":{"line":153,"column":63}},"type":"cond-expr","locations":[{"start":{"line":153,"column":35},"end":{"line":153,"column":54}},{"start":{"line":153,"column":57},"end":{"line":153,"column":63}}]},"45":{"loc":{"start":{"line":155,"column":21},"end":{"line":155,"column":60}},"type":"cond-expr","locations":[{"start":{"line":155,"column":39},"end":{"line":155,"column":48}},{"start":{"line":155,"column":51},"end":{"line":155,"column":60}}]},"46":{"loc":{"start":{"line":164,"column":76},"end":{"line":164,"column":143}},"type":"cond-expr","locations":[{"start":{"line":164,"column":95},"end":{"line":164,"column":104}},{"start":{"line":164,"column":107},"end":{"line":164,"column":143}}]},"47":{"loc":{"start":{"line":164,"column":107},"end":{"line":164,"column":143}},"type":"cond-expr","locations":[{"start":{"line":164,"column":125},"end":{"line":164,"column":134}},{"start":{"line":164,"column":137},"end":{"line":164,"column":143}}]},"48":{"loc":{"start":{"line":164,"column":152},"end":{"line":164,"column":189}},"type":"cond-expr","locations":[{"start":{"line":164,"column":171},"end":{"line":164,"column":177}},{"start":{"line":164,"column":180},"end":{"line":164,"column":189}}]},"49":{"loc":{"start":{"line":175,"column":9},"end":{"line":182,"column":null}},"type":"binary-expr","locations":[{"start":{"line":175,"column":9},"end":{"line":175,"column":24}},{"start":{"line":176,"column":10},"end":{"line":181,"column":null}}]},"50":{"loc":{"start":{"line":199,"column":13},"end":{"line":202,"column":null}},"type":"binary-expr","locations":[{"start":{"line":199,"column":13},"end":{"line":199,"column":19}},{"start":{"line":200,"column":14},"end":{"line":201,"column":null}}]},"51":{"loc":{"start":{"line":201,"column":47},"end":{"line":201,"column":133}},"type":"binary-expr","locations":[{"start":{"line":201,"column":47},"end":{"line":201,"column":59}},{"start":{"line":201,"column":63},"end":{"line":201,"column":133}}]},"52":{"loc":{"start":{"line":219,"column":13},"end":{"line":222,"column":null}},"type":"binary-expr","locations":[{"start":{"line":219,"column":13},"end":{"line":219,"column":24}},{"start":{"line":220,"column":14},"end":{"line":221,"column":null}}]},"53":{"loc":{"start":{"line":221,"column":47},"end":{"line":221,"column":153}},"type":"binary-expr","locations":[{"start":{"line":221,"column":47},"end":{"line":221,"column":64}},{"start":{"line":221,"column":68},"end":{"line":221,"column":153}}]},"54":{"loc":{"start":{"line":232,"column":13},"end":{"line":274,"column":null}},"type":"cond-expr","locations":[{"start":{"line":233,"column":14},"end":{"line":233,"column":null}},{"start":{"line":237,"column":14},"end":{"line":273,"column":null}}]},"55":{"loc":{"start":{"line":241,"column":25},"end":{"line":241,"column":94}},"type":"binary-expr","locations":[{"start":{"line":241,"column":25},"end":{"line":241,"column":86}},{"start":{"line":241,"column":90},"end":{"line":241,"column":94}}]},"56":{"loc":{"start":{"line":243,"column":66},"end":{"line":243,"column":108}},"type":"cond-expr","locations":[{"start":{"line":243,"column":83},"end":{"line":243,"column":103}},{"start":{"line":243,"column":106},"end":{"line":243,"column":108}}]},"57":{"loc":{"start":{"line":251,"column":42},"end":{"line":251,"column":113}},"type":"cond-expr","locations":[{"start":{"line":251,"column":62},"end":{"line":251,"column":83}},{"start":{"line":251,"column":86},"end":{"line":251,"column":113}}]},"58":{"loc":{"start":{"line":253,"column":17},"end":{"line":263,"column":null}},"type":"binary-expr","locations":[{"start":{"line":253,"column":17},"end":{"line":253,"column":34}},{"start":{"line":253,"column":38},"end":{"line":253,"column":62}},{"start":{"line":254,"column":19},"end":{"line":262,"column":null}}]},"59":{"loc":{"start":{"line":286,"column":18},"end":{"line":286,"column":null}},"type":"cond-expr","locations":[{"start":{"line":286,"column":35},"end":{"line":286,"column":48}},{"start":{"line":286,"column":51},"end":{"line":286,"column":null}}]},"60":{"loc":{"start":{"line":292,"column":20},"end":{"line":292,"column":null}},"type":"cond-expr","locations":[{"start":{"line":292,"column":37},"end":{"line":292,"column":52}},{"start":{"line":292,"column":55},"end":{"line":292,"column":null}}]},"61":{"loc":{"start":{"line":297,"column":17},"end":{"line":297,"column":56}},"type":"cond-expr","locations":[{"start":{"line":297,"column":34},"end":{"line":297,"column":43}},{"start":{"line":297,"column":46},"end":{"line":297,"column":56}}]},"62":{"loc":{"start":{"line":337,"column":27},"end":{"line":337,"column":54}},"type":"binary-expr","locations":[{"start":{"line":337,"column":27},"end":{"line":337,"column":48}},{"start":{"line":337,"column":52},"end":{"line":337,"column":54}}]},"63":{"loc":{"start":{"line":344,"column":13},"end":{"line":376,"column":null}},"type":"binary-expr","locations":[{"start":{"line":344,"column":13},"end":{"line":344,"column":27}},{"start":{"line":345,"column":14},"end":{"line":375,"column":null}}]},"64":{"loc":{"start":{"line":356,"column":31},"end":{"line":356,"column":66}},"type":"binary-expr","locations":[{"start":{"line":356,"column":31},"end":{"line":356,"column":52}},{"start":{"line":356,"column":56},"end":{"line":356,"column":66}}]},"65":{"loc":{"start":{"line":371,"column":29},"end":{"line":371,"column":54}},"type":"binary-expr","locations":[{"start":{"line":371,"column":29},"end":{"line":371,"column":48}},{"start":{"line":371,"column":52},"end":{"line":371,"column":54}}]},"66":{"loc":{"start":{"line":382,"column":9},"end":{"line":458,"column":null}},"type":"binary-expr","locations":[{"start":{"line":382,"column":9},"end":{"line":382,"column":33}},{"start":{"line":383,"column":10},"end":{"line":457,"column":null}}]},"67":{"loc":{"start":{"line":400,"column":31},"end":{"line":400,"column":89}},"type":"binary-expr","locations":[{"start":{"line":400,"column":31},"end":{"line":400,"column":50}},{"start":{"line":400,"column":54},"end":{"line":400,"column":75}},{"start":{"line":400,"column":79},"end":{"line":400,"column":89}}]},"68":{"loc":{"start":{"line":416,"column":29},"end":{"line":416,"column":54}},"type":"binary-expr","locations":[{"start":{"line":416,"column":29},"end":{"line":416,"column":48}},{"start":{"line":416,"column":52},"end":{"line":416,"column":54}}]},"69":{"loc":{"start":{"line":423,"column":15},"end":{"line":455,"column":null}},"type":"binary-expr","locations":[{"start":{"line":423,"column":15},"end":{"line":423,"column":29}},{"start":{"line":424,"column":16},"end":{"line":454,"column":null}}]},"70":{"loc":{"start":{"line":435,"column":33},"end":{"line":435,"column":114}},"type":"binary-expr","locations":[{"start":{"line":435,"column":33},"end":{"line":435,"column":52}},{"start":{"line":435,"column":56},"end":{"line":435,"column":75}},{"start":{"line":435,"column":79},"end":{"line":435,"column":100}},{"start":{"line":435,"column":104},"end":{"line":435,"column":114}}]},"71":{"loc":{"start":{"line":450,"column":31},"end":{"line":450,"column":54}},"type":"binary-expr","locations":[{"start":{"line":450,"column":31},"end":{"line":450,"column":48}},{"start":{"line":450,"column":52},"end":{"line":450,"column":54}}]},"72":{"loc":{"start":{"line":471,"column":18},"end":{"line":473,"column":null}},"type":"cond-expr","locations":[{"start":{"line":472,"column":22},"end":{"line":472,"column":64}},{"start":{"line":473,"column":22},"end":{"line":473,"column":null}}]}},"s":{"0":1,"1":1,"2":1,"3":1,"4":1,"5":1,"6":1,"7":1,"8":4,"9":4,"10":4,"11":4,"12":4,"13":4,"14":4,"15":4,"16":2,"17":0,"18":0,"19":0,"20":0,"21":0,"22":0,"23":0,"24":0,"25":0,"26":0,"27":0,"28":0,"29":0,"30":2,"31":4,"32":2,"33":2,"34":2,"35":2,"36":2,"37":1,"38":0,"39":1,"40":1,"41":1,"42":1,"43":1,"44":1,"45":2,"46":2,"47":4,"48":0,"49":0,"50":0,"51":0,"52":0,"53":0,"54":0,"55":0,"56":0,"57":0,"58":0,"59":0,"60":0,"61":0,"62":0,"63":0,"64":0,"65":0,"66":0,"67":4,"68":0,"69":0,"70":0,"71":0,"72":0,"73":4,"74":0,"75":0,"76":0,"77":0,"78":0,"79":4,"80":4,"81":0,"82":0,"83":0,"84":0,"85":0,"86":0,"87":0,"88":4,"89":1,"90":0,"91":0,"92":0,"93":0,"94":0,"95":0,"96":0,"97":0,"98":0,"99":0,"100":0,"101":0,"102":16,"103":0,"104":0,"105":0,"106":1},"f":{"0":4,"1":2,"2":2,"3":2,"4":1,"5":0,"6":0,"7":0,"8":0,"9":0,"10":0,"11":0,"12":0,"13":0,"14":0,"15":0,"16":1,"17":0,"18":0,"19":0,"20":0,"21":0,"22":0,"23":0,"24":0,"25":0,"26":0,"27":0,"28":0,"29":0,"30":16,"31":0,"32":0,"33":0},"b":{"0":[0,2],"1":[2,0],"2":[0],"3":[0,0],"4":[0,0],"5":[0,0],"6":[0,0],"7":[0,0],"8":[0,0],"9":[0],"10":[0,0],"11":[0,0],"12":[0,0],"13":[0],"14":[0,0],"15":[0,0],"16":[0,0],"17":[0,0],"18":[0,0,0,0],"19":[0,0],"20":[0,0],"21":[0,0,0,0],"22":[0,0],"23":[0,0],"24":[0,0],"25":[0,0,0,0],"26":[0,0],"27":[0,0],"28":[0,0],"29":[0,0],"30":[0,0],"31":[0,0],"32":[0,0,0,0],"33":[0,0],"34":[0,0],"35":[0,0,0,0],"36":[0,0],"37":[0,0],"38":[0,0],"39":[0,0,0,0],"40":[0,0],"41":[0,0],"42":[0,4],"43":[0,0],"44":[0,0],"45":[0,0],"46":[0,0],"47":[0,0],"48":[0,0],"49":[4,0],"50":[4,0],"51":[0,0],"52":[4,0],"53":[0,0],"54":[2,2],"55":[2,2],"56":[0,0],"57":[0,0],"58":[2,1,1],"59":[0,4],"60":[0,4],"61":[0,4],"62":[4,4],"63":[4,0],"64":[0,0],"65":[0,0],"66":[4,0],"67":[0,0,0],"68":[0,0],"69":[0,0],"70":[0,0,0,0],"71":[0,0],"72":[0,16]}}
,"D:\\Xpress\\XPRESS_V3\\XPRESS_V2\\src\\components\\Create Request\\TravelRequestContext.tsx": {"path":"D:\\Xpress\\XPRESS_V3\\XPRESS_V2\\src\\components\\Create Request\\TravelRequestContext.tsx","statementMap":{"0":{"start":{"line":1,"column":0},"end":{"line":1,"column":101}},"1":{"start":{"line":2,"column":0},"end":{"line":2,"column":62}},"2":{"start":{"line":74,"column":13},"end":{"line":102,"column":2}},"3":{"start":{"line":104,"column":36},"end":{"line":233,"column":1}},"4":{"start":{"line":105,"column":2},"end":{"line":232,"column":3}},"5":{"start":{"line":107,"column":31},"end":{"line":107,"column":98}},"6":{"start":{"line":108,"column":6},"end":{"line":108,"column":87}},"7":{"start":{"line":111,"column":6},"end":{"line":121,"column":7}},"8":{"start":{"line":112,"column":8},"end":{"line":120,"column":10}},"9":{"start":{"line":122,"column":6},"end":{"line":122,"column":52}},"10":{"start":{"line":125,"column":6},"end":{"line":125,"column":50}},"11":{"start":{"line":128,"column":6},"end":{"line":128,"column":55}},"12":{"start":{"line":131,"column":6},"end":{"line":135,"column":8}},"13":{"start":{"line":138,"column":6},"end":{"line":138,"column":65}},"14":{"start":{"line":141,"column":6},"end":{"line":141,"column":63}},"15":{"start":{"line":144,"column":6},"end":{"line":144,"column":63}},"16":{"start":{"line":147,"column":6},"end":{"line":151,"column":8}},"17":{"start":{"line":154,"column":6},"end":{"line":154,"column":63}},"18":{"start":{"line":157,"column":6},"end":{"line":157,"column":61}},"19":{"start":{"line":160,"column":6},"end":{"line":160,"column":61}},"20":{"start":{"line":164,"column":6},"end":{"line":168,"column":8}},"21":{"start":{"line":171,"column":6},"end":{"line":175,"column":8}},"22":{"start":{"line":178,"column":6},"end":{"line":178,"column":57}},"23":{"start":{"line":181,"column":6},"end":{"line":181,"column":65}},"24":{"start":{"line":184,"column":32},"end":{"line":184,"column":75}},"25":{"start":{"line":185,"column":6},"end":{"line":185,"column":93}},"26":{"start":{"line":188,"column":33},"end":{"line":188,"column":77}},"27":{"start":{"line":189,"column":6},"end":{"line":189,"column":96}},"28":{"start":{"line":192,"column":6},"end":{"line":192,"column":58}},"29":{"start":{"line":195,"column":6},"end":{"line":195,"column":59}},"30":{"start":{"line":198,"column":6},"end":{"line":198,"column":55}},"31":{"start":{"line":201,"column":6},"end":{"line":201,"column":50}},"32":{"start":{"line":204,"column":6},"end":{"line":204,"column":52}},"33":{"start":{"line":207,"column":6},"end":{"line":214,"column":7}},"34":{"start":{"line":208,"column":8},"end":{"line":213,"column":10}},"35":{"start":{"line":215,"column":6},"end":{"line":215,"column":66}},"36":{"start":{"line":218,"column":6},"end":{"line":218,"column":58}},"37":{"start":{"line":221,"column":22},"end":{"line":221,"column":74}},"38":{"start":{"line":222,"column":6},"end":{"line":222,"column":58}},"39":{"start":{"line":225,"column":6},"end":{"line":225,"column":55}},"40":{"start":{"line":228,"column":6},"end":{"line":228,"column":26}},"41":{"start":{"line":231,"column":6},"end":{"line":231,"column":19}},"42":{"start":{"line":104,"column":13},"end":{"line":104,"column":36}},"43":{"start":{"line":236,"column":43},"end":{"line":251,"column":1}},"44":{"start":{"line":237,"column":2},"end":{"line":239,"column":3}},"45":{"start":{"line":238,"column":4},"end":{"line":238,"column":16}},"46":{"start":{"line":241,"column":22},"end":{"line":241,"column":100}},"47":{"start":{"line":243,"column":2},"end":{"line":245,"column":3}},"48":{"start":{"line":244,"column":4},"end":{"line":244,"column":138}},"49":{"start":{"line":247,"column":2},"end":{"line":249,"column":3}},"50":{"start":{"line":248,"column":4},"end":{"line":248,"column":124}},"51":{"start":{"line":250,"column":2},"end":{"line":250,"column":14}},"52":{"start":{"line":254,"column":34},"end":{"line":266,"column":1}},"53":{"start":{"line":255,"column":2},"end":{"line":265,"column":3}},"54":{"start":{"line":256,"column":23},"end":{"line":256,"column":51}},"55":{"start":{"line":257,"column":4},"end":{"line":260,"column":5}},"56":{"start":{"line":258,"column":19},"end":{"line":258,"column":41}},"57":{"start":{"line":259,"column":6},"end":{"line":259,"column":33}},"58":{"start":{"line":261,"column":4},"end":{"line":261,"column":16}},"59":{"start":{"line":263,"column":4},"end":{"line":263,"column":66}},"60":{"start":{"line":264,"column":4},"end":{"line":264,"column":16}},"61":{"start":{"line":268,"column":52},"end":{"line":284,"column":1}},"62":{"start":{"line":269,"column":2},"end":{"line":283,"column":4}},"63":{"start":{"line":286,"column":73},"end":{"li
[...]
4,"column":82},"end":{"line":114,"column":103}},{"start":{"line":114,"column":106},"end":{"line":114,"column":123}}]},"12":{"loc":{"start":{"line":129,"column":19},"end":{"line":132,"column":null}},"type":"cond-expr","locations":[{"start":{"line":130,"column":20},"end":{"line":130,"column":103}},{"start":{"line":132,"column":20},"end":{"line":132,"column":103}}]},"13":{"loc":{"start":{"line":151,"column":19},"end":{"line":154,"column":null}},"type":"binary-expr","locations":[{"start":{"line":151,"column":19},"end":{"line":151,"column":46}},{"start":{"line":152,"column":20},"end":{"line":153,"column":null}}]},"14":{"loc":{"start":{"line":159,"column":24},"end":{"line":164,"column":null}},"type":"cond-expr","locations":[{"start":{"line":159,"column":66},"end":{"line":159,"column":97}},{"start":{"line":160,"column":24},"end":{"line":164,"column":null}}]},"15":{"loc":{"start":{"line":160,"column":24},"end":{"line":164,"column":null}},"type":"cond-expr","locations":[{"start":{"line":160,"column":77},"end":{"line":160,"column":104}},{"start":{"line":161,"column":24},"end":{"line":164,"column":null}}]},"16":{"loc":{"start":{"line":161,"column":24},"end":{"line":164,"column":null}},"type":"cond-expr","locations":[{"start":{"line":161,"column":69},"end":{"line":161,"column":100}},{"start":{"line":162,"column":24},"end":{"line":164,"column":null}}]},"17":{"loc":{"start":{"line":162,"column":24},"end":{"line":164,"column":null}},"type":"cond-expr","locations":[{"start":{"line":162,"column":67},"end":{"line":162,"column":96}},{"start":{"line":163,"column":24},"end":{"line":164,"column":null}}]},"18":{"loc":{"start":{"line":163,"column":24},"end":{"line":164,"column":null}},"type":"cond-expr","locations":[{"start":{"line":163,"column":65},"end":{"line":163,"column":92}},{"start":{"line":164,"column":24},"end":{"line":164,"column":null}}]}},"s":{"0":2,"1":2,"2":2,"3":19,"4":1,"5":18,"6":18,"7":18,"8":18,"9":3,"10":6,"11":3,"12":15,"13":3,"14":3,"15":18,"16":22,"17":0,"18":22,"19":22,"20":18,"21":1,"22":18,"23":8,"24":5,"25":3,"26":18,"27":2,"28":3,"29":1,"30":1,"31":8,"32":8,"33":8,"34":1,"35":2},"f":{"0":19,"1":6,"2":22,"3":1,"4":8,"5":2,"6":3,"7":1,"8":1,"9":8,"10":1},"b":{"0":[1],"1":[3,15],"2":[2,1],"3":[3],"4":[0],"5":[5,3],"6":[18,13,2,1],"7":[1,0],"8":[0,1],"9":[12,6],"10":[0,12],"11":[0,0],"12":[5,3],"13":[8,3],"14":[0,8],"15":[5,3],"16":[0,3],"17":[3,0],"18":[0,0]}}
,"D:\\Xpress\\XPRESS_V3\\XPRESS_V2\\src\\pages\\admin\\calendar\\MonthView.tsx": {"path":"D:\\Xpress\\XPRESS_V3\\XPRESS_V2\\src\\pages\\admin\\calendar\\MonthView.tsx","statementMap":{"0":{"start":{"line":1,"column":0},"end":{"line":1,"column":26}},"1":{"start":{"line":12,"column":44},"end":{"line":115,"column":1}},"2":{"start":{"line":19,"column":31},"end":{"line":19,"column":103}},"3":{"start":{"line":20,"column":33},"end":{"line":20,"column":82}},"4":{"start":{"line":23,"column":16},"end":{"line":23,"column":26}},"5":{"start":{"line":24,"column":19},"end":{"line":24,"column":93}},"6":{"start":{"line":26,"column":25},"end":{"line":38,"column":3}},"7":{"start":{"line":27,"column":19},"end":{"line":30,"column":6}},"8":{"start":{"line":32,"column":4},"end":{"line":35,"column":7}},"9":{"start":{"line":33,"column":6},"end":{"line":33,"column":73}},"10":{"start":{"line":33,"column":46},"end":{"line":33,"column":73}},"11":{"start":{"line":34,"column":6},"end":{"line":34,"column":65}},"12":{"start":{"line":34,"column":42},"end":{"line":34,"column":65}},"13":{"start":{"line":37,"column":4},"end":{"line":37,"column":18}},"14":{"start":{"line":40,"column":2},"end":{"line":114,"column":4}},"15":{"start":{"line":44,"column":10},"end":{"line":44,"column":25}},"16":{"start":{"line":50,"column":23},"end":{"line":50,"column":83}},"17":{"start":{"line":52,"column":25},"end":{"line":52,"column":47}},"18":{"start":{"line":53,"column":25},"end":{"line":53,"column":47}},"19":{"start":{"line":56,"column":12},"end":{"line":57,"column":53}},"20":{"start":{"line":59,"column":26},"end":{"line":59,"column":63}},"21":{"start":{"line":62,"column":28},"end":{"line":62,"column":116}},"22":{"start":{"line":64,"column":10},"end":{"line":76,"column":11}},"23":{"start":{"line":66,"column":12},"end":{"line":66,"column":76}},"24":{"start":{"line":67,"column":17},"end":{"line":76,"column":11}},"25":{"start":{"line":69,"column":12},"end":{"line":69,"column":75}},"26":{"start":{"line":70,"column":17},"end":{"line":76,"column":11}},"27":{"start":{"line":72,"column":12},"end":{"line":72,"column":126}},"28":{"start":{"line":75,"column":12},"end":{"line":75,"column":75}},"29":{"start":{"line":78,"column":10},"end":{"line":110,"column":12}},"30":{"start":{"line":82,"column":29},"end":{"line":82,"column":52}},"31":{"start":{"line":117,"column":0},"end":{"line":117,"column":25}}},"fnMap":{"0":{"name":"(anonymous_1)","decl":{"start":{"line":12,"column":44},"end":{"line":12,"column":45}},"loc":{"start":{"line":18,"column":5},"end":{"line":115,"column":1}}},"1":{"name":"(anonymous_2)","decl":{"start":{"line":26,"column":25},"end":{"line":26,"column":26}},"loc":{"start":{"line":26,"column":105},"end":{"line":38,"column":3}}},"2":{"name":"(anonymous_3)","decl":{"start":{"line":32,"column":19},"end":{"line":32,"column":20}},"loc":{"start":{"line":32,"column":42},"end":{"line":35,"column":5}}},"3":{"name":"(anonymous_4)","decl":{"start":{"line":43,"column":26},"end":{"line":43,"column":27}},"loc":{"start":{"line":44,"column":10},"end":{"line":44,"column":25}}},"4":{"name":"(anonymous_5)","decl":{"start":{"line":48,"column":23},"end":{"line":48,"column":24}},"loc":{"start":{"line":48,"column":59},"end":{"line":111,"column":9}}},"5":{"name":"(anonymous_6)","decl":{"start":{"line":82,"column":23},"end":{"line":82,"column":26}},"loc":{"start":{"line":82,"column":29},"end":{"line":82,"column":52}}}},"branchMap":{"0":{"loc":{"start":{"line":33,"column":6},"end":{"line":33,"column":73}},"type":"if","locations":[{"start":{"line":33,"column":6},"end":{"line":33,"column":73}}]},"1":{"loc":{"start":{"line":34,"column":6},"end":{"line":34,"column":65}},"type":"if","locations":[{"start":{"line":34,"column":6},"end":{"line":34,"column":65}}]},"2":{"loc":{"start":{"line":56,"column":12},"end":{"line":57,"column":53}},"type":"binary-expr","locations":[{"start":{"line":56,"column":12},"end":{"line":56,"column":24}},{"start":{"line":57,"column":12},"end":{"line":57,"column":53}}]},"3":{"loc":{"start":{"line":64,"column":10},"end":{"line":76,"column":11}},"type":"if","locations":[{"start":{"line":64,"column":10},"end":{"line":76,"column":11}},{"start":{"line":67,"column":17},"end":{"line":76,"column":11}}]},"4":{"loc":{"start":{"line":67,"column":17},"end":{"line":76,"column":11}},"type":"if","locations":[{"start":{"line":67,"column":17},"end":{"line":76,"column":11}},{"start":{"line":70,"column":17},"end":{"line":76,"column":11}}]},"5":{"loc":{"start":{"line":70,"column":17},"end":{"line":76,"column":11}},"type":"if","locations":[{"start":{"line":70,"column":17},"end":{"line":76,"column":11}},{"start":{"line":73,"column":17},"end":{"line":76,"column":11}}]},"6":{"loc":{"start":{"line":86,"column":18},"end":{"line":92,"column":null}},"type":"cond-expr","locations":[{"start":{"line":87,"column":22},"end":{"line":87,"column":59}},{"start":{"line":88,"column":22},"end":{"line":92,"column":null}}]},"7":{"loc":{"start":{"line":88,"column":22},"end":{"line":92,"column":null}},"type":"cond-expr","locations":[{"start":{"line":89,"column":24},"end":{"line":89,"column":49}},{"start":{"line":90,"column":24},"end":{"line":92,"column":null}}]},"8":{"loc":{"start":{"line":90,"column":24},"end":{"line":92,"column":null}},"type":"cond-expr","locations":[{"start":{"line":91,"column":26},"end":{"line":91,"column":51}},{"start":{"line":92,"column":26},"end":{"line":92,"column":null}}]},"9":{"loc":{"start":{"line":98,"column":17},"end":{"line":101,"column":null}},"type":"binary-expr","locations":[{"start":{"line":98,"column":17},"end":{"line":98,"column":45}},{"start":{"line":99,"column":18},"end":{"line":100,"column":null}}]},"10":{"loc":{"start":{"line":103,"column":17},"end":{"line":106,"column":null}},"type":"binary-expr","locations":[{"start":{"line":103,"column":17},"end":{"line":103,"column":41}},{"start":{"line":104,"column":18},"end":{"line":105,"column":null}}]}},"s":{"0":1,"1":1,"2":9,"3":9,"4":9,"5":9,"6":9,"7":378,"8":378,"9":23,"10":10,"11":23,"12":13,"13":378,"14":9,"15":63,"16":378,"17":378,"18":378,"19":378,"20":378,"21":378,"22":378,"23":9,"24":369,"25":0,"26":369,"27":266,"28":103,"29":378,"30":0,"31":1},"f":{"0":9,"1":378,"2":23,"3":63,"4":378,"5":0},"b":{"0":[10],"1":[13],"2":[378,378],"3":[9,369],"4":[0,369],"5":[266,103],"6":[103,275],"7":[9,266],"8":[0,266],"9":[378,5],"10":[378,13]}}
,"D:\\Xpress\\XPRESS_V3\\XPRESS_V2\\src\\pages\\admin\\calendar\\ViewToggle.tsx": {"path":"D:\\Xpress\\XPRESS_V3\\XPRESS_V2\\src\\pages\\admin\\calendar\\ViewToggle.tsx","statementMap":{"0":{"start":{"line":6,"column":46},"end":{"line":23,"column":1}},"1":{"start":{"line":7,"column":2},"end":{"line":22,"column":4}},"2":{"start":{"line":11,"column":23},"end":{"line":11,"column":44}},"3":{"start":{"line":17,"column":23},"end":{"line":17,"column":43}},"4":{"start":{"line":25,"column":0},"end":{"line":25,"column":26}}},"fnMap":{"0":{"name":"(anonymous_0)","decl":{"start":{"line":6,"column":46},"end":{"line":6,"column":47}},"loc":{"start":{"line":6,"column":73},"end":{"line":23,"column":1}}},"1":{"name":"(anonymous_1)","decl":{"start":{"line":11,"column":17},"end":{"line":11,"column":20}},"loc":{"start":{"line":11,"column":23},"end":{"line":11,"column":44}}},"2":{"name":"(anonymous_2)","decl":{"start":{"line":17,"column":17},"end":{"line":17,"column":20}},"loc":{"start":{"line":17,"column":23},"end":{"line":17,"column":43}}}},"branchMap":{"0":{"loc":{"start":{"line":10,"column":43},"end":{"line":10,"column":116}},"type":"cond-expr","locations":[{"start":{"line":10,"column":62},"end":{"line":10,"column":86}},{"start":{"line":10,"column":89},"end":{"line":10,"column":116}}]},"1":{"loc":{"start":{"line":16,"column":43},"end":{"line":16,"column":115}},"type":"cond-expr","locations":[{"start":{"line":16,"column":61},"end":{"line":16,"column":85}},{"start":{"line":16,"column":88},"end":{"line":16,"column":115}}]}},"s":{"0":1,"1":11,"2":0,"3":1,"4":1},"f":{"0":11,"1":0,"2":1},"b":{"0":[9,2],"1":[2,9]}}
,"D:\\Xpress\\XPRESS_V3\\XPRESS_V2\\src\\pages\\admin\\calendar\\WeekView.tsx": {"path":"D:\\Xpress\\XPRESS_V3\\XPRESS_V2\\src\\pages\\admin\\calendar\\WeekView.tsx","statementMap":{"0":{"start":{"line":1,"column":0},"end":{"line":1,"column":26}},"1":{"start":{"line":3,"column":0},"end":{"line":3,"column":36}},"2":{"start":{"line":12,"column":42},"end":{"line":151,"column":1}},"3":{"start":{"line":18,"column":22},"end":{"line":18,"column":43}},"4":{"start":{"line":19,"column":2},"end":{"line":19,"column":77}},"5":{"start":{"line":21,"column":30},"end":{"line":30,"column":4}},"6":{"start":{"line":22,"column":20},"end":{"line":22,"column":41}},"7":{"start":{"line":23,"column":4},"end":{"line":23,"column":53}},"8":{"start":{"line":24,"column":4},"end":{"line":29,"column":6}},"9":{"start":{"line":33,"column":16},"end":{"line":33,"column":26}},"10":{"start":{"line":34,"column":19},"end":{"line":34,"column":93}},"11":{"start":{"line":36,"column":25},"end":{"line":38,"column":3}},"12":{"start":{"line":37,"column":4},"end":{"line":37,"column":28}},"13":{"start":{"line":40,"column":33},"end":{"line":74,"column":3}},"14":{"start":{"line":42,"column":20},"end":{"line":42,"column":80}},"15":{"start":{"line":44,"column":19},"end":{"line":44,"column":44}},"16":{"start":{"line":45,"column":38},"end":{"line":45,"column":40}},"17":{"start":{"line":47,"column":31},"end":{"line":47,"column":81}},"18":{"start":{"line":47,"column":50},"end":{"line":47,"column":80}},"19":{"start":{"line":48,"column":27},"end":{"line":48,"column":73}},"20":{"start":{"line":48,"column":46},"end":{"line":48,"column":72}},"21":{"start":{"line":50,"column":4},"end":{"line":60,"column":5}},"22":{"start":{"line":51,"column":6},"end":{"line":59,"column":8}},"23":{"start":{"line":56,"column":48},"end":{"line":56,"column":57}},"24":{"start":{"line":57,"column":25},"end":{"line":57,"column":48}},"25":{"start":{"line":62,"column":4},"end":{"line":72,"column":5}},"26":{"start":{"line":63,"column":6},"end":{"line":71,"column":8}},"27":{"start":{"line":68,"column":44},"end":{"line":68,"column":53}},"28":{"start":{"line":69,"column":25},"end":{"line":69,"column":48}},"29":{"start":{"line":73,"column":4},"end":{"line":73,"column":22}},"30":{"start":{"line":76,"column":2},"end":{"line":150,"column":4}},"31":{"start":{"line":81,"column":26},"end":{"line":81,"column":86}},"32":{"start":{"line":83,"column":29},"end":{"line":83,"column":89}},"33":{"start":{"line":84,"column":26},"end":{"line":84,"column":66}},"34":{"start":{"line":87,"column":30},"end":{"line":87,"column":80}},"35":{"start":{"line":88,"column":10},"end":{"line":94,"column":11}},"36":{"start":{"line":89,"column":12},"end":{"line":89,"column":55}},"37":{"start":{"line":90,"column":17},"end":{"line":94,"column":11}},"38":{"start":{"line":91,"column":12},"end":{"line":91,"column":55}},"39":{"start":{"line":93,"column":12},"end":{"line":93,"column":45}},"40":{"start":{"line":97,"column":31},"end":{"line":97,"column":121}},"41":{"start":{"line":99,"column":10},"end":{"line":108,"column":11}},"42":{"start":{"line":101,"column":12},"end":{"line":101,"column":78}},"43":{"start":{"line":102,"column":17},"end":{"line":108,"column":11}},"44":{"start":{"line":104,"column":12},"end":{"line":104,"column":78}},"45":{"start":{"line":107,"column":12},"end":{"line":107,"column":119}},"46":{"start":{"line":111,"column":33},"end":{"line":111,"column":77}},"47":{"start":{"line":112,"column":10},"end":{"line":118,"column":11}},"48":{"start":{"line":113,"column":12},"end":{"line":113,"column":81}},"49":{"start":{"line":114,"column":17},"end":{"line":118,"column":11}},"50":{"start":{"line":115,"column":12},"end":{"line":115,"column":80}},"51":{"start":{"line":117,"column":12},"end":{"line":117,"column":68}},"52":{"start":{"line":120,"column":10},"end":{"line":146,"column":12}},"53":{"start":{"line":128,"column":33},"end":{"line":128,"column":56}},"54":{"start":{"line":135,"column":31},"end":{"line":135,"column":54}},"55":{"start":{"line":153,"column":0},"end":{"line":153,"column":24}}},"fnMap":{"0":{"name":"(anonymous_1)","decl":{"start":{"line":12,"column":42},"end":{"line":12,"column":43}},"loc":{"start":{"line":17,"column":5},"end":{"line":151,"column":1}}},"1":{"name":"(anonymous_2)","decl":{"start":{"line":21,"column":56},"end":{"line":21,"column":57}},"loc":{"start":{"line":21,"column":65},"end":{"line":30,"column":3}}},"2":{"name":"(anonymous_3)","decl":{"start":{"line":36,"column":25},"end":{"line":36,"column":26}},"loc":{"start":{"line":36,"column":46},"end":{"line":38,"column":3}}},"3":{"name":"(anonymous_4)","decl":{"start":{"line":40,"column":33},"end":{"line":40,"column":34}},"loc":{"start":{"line":40,"column":69},"end":{"line":74,"column":3}}},"4":{"name":"(anonymous_5)","decl":{"start":{"line":47,"column":45},"end":{"line":47,"column":46}},"loc":{"start":{"line":47,"column":50},"end":{"line":47,"column":80}}},"5":{"name":"(anonymous_6)","decl":{"start":{"line":48,"column":41},"end":{"line":48,"column":42}},"loc":{"start":{"line":48,"column":46},"end":{"line":48,"column":72}}},"6":{"name":"(anonymous_7)","decl":{"start":{"line":56,"column":43},"end":{"line":56,"column":44}},"loc":{"start":{"line":56,"column":48},"end":{"line":56,"column":57}}},"7":{"name":"(anonymous_8)","decl":{"start":{"line":57,"column":19},"end":{"line":57,"column":22}},"loc":{"start":{"line":57,"column":25},"end":{"line":57,"column":48}}},"8":{"name":"(anonymous_9)","decl":{"start":{"line":68,"column":39},"end":{"line":68,"column":40}},"loc":{"start":{"line":68,"column":44},"end":{"line":68,"column":53}}},"9":{"name":"(anonymous_10)","decl":{"start":{"line":69,"column":19},"end":{"line":69,"column":22}},"loc":{"start":{"line":69,"column":25},"end":{"line":69,"column":48}}},"10":{"name":"(anonymous_11)","decl":{"start":{"line":79,"column":22},"end":{"line":79,"column":23}},"loc":{"start":{"line":79,"column":58},"end":{"line":147,"column":9}}},"11":{"name":"(anonymous_12)","decl":{"start":{"line":128,"column":27},"end":{"line":128,"column":30}},"loc":{"start":{"line":128,"column":33},"end":{"line":128,"column":56}}},"12":{"name":"(anonymous_13)","decl":{"start":{"line":135,"column":25},"end":{"line":135,"column":28}},"loc":{"start":{"line":135,"column":31},"end":{"line":135,"column":54}}}},"branchMap":{"0":{"loc":{"start":{"line":50,"column":4},"end":{"line":60,"column":5}},"type":"if","locations":[{"start":{"line":50,"column":4},"end":{"line":60,"column":5}}]},"1":{"loc":{"start":{"line":62,"column":4},"end":{"line":72,"column":5}},"type":"if","locations":[{"start":{"line":62,"column":4},"end":{"line":72,"column":5}}]},"2":{"loc":{"start":{"line":83,"column":29},"end":{"line":83,"column":89}},"type":"binary-expr","locations":[{"start":{"line":83,"column":29},"end":{"line":83,"column":41}},{"start":{"line":83,"column":45},"end":{"line":83,"column":89}}]},"3":{"loc":{"start":{"line":88,"column":10},"end":{"line":94,"column":11}},"type":"if","locations":[{"start":{"line":88,"column":10},"end":{"line":94,"column":11}},{"start":{"line":90,"column":17},"end":{"line":94,"column":11}}]},"4":{"loc":{"start":{"line":90,"column":17},"end":{"line":94,"column":11}},"type":"if","locations":[{"start":{"line":90,"column":17},"end":{"line":94,"column":11}},{"start":{"line":92,"column":17},"end":{"line":94,"column":11}}]},"5":{"loc":{"start":{"line":99,"column":10},"end":{"line":108,"column":11}},"type":"if","locations":[{"start":{"line":99,"column":10},"end":{"line":108,"column":11}},{"start":{"line":102,"column":17},"end":{"line":108,"column":11}}]},"6":{"loc":{"start":{"line":102,"column":17},"end":{"line":108,"column":11}},"type":"if","locations":[{"start":{"line":102,"column":17},"end":{"line":108,"column":11}},{"start":{"line":105,"column":17},"end":{"line":108,"column":11}}]},"7":{"loc":{"start":{"line":112,"column":10},"end":{"line":118,"column":11}},"type":"if","locations":[{"start":{"line":112,"column":10},"end":{"line":118,"column":11}},{"start":{"line":114,"column":17},"end":{"line":118,"column":11}}]},"8":{"loc":{"start":{"line":114,"column":17},"end":{"line":118,"column":11}},"type":"if","locations":[{"start":{"line":114,"column":17},"end":{"line":118,"column":11}},{"start":{"line":116,"column":17},"end":{"line":118,"column":11}}]},"9":{"loc":{"start":{"line":126,"column":20},"end":{"line":126,"column":null}},"type":"cond-expr","locations":[{"start":{"line":126,"column":33},"end":{"line":126,"column":48}},{"start":{"line":126,"column":51},"end":{"line":126,"column":null}}]},"10":{"loc":{"start":{"line":126,"column":51},"end":{"line":126,"column":null}},"type":"cond-expr","locations":[{"start":{"line":126,"column":61},"end":{"line":126,"column":76}},{"start":{"line":126,"column":79},"end":{"line":126,"column":null}}]},"11":{"loc":{"start":{"line":137,"column":17},"end":{"line":142,"column":null}},"type":"cond-expr","locations":[{"start":{"line":138,"column":18},"end":{"line":139,"column":null}},{"start":{"line":142,"column":18},"end":{"line":142,"column":100}}]}},"s":{"0":1,"1":1,"2":1,"3":2,"4":2,"5":2,"6":14,"7":14,"8":14,"9":2,"10":2,"11":2,"12":0,"13":2,"14":14,"15":14,"16":14,"17":14,"18":0,"19":14,"20":0,"21":14,"22":0,"23":0,"24":0,"25":14,"26":0,"27":0,"28":0,"29":14,"30":2,"31":14,"32":14,"33":14,"34":14,"35":14,"36":2,"37":12,"38":0,"39":12,"40":14,"41":14,"42":2,"43":12,"44":0,"45":12,"46":14,"47":14,"48":2,"49":12,"50":0,"51":12,"52":14,"53":0,"54":0,"55":1},"f":{"0":2,"1":14,"2":0,"3":14,"4":0,"5":0,"6":0,"7":0,"8":0,"9":0,"10":14,"11":0,"12":0},"b":{"0":[0],"1":[0],"2":[14,14],"3":[2,12],"4":[0,12],"5":[2,12],"6":[0,12],"7":[2,12],"8":[0,12],"9":[2,12],"10":[0,12],"11":[0,14]}}
}
