TN:
SF:src\App.tsx
FN:18,App
FNF:1
FNH:0
FNDA:0,App
DA:1,0
DA:2,0
DA:3,0
DA:4,0
DA:5,0
DA:6,0
DA:7,0
DA:8,0
DA:9,0
DA:10,0
DA:11,0
DA:12,0
DA:13,0
DA:14,0
DA:15,0
DA:16,0
DA:19,0
DA:80,0
LF:18
LH:0
BRF:0
BRH:0
end_of_record
TN:
SF:src\components\Create Request\AdditionalServicesSection.tsx
FN:7,(anonymous_1)
FN:19,(anonymous_2)
FN:30,(anonymous_3)
FN:52,(anonymous_4)
FN:67,(anonymous_5)
FN:98,(anonymous_6)
FN:120,(anonymous_7)
FN:151,(anonymous_8)
FNF:8
FNH:0
FNDA:0,(anonymous_1)
FNDA:0,(anonymous_2)
FNDA:0,(anonymous_3)
FNDA:0,(anonymous_4)
FNDA:0,(anonymous_5)
FNDA:0,(anonymous_6)
FNDA:0,(anonymous_7)
FNDA:0,(anonymous_8)
DA:1,0
DA:2,0
DA:3,0
DA:4,0
DA:5,0
DA:7,0
DA:8,0
DA:17,0
DA:19,0
DA:21,0
DA:27,0
DA:30,0
DA:32,0
DA:38,0
DA:41,0
DA:53,0
DA:68,0
DA:99,0
DA:121,0
DA:152,0
DA:171,0
LF:21
LH:0
BRDA:22,0,0,0
BRDA:22,0,1,0
BRDA:22,0,2,0
BRDA:22,0,3,0
BRDA:23,1,0,0
BRDA:23,1,1,0
BRDA:24,2,0,0
BRDA:24,2,1,0
BRDA:33,3,0,0
BRDA:33,3,1,0
BRDA:33,3,2,0
BRDA:33,3,3,0
BRDA:34,4,0,0
BRDA:34,4,1,0
BRDA:35,5,0,0
BRDA:35,5,1,0
BRDA:76,6,0,0
BRDA:76,6,1,0
BRDA:86,7,0,0
BRDA:86,7,1,0
BRDA:129,8,0,0
BRDA:129,8,1,0
BRDA:139,9,0,0
BRDA:139,9,1,0
BRF:24
BRH:0
end_of_record
TN:
SF:src\components\Create Request\BasicInfoSection.tsx
FN:4,(anonymous_1)
FN:24,(anonymous_2)
FN:45,(anonymous_3)
FN:75,(anonymous_4)
FN:96,(anonymous_5)
FNF:5
FNH:0
FNDA:0,(anonymous_1)
FNDA:0,(anonymous_2)
FNDA:0,(anonymous_3)
FNDA:0,(anonymous_4)
FNDA:0,(anonymous_5)
DA:1,0
DA:2,0
DA:4,0
DA:5,0
DA:6,0
DA:8,0
DA:24,0
DA:45,0
DA:75,0
DA:96,0
DA:117,0
LF:11
LH:0
BRDA:20,0,0,0
BRDA:20,0,1,0
BRDA:26,1,0,0
BRDA:26,1,1,0
BRDA:32,2,0,0
BRDA:32,2,1,0
BRDA:41,3,0,0
BRDA:41,3,1,0
BRDA:47,4,0,0
BRDA:47,4,1,0
BRDA:53,5,0,0
BRDA:53,5,1,0
BRDA:71,6,0,0
BRDA:71,6,1,0
BRDA:77,7,0,0
BRDA:77,7,1,0
BRDA:83,8,0,0
BRDA:83,8,1,0
BRDA:92,9,0,0
BRDA:92,9,1,0
BRDA:98,10,0,0
BRDA:98,10,1,0
BRDA:104,11,0,0
BRDA:104,11,1,0
BRF:24
BRH:0
end_of_record
TN:
SF:src\components\Create Request\CreateRequest.tsx
FN:5,(anonymous_1)
FNF:1
FNH:0
FNDA:0,(anonymous_1)
DA:1,0
DA:2,0
DA:3,0
DA:5,0
DA:6,0
DA:19,0
LF:6
LH:0
BRF:0
BRH:0
end_of_record
TN:
SF:src\components\Create Request\CreateRequestForm.tsx
FN:9,(anonymous_1)
FN:24,(anonymous_2)
FNF:2
FNH:0
FNDA:0,(anonymous_1)
FNDA:0,(anonymous_2)
DA:1,0
DA:2,0
DA:3,0
DA:4,0
DA:5,0
DA:6,0
DA:9,0
DA:10,0
DA:11,0
DA:13,0
DA:24,0
DA:39,0
LF:12
LH:0
BRF:0
BRH:0
end_of_record
TN:
SF:src\components\Create Request\LocationSearch.tsx
FN:35,(anonymous_9)
FN:46,(anonymous_10)
FN:47,(anonymous_11)
FN:56,(anonymous_12)
FN:59,(anonymous_13)
FN:76,(anonymous_14)
FN:94,(anonymous_15)
FN:130,(anonymous_16)
FN:134,(anonymous_17)
FN:167,(anonymous_18)
FN:179,(anonymous_19)
FN:200,(anonymous_20)
FN:213,(anonymous_21)
FNF:13
FNH:0
FNDA:0,(anonymous_9)
FNDA:0,(anonymous_10)
FNDA:0,(anonymous_11)
FNDA:0,(anonymous_12)
FNDA:0,(anonymous_13)
FNDA:0,(anonymous_14)
FNDA:0,(anonymous_15)
FNDA:0,(anonymous_16)
FNDA:0,(anonymous_17)
FNDA:0,(anonymous_18)
FNDA:0,(anonymous_19)
FNDA:0,(anonymous_20)
FNDA:0,(anonymous_21)
DA:1,0
DA:35,0
DA:41,0
DA:42,0
DA:43,0
DA:44,0
DA:46,0
DA:47,0
DA:48,0
DA:49,0
DA:51,0
DA:52,0
DA:56,0
DA:59,0
DA:60,0
DA:61,0
DA:62,0
DA:63,0
DA:74,0
DA:75,0
DA:77,0
DA:81,0
DA:84,0
DA:86,0
DA:88,0
DA:90,0
DA:94,0
DA:95,0
DA:98,0
DA:101,0
DA:103,0
DA:105,0
DA:107,0
DA:111,0
DA:112,0
DA:113,0
DA:115,0
DA:125,0
DA:126,0
DA:127,0
DA:130,0
DA:131,0
DA:134,0
DA:136,0
DA:137,0
DA:138,0
DA:141,0
DA:142,0
DA:143,0
DA:144,0
DA:148,0
DA:149,0
DA:150,0
DA:153,0
DA:162,0
DA:163,0
DA:164,0
DA:167,0
DA:168,0
DA:169,0
DA:170,0
DA:174,0
DA:181,0
DA:182,0
DA:202,0
DA:203,0
DA:205,0
DA:206,0
DA:207,0
DA:210,0
DA:213,0
DA:247,0
LF:72
LH:0
BRDA:37,0,0,0
BRDA:38,1,0,0
BRDA:39,2,0,0
BRDA:48,3,0,0
BRDA:48,3,1,0
BRDA:77,4,0,0
BRDA:77,4,1,0
BRDA:77,4,2,0
BRDA:77,4,3,0
BRDA:84,5,0,0
BRDA:84,5,1,0
BRDA:101,6,0,0
BRDA:111,7,0,0
BRDA:111,7,1,0
BRDA:111,7,2,0
BRDA:111,7,3,0
BRDA:112,8,0,0
BRDA:112,8,1,0
BRDA:113,9,0,0
BRDA:113,9,1,0
BRDA:131,10,0,0
BRDA:131,11,0,0
BRDA:131,11,1,0
BRDA:136,12,0,0
BRDA:136,12,1,0
BRDA:137,13,0,0
BRDA:137,13,1,0
BRDA:138,14,0,0
BRDA:138,14,1,0
BRDA:141,15,0,0
BRDA:148,16,0,0
BRDA:168,17,0,0
BRDA:168,18,0,0
BRDA:168,18,1,0
BRDA:181,19,0,0
BRDA:190,20,0,0
BRDA:190,20,1,0
BRDA:196,21,0,0
BRDA:196,21,1,0
BRDA:203,22,0,0
BRDA:203,23,0,0
BRDA:203,23,1,0
BRDA:223,24,0,0
BRDA:223,24,1,0
BRDA:238,25,0,0
BRDA:238,25,1,0
BRF:46
BRH:0
end_of_record
TN:
SF:src\components\Create Request\PurposeSection.tsx
FN:4,(anonymous_1)
FN:19,(anonymous_2)
FNF:2
FNH:0
FNDA:0,(anonymous_1)
FNDA:0,(anonymous_2)
DA:1,0
DA:2,0
DA:4,0
DA:5,0
DA:6,0
DA:8,0
DA:19,0
DA:29,0
LF:8
LH:0
BRF:0
BRH:0
end_of_record
TN:
SF:src\components\Create Request\TravelDetailsSection.tsx
FN:8,(anonymous_10)
FN:25,(anonymous_11)
FN:41,(anonymous_12)
FN:66,(anonymous_13)
FN:163,(anonymous_14)
FN:177,(anonymous_15)
FN:194,(anonymous_16)
FN:212,(anonymous_17)
FN:221,(anonymous_18)
FN:239,(anonymous_19)
FNF:10
FNH:0
FNDA:0,(anonymous_10)
FNDA:0,(anonymous_11)
FNDA:0,(anonymous_12)
FNDA:0,(anonymous_13)
FNDA:0,(anonymous_14)
FNDA:0,(anonymous_15)
FNDA:0,(anonymous_16)
FNDA:0,(anonymous_17)
FNDA:0,(anonymous_18)
FNDA:0,(anonymous_19)
DA:1,0
DA:2,0
DA:3,0
DA:4,0
DA:5,0
DA:6,0
DA:8,0
DA:9,0
DA:20,0
DA:23,0
DA:25,0
DA:27,0
DA:28,0
DA:32,0
DA:34,0
DA:37,0
DA:41,0
DA:42,0
DA:54,0
DA:57,0
DA:59,0
DA:62,0
DA:66,0
DA:67,0
DA:79,0
DA:82,0
DA:84,0
DA:87,0
DA:91,0
DA:100,0
DA:163,0
DA:178,0
DA:195,0
DA:213,0
DA:221,0
DA:239,0
DA:249,0
LF:37
LH:0
BRDA:27,0,0,0
BRDA:32,1,0,0
BRDA:32,1,1,0
BRDA:32,2,0,0
BRDA:32,2,1,0
BRDA:32,2,2,0
BRDA:32,2,3,0
BRDA:43,3,0,0
BRDA:43,3,1,0
BRDA:44,4,0,0
BRDA:44,4,1,0
BRDA:44,4,2,0
BRDA:44,4,3,0
BRDA:45,5,0,0
BRDA:45,5,1,0
BRDA:46,6,0,0
BRDA:46,6,1,0
BRDA:47,7,0,0
BRDA:47,7,1,0
BRDA:47,7,2,0
BRDA:47,7,3,0
BRDA:48,8,0,0
BRDA:48,8,1,0
BRDA:49,9,0,0
BRDA:49,9,1,0
BRDA:51,10,0,0
BRDA:51,10,1,0
BRDA:51,11,0,0
BRDA:51,11,1,0
BRDA:51,11,2,0
BRDA:51,11,3,0
BRDA:51,12,0,0
BRDA:51,12,1,0
BRDA:51,13,0,0
BRDA:51,13,1,0
BRDA:57,14,0,0
BRDA:57,14,1,0
BRDA:57,15,0,0
BRDA:57,15,1,0
BRDA:57,15,2,0
BRDA:57,15,3,0
BRDA:68,16,0,0
BRDA:68,16,1,0
BRDA:69,17,0,0
BRDA:69,17,1,0
BRDA:69,17,2,0
BRDA:69,17,3,0
BRDA:70,18,0,0
BRDA:70,18,1,0
BRDA:71,19,0,0
BRDA:71,19,1,0
BRDA:72,20,0,0
BRDA:72,20,1,0
BRDA:72,20,2,0
BRDA:72,20,3,0
BRDA:73,21,0,0
BRDA:73,21,1,0
BRDA:74,22,0,0
BRDA:74,22,1,0
BRDA:76,23,0,0
BRDA:76,23,1,0
BRDA:76,24,0,0
BRDA:76,24,1,0
BRDA:76,24,2,0
BRDA:76,24,3,0
BRDA:76,25,0,0
BRDA:76,25,1,0
BRDA:76,26,0,0
BRDA:76,26,1,0
BRDA:82,27,0,0
BRDA:82,27,1,0
BRDA:82,28,0,0
BRDA:82,28,1,0
BRDA:82,28,2,0
BRDA:82,28,3,0
BRDA:91,29,0,0
BRDA:91,29,1,0
BRDA:109,30,0,0
BRDA:109,30,1,0
BRDA:130,31,0,0
BRDA:130,31,1,0
BRDA:132,32,0,0
BRDA:132,32,1,0
BRDA:146,33,0,0
BRDA:146,33,1,0
BRDA:148,34,0,0
BRDA:148,34,1,0
BRDA:187,35,0,0
BRDA:187,35,1,0
BRDA:198,36,0,0
BRDA:198,36,1,0
BRDA:217,37,0,0
BRDA:217,37,1,0
BRF:93
BRH:0
end_of_record
TN:
SF:src\components\Create Request\TravelRequestContext.tsx
FN:73,(anonymous_9)
FN:129,(anonymous_10)
FN:132,(anonymous_11)
FN:147,(anonymous_12)
FNF:4
FNH:0
FNDA:0,(anonymous_9)
FNDA:0,(anonymous_10)
FNDA:0,(anonymous_11)
FNDA:0,(anonymous_12)
DA:1,0
DA:52,0
DA:73,0
DA:74,0
DA:76,0
DA:78,0
DA:80,0
DA:82,0
DA:84,0
DA:86,0
DA:88,0
DA:90,0
DA:92,0
DA:94,0
DA:96,0
DA:98,0
DA:100,0
DA:102,0
DA:104,0
DA:106,0
DA:108,0
DA:110,0
DA:121,0
DA:129,0
DA:130,0
DA:132,0
DA:133,0
DA:134,0
DA:136,0
DA:139,0
DA:147,0
DA:148,0
DA:149,0
DA:150,0
DA:152,0
LF:35
LH:0
BRDA:74,0,0,0
BRDA:74,0,1,0
BRDA:74,0,2,0
BRDA:74,0,3,0
BRDA:74,0,4,0
BRDA:74,0,5,0
BRDA:74,0,6,0
BRDA:74,0,7,0
BRDA:74,0,8,0
BRDA:74,0,9,0
BRDA:74,0,10,0
BRDA:74,0,11,0
BRDA:74,0,12,0
BRDA:74,0,13,0
BRDA:74,0,14,0
BRDA:74,0,15,0
BRDA:74,0,16,0
BRDA:74,0,17,0
BRDA:149,1,0,0
BRF:19
BRH:0
end_of_record
TN:
SF:src\components\auth\Login.tsx
FN:10,(anonymous_9)
FN:18,(anonymous_10)
FN:20,(anonymous_11)
FN:26,(anonymous_12)
FN:31,(anonymous_13)
FNF:5
FNH:0
FNDA:0,(anonymous_9)
FNDA:0,(anonymous_10)
FNDA:0,(anonymous_11)
FNDA:0,(anonymous_12)
FNDA:0,(anonymous_13)
DA:1,0
DA:2,0
DA:3,0
DA:10,0
DA:11,0
DA:12,0
DA:16,0
DA:18,0
DA:19,0
DA:20,0
DA:26,0
DA:27,0
DA:28,0
DA:30,0
DA:31,0
DA:34,0
DA:35,0
DA:36,0
DA:40,0
DA:43,0
DA:45,0
DA:46,0
DA:48,0
DA:49,0
DA:51,0
DA:52,0
DA:56,0
DA:112,0
LF:28
LH:0
BRDA:31,0,0,0
BRDA:31,0,1,0
BRDA:31,0,2,0
BRDA:34,1,0,0
BRDA:43,2,0,0
BRDA:43,2,1,0
BRDA:43,2,2,0
BRDA:94,3,0,0
BRDA:94,3,1,0
BRF:9
BRH:0
end_of_record
TN:
SF:src\components\auth\ProtectedRoute.tsx
FN:9,(anonymous_1)
FNF:1
FNH:0
FNDA:0,(anonymous_1)
DA:1,0
DA:2,0
DA:9,0
DA:10,0
DA:13,0
DA:14,0
DA:15,0
DA:18,0
DA:21,0
DA:23,0
DA:24,0
DA:27,0
DA:30,0
LF:13
LH:0
BRDA:14,0,0,0
BRDA:21,1,0,0
BRF:2
BRH:0
end_of_record
TN:
SF:src\components\document\DocumentForm.tsx
FN:18,DocumentForm
FN:21,(anonymous_2)
FN:28,(anonymous_3)
FN:38,(anonymous_4)
FN:41,(anonymous_5)
FN:50,(anonymous_6)
FN:61,(anonymous_7)
FNF:7
FNH:0
FNDA:0,DocumentForm
FNDA:0,(anonymous_2)
FNDA:0,(anonymous_3)
FNDA:0,(anonymous_4)
FNDA:0,(anonymous_5)
FNDA:0,(anonymous_6)
FNDA:0,(anonymous_7)
DA:1,0
DA:2,0
DA:3,0
DA:4,0
DA:19,0
DA:21,0
DA:22,0
DA:25,0
DA:29,0
DA:31,0
DA:38,0
DA:42,0
DA:50,0
DA:61,0
DA:73,0
LF:15
LH:0
BRDA:34,0,0,0
BRDA:34,0,1,0
BRDA:34,1,0,0
BRDA:34,1,1,0
BRDA:34,1,2,0
BRDA:37,2,0,0
BRDA:37,2,1,0
BRDA:47,3,0,0
BRDA:47,3,1,0
BRDA:49,4,0,0
BRDA:49,4,1,0
BRDA:49,5,0,0
BRDA:49,5,1,0
BRDA:60,6,0,0
BRDA:60,6,1,0
BRF:15
BRH:0
end_of_record
TN:
SF:src\components\document\DocumentList.tsx
FN:40,(anonymous_0)
FN:43,(anonymous_1)
FN:58,DocumentList
FN:83,(anonymous_3)
FNF:4
FNH:0
FNDA:0,(anonymous_0)
FNDA:0,(anonymous_1)
FNDA:0,DocumentList
FNDA:0,(anonymous_3)
DA:2,0
DA:3,0
DA:4,0
DA:40,0
DA:41,0
DA:43,0
DA:44,0
DA:54,0
DA:59,0
DA:60,0
DA:62,0
DA:63,0
DA:65,0
DA:66,0
DA:68,0
DA:69,0
DA:71,0
DA:72,0
DA:76,0
DA:84,0
DA:85,0
DA:87,0
DA:148,0
LF:23
LH:0
BRDA:41,0,0,0
BRDA:45,1,0,0
BRDA:45,1,1,0
BRDA:45,1,2,0
BRDA:45,1,3,0
BRDA:45,1,4,0
BRDA:54,2,0,0
BRDA:54,2,1,0
BRDA:59,3,0,0
BRDA:59,3,1,0
BRDA:62,4,0,0
BRDA:63,5,0,0
BRDA:63,5,1,0
BRDA:63,5,2,0
BRDA:79,6,0,0
BRDA:79,6,1,0
BRDA:97,7,0,0
BRDA:97,7,1,0
BRDA:97,7,2,0
BRDA:97,7,3,0
BRDA:97,7,4,0
BRDA:97,7,5,0
BRDA:97,7,6,0
BRDA:111,8,0,0
BRDA:111,8,1,0
BRDA:111,8,2,0
BRDA:117,9,0,0
BRDA:117,9,1,0
BRF:28
BRH:0
end_of_record
TN:
SF:src\components\document\DocumentTabs.tsx
FN:9,DocumentTabs
FN:19,(anonymous_1)
FN:27,(anonymous_2)
FNF:3
FNH:0
FNDA:0,DocumentTabs
FNDA:0,(anonymous_1)
FNDA:0,(anonymous_2)
DA:10,0
DA:16,0
DA:20,0
DA:27,0
DA:37,0
LF:5
LH:0
BRDA:23,0,0,0
BRDA:23,0,1,0
BRF:2
BRH:0
end_of_record
TN:
SF:src\components\document\Documents.tsx
FN:32,(anonymous_10)
FN:52,Documents
FN:62,(anonymous_12)
FN:66,(anonymous_13)
FN:76,(anonymous_14)
FN:80,(anonymous_15)
FN:81,(anonymous_16)
FNF:7
FNH:0
FNDA:0,(anonymous_10)
FNDA:0,Documents
FNDA:0,(anonymous_12)
FNDA:0,(anonymous_13)
FNDA:0,(anonymous_14)
FNDA:0,(anonymous_15)
FNDA:0,(anonymous_16)
DA:1,0
DA:2,0
DA:3,0
DA:4,0
DA:5,0
DA:8,0
DA:32,0
DA:33,0
DA:35,0
DA:43,0
DA:48,0
DA:53,0
DA:54,0
DA:59,0
DA:60,0
DA:62,0
DA:63,0
DA:66,0
DA:67,0
DA:68,0
DA:70,0
DA:71,0
DA:74,0
DA:75,0
DA:76,0
DA:77,0
DA:80,0
DA:81,0
DA:84,0
DA:123,0
LF:30
LH:0
BRDA:33,0,0,0
BRDA:33,0,1,0
BRDA:33,0,2,0
BRDA:70,1,0,0
BRDA:106,2,0,0
BRDA:106,2,1,0
BRF:6
BRH:0
end_of_record
TN:
SF:src\components\document\FileUploader.tsx
FN:10,FileUploader
FN:20,(anonymous_10)
FN:40,(anonymous_11)
FN:46,(anonymous_12)
FN:51,(anonymous_13)
FN:56,(anonymous_14)
FN:63,(anonymous_15)
FN:70,(anonymous_16)
FN:122,(anonymous_17)
FN:146,(anonymous_18)
FNF:10
FNH:0
FNDA:0,FileUploader
FNDA:0,(anonymous_10)
FNDA:0,(anonymous_11)
FNDA:0,(anonymous_12)
FNDA:0,(anonymous_13)
FNDA:0,(anonymous_14)
FNDA:0,(anonymous_15)
FNDA:0,(anonymous_16)
FNDA:0,(anonymous_17)
FNDA:0,(anonymous_18)
DA:1,0
DA:2,0
DA:15,0
DA:16,0
DA:17,0
DA:18,0
DA:20,0
DA:21,0
DA:22,0
DA:23,0
DA:24,0
DA:25,0
DA:26,0
DA:29,0
DA:30,0
DA:31,0
DA:32,0
DA:34,0
DA:35,0
DA:36,0
DA:40,0
DA:41,0
DA:42,0
DA:43,0
DA:46,0
DA:47,0
DA:48,0
DA:51,0
DA:52,0
DA:53,0
DA:56,0
DA:57,0
DA:58,0
DA:59,0
DA:60,0
DA:63,0
DA:64,0
DA:68,0
DA:70,0
DA:71,0
DA:74,0
DA:123,0
DA:124,0
DA:146,0
DA:175,0
LF:45
LH:0
BRDA:12,0,0,0
BRDA:21,1,0,0
BRDA:21,1,1,0
BRDA:23,2,0,0
BRDA:41,3,0,0
BRDA:41,3,1,0
BRDA:59,4,0,0
BRDA:59,4,1,0
BRDA:68,5,0,0
BRDA:68,5,1,0
BRDA:68,6,0,0
BRDA:68,6,1,0
BRDA:68,7,0,0
BRDA:68,7,1,0
BRDA:71,8,0,0
BRDA:78,9,0,0
BRDA:78,9,1,0
BRDA:94,10,0,0
BRDA:94,10,1,0
BRDA:98,11,0,0
BRDA:98,11,1,0
BRDA:111,12,0,0
BRDA:111,12,1,0
BRDA:134,13,0,0
BRDA:134,13,1,0
BRDA:141,14,0,0
BRDA:141,14,1,0
BRDA:141,14,2,0
BRDA:151,15,0,0
BRDA:151,15,1,0
BRDA:157,16,0,0
BRDA:157,16,1,0
BRF:32
BRH:0
end_of_record
TN:
SF:src\components\document\types.ts
FNF:0
FNH:0
DA:17,0
DA:24,0
DA:33,0
DA:47,0
LF:4
LH:0
BRF:0
BRH:0
end_of_record
TN:
SF:src\components\layout\Footer.tsx
FN:3,(anonymous_1)
FNF:1
FNH:0
FNDA:0,(anonymous_1)
DA:1,0
DA:3,0
DA:4,0
DA:26,0
LF:4
LH:0
BRF:0
BRH:0
end_of_record
TN:
SF:src\components\layout\Header.tsx
FN:16,(anonymous_9)
FN:39,(anonymous_10)
FN:49,(anonymous_11)
FN:55,(anonymous_12)
FN:64,(anonymous_13)
FNF:5
FNH:0
FNDA:0,(anonymous_9)
FNDA:0,(anonymous_10)
FNDA:0,(anonymous_11)
FNDA:0,(anonymous_12)
FNDA:0,(anonymous_13)
DA:1,0
DA:2,0
DA:16,0
DA:17,0
DA:18,0
DA:20,0
DA:39,0
DA:49,0
DA:55,0
DA:64,0
DA:132,0
LF:11
LH:0
BRDA:24,0,0,0
BRDA:24,0,1,0
BRDA:36,1,0,0
BRDA:36,1,1,0
BRDA:37,2,0,0
BRDA:37,2,1,0
BRDA:40,3,0,0
BRDA:40,3,1,0
BRDA:48,4,0,0
BRDA:48,4,1,0
BRDA:50,5,0,0
BRDA:50,5,1,0
BRDA:52,6,0,0
BRDA:52,6,1,0
BRDA:71,7,0,0
BRDA:71,7,1,0
BRF:16
BRH:0
end_of_record
TN:
SF:src\components\layout\Layout.tsx
FN:7,(anonymous_10)
FN:12,(anonymous_11)
FN:15,(anonymous_12)
FN:20,(anonymous_13)
FNF:4
FNH:0
FNDA:0,(anonymous_10)
FNDA:0,(anonymous_11)
FNDA:0,(anonymous_12)
FNDA:0,(anonymous_13)
DA:1,0
DA:2,0
DA:3,0
DA:4,0
DA:5,0
DA:7,0
DA:8,0
DA:9,0
DA:12,0
DA:13,0
DA:14,0
DA:15,0
DA:16,0
DA:20,0
DA:21,0
DA:24,0
DA:45,0
LF:17
LH:0
BRDA:14,0,0,0
BRDA:15,1,0,0
BRDA:15,1,1,0
BRF:3
BRH:0
end_of_record
TN:
SF:src\components\layout\RoleLayout.tsx
FN:54,(anonymous_10)
FN:59,(anonymous_11)
FN:64,(anonymous_12)
FN:94,(anonymous_13)
FNF:4
FNH:0
FNDA:0,(anonymous_10)
FNDA:0,(anonymous_11)
FNDA:0,(anonymous_12)
FNDA:0,(anonymous_13)
DA:1,0
DA:2,0
DA:3,0
DA:4,0
DA:5,0
DA:25,0
DA:54,0
DA:55,0
DA:56,0
DA:57,0
DA:59,0
DA:60,0
DA:61,0
DA:64,0
DA:65,0
DA:68,0
DA:95,0
DA:132,0
LF:18
LH:0
BRDA:76,0,0,0
BRDA:76,0,1,0
BRDA:78,1,0,0
BRDA:78,1,1,0
BRDA:80,2,0,0
BRDA:80,2,1,0
BRDA:88,3,0,0
BRDA:88,3,1,0
BRDA:101,4,0,0
BRDA:101,4,1,0
BRDA:112,5,0,0
BRDA:112,5,1,0
BRDA:115,6,0,0
BRDA:115,6,1,0
BRF:14
BRH:0
end_of_record
TN:
SF:src\components\layout\Sidebar.tsx
FN:20,(anonymous_1)
FN:45,(anonymous_2)
FN:53,(anonymous_3)
FN:61,(anonymous_4)
FN:69,(anonymous_5)
FN:77,(anonymous_6)
FNF:6
FNH:0
FNDA:0,(anonymous_1)
FNDA:0,(anonymous_2)
FNDA:0,(anonymous_3)
FNDA:0,(anonymous_4)
FNDA:0,(anonymous_5)
FNDA:0,(anonymous_6)
DA:1,0
DA:2,0
DA:3,0
DA:20,0
DA:21,0
DA:46,0
DA:54,0
DA:62,0
DA:70,0
DA:78,0
DA:111,0
LF:11
LH:0
BRDA:24,0,0,0
BRDA:24,0,1,0
BRDA:27,1,0,0
BRDA:27,1,1,0
BRDA:30,2,0,0
BRDA:30,2,1,0
BRDA:39,3,0,0
BRDA:39,3,1,0
BRDA:46,4,0,0
BRDA:46,4,1,0
BRDA:48,5,0,0
BRDA:48,5,1,0
BRDA:54,6,0,0
BRDA:54,6,1,0
BRDA:56,7,0,0
BRDA:56,7,1,0
BRDA:62,8,0,0
BRDA:62,8,1,0
BRDA:64,9,0,0
BRDA:64,9,1,0
BRDA:70,10,0,0
BRDA:70,10,1,0
BRDA:72,11,0,0
BRDA:72,11,1,0
BRDA:78,12,0,0
BRDA:78,12,1,0
BRDA:80,13,0,0
BRDA:80,13,1,0
BRDA:88,14,0,0
BRDA:88,14,1,0
BRDA:94,15,0,0
BRDA:94,15,1,0
BRDA:100,16,0,0
BRDA:100,16,1,0
BRDA:102,17,0,0
BRDA:102,17,1,0
BRF:36
BRH:0
end_of_record
TN:
SF:src\components\not_found\NotFound.tsx
FN:10,(anonymous_1)
FN:24,(anonymous_2)
FN:32,(anonymous_3)
FNF:3
FNH:0
FNDA:0,(anonymous_1)
FNDA:0,(anonymous_2)
FNDA:0,(anonymous_3)
DA:1,0
DA:2,0
DA:3,0
DA:10,0
DA:11,0
DA:13,0
DA:24,0
DA:32,0
DA:81,0
LF:9
LH:0
BRF:0
BRH:0
end_of_record
TN:
SF:src\components\request_details\ApprovalTimeline.tsx
FN:22,(anonymous_10)
FN:26,(anonymous_11)
FN:28,(anonymous_12)
FN:35,(anonymous_13)
FN:85,(anonymous_14)
FN:96,(anonymous_15)
FN:105,(anonymous_16)
FN:131,(anonymous_17)
FN:153,(anonymous_18)
FN:166,(anonymous_19)
FN:167,(anonymous_20)
FN:184,(anonymous_21)
FN:262,(anonymous_22)
FN:272,(anonymous_23)
FNF:14
FNH:0
FNDA:0,(anonymous_10)
FNDA:0,(anonymous_11)
FNDA:0,(anonymous_12)
FNDA:0,(anonymous_13)
FNDA:0,(anonymous_14)
FNDA:0,(anonymous_15)
FNDA:0,(anonymous_16)
FNDA:0,(anonymous_17)
FNDA:0,(anonymous_18)
FNDA:0,(anonymous_19)
FNDA:0,(anonymous_20)
FNDA:0,(anonymous_21)
FNDA:0,(anonymous_22)
FNDA:0,(anonymous_23)
DA:1,0
DA:2,0
DA:3,0
DA:5,0
DA:11,0
DA:22,0
DA:23,0
DA:25,0
DA:26,0
DA:28,0
DA:29,0
DA:32,0
DA:33,0
DA:35,0
DA:36,0
DA:38,0
DA:39,0
DA:40,0
DA:44,0
DA:47,0
DA:48,0
DA:51,0
DA:52,0
DA:55,0
DA:66,0
DA:85,0
DA:97,0
DA:104,0
DA:106,0
DA:107,0
DA:108,0
DA:111,0
DA:113,0
DA:127,0
DA:131,0
DA:132,0
DA:141,0
DA:145,0
DA:152,0
DA:153,0
DA:157,0
DA:160,0
DA:161,0
DA:162,0
DA:165,0
DA:166,0
DA:167,0
DA:175,0
DA:179,0
DA:185,0
DA:262,0
DA:272,0
DA:279,0
LF:53
LH:0
BRDA:25,0,0,0
BRDA:25,0,1,0
BRDA:25,0,2,0
BRDA:29,1,0,0
BRDA:32,2,0,0
BRDA:36,3,0,0
BRDA:39,4,0,0
BRDA:48,5,0,0
BRDA:48,5,1,0
BRDA:55,6,0,0
BRDA:55,6,1,0
BRDA:55,7,0,0
BRDA:55,7,1,0
BRDA:74,8,0,0
BRDA:74,8,1,0
BRDA:87,9,0,0
BRDA:87,9,1,0
BRDA:88,10,0,0
BRDA:88,10,1,0
BRDA:91,11,0,0
BRDA:91,11,1,0
BRDA:97,12,0,0
BRDA:97,12,1,0
BRDA:97,12,2,0
BRDA:97,12,3,0
BRDA:104,13,0,0
BRDA:104,13,1,0
BRDA:107,14,0,0
BRDA:107,14,1,0
BRDA:108,15,0,0
BRDA:108,15,1,0
BRDA:111,16,0,0
BRDA:111,16,1,0
BRDA:114,17,0,0
BRDA:114,17,1,0
BRDA:131,18,0,0
BRDA:131,19,0,0
BRDA:131,19,1,0
BRDA:154,20,0,0
BRDA:154,20,1,0
BRDA:160,21,0,0
BRDA:160,22,0,0
BRDA:160,22,1,0
BRDA:161,23,0,0
BRDA:187,24,0,0
BRDA:187,24,1,0
BRDA:189,25,0,0
BRDA:189,25,1,0
BRDA:191,26,0,0
BRDA:191,26,1,0
BRDA:199,27,0,0
BRDA:199,27,1,0
BRDA:201,28,0,0
BRDA:201,28,1,0
BRDA:203,29,0,0
BRDA:203,29,1,0
BRDA:205,30,0,0
BRDA:205,30,1,0
BRDA:210,31,0,0
BRDA:210,31,1,0
BRDA:212,32,0,0
BRDA:212,32,1,0
BRDA:214,33,0,0
BRDA:214,33,1,0
BRDA:225,34,0,0
BRDA:225,34,1,0
BRDA:227,35,0,0
BRDA:227,35,1,0
BRDA:229,36,0,0
BRDA:229,36,1,0
BRDA:231,37,0,0
BRDA:231,37,1,0
BRDA:239,38,0,0
BRDA:239,38,1,0
BRDA:241,39,0,0
BRDA:241,39,1,0
BRDA:243,40,0,0
BRDA:243,40,1,0
BRDA:245,41,0,0
BRDA:245,41,1,0
BRDA:269,42,0,0
BRDA:269,42,1,0
BRF:82
BRH:0
end_of_record
TN:
SF:src\components\request_details\TimelineModal.tsx
FN:24,(anonymous_1)
FN:39,(anonymous_2)
FNF:2
FNH:2
FNDA:7,(anonymous_1)
FNDA:24,(anonymous_2)
DA:1,1
DA:2,1
DA:24,1
DA:25,7
DA:40,24
DA:120,1
LF:6
LH:6
BRDA:42,0,0,24
BRDA:42,0,1,18
BRDA:45,1,0,6
BRDA:45,1,1,12
BRDA:47,2,0,6
BRDA:47,2,1,6
BRDA:47,3,0,12
BRDA:47,3,1,6
BRDA:56,4,0,6
BRDA:56,4,1,18
BRDA:58,5,0,6
BRDA:58,5,1,12
BRDA:60,6,0,12
BRDA:60,6,1,0
BRDA:60,7,0,12
BRDA:60,7,1,0
BRDA:65,8,0,6
BRDA:65,8,1,18
BRDA:67,9,0,6
BRDA:67,9,1,12
BRDA:77,10,0,6
BRDA:77,10,1,18
BRDA:79,11,0,6
BRDA:79,11,1,12
BRDA:81,12,0,12
BRDA:81,12,1,0
BRDA:81,13,0,12
BRDA:81,13,1,0
BRDA:90,14,0,6
BRDA:90,14,1,18
BRDA:92,15,0,6
BRDA:92,15,1,12
BRDA:94,16,0,12
BRDA:94,16,1,0
BRDA:94,17,0,12
BRDA:94,17,1,0
BRF:36
BRH:30
end_of_record
TN:
SF:src\components\request_details\TravelInfo.tsx
FN:14,(anonymous_1)
FNF:1
FNH:0
FNDA:0,(anonymous_1)
DA:1,0
DA:2,0
DA:14,0
DA:15,0
DA:83,0
LF:5
LH:0
BRDA:44,0,0,0
BRDA:44,0,1,0
BRDA:69,1,0,0
BRDA:69,1,1,0
BRDA:69,1,2,0
BRF:5
BRH:0
end_of_record
TN:
SF:src\components\request_details\TravelRequestDetails.tsx
FN:14,(anonymous_1)
FN:18,(anonymous_2)
FN:29,(anonymous_3)
FN:37,(anonymous_4)
FN:52,(anonymous_5)
FNF:5
FNH:3
FNDA:9,(anonymous_1)
FNDA:60,(anonymous_2)
FNDA:1,(anonymous_3)
FNDA:0,(anonymous_4)
FNDA:0,(anonymous_5)
DA:1,1
DA:2,1
DA:3,1
DA:8,1
DA:9,1
DA:10,1
DA:11,1
DA:12,1
DA:14,1
DA:15,9
DA:16,9
DA:18,60
DA:20,9
DA:21,4
DA:29,1
DA:37,5
DA:38,0
DA:40,0
DA:42,0
DA:44,0
DA:46,0
DA:48,0
DA:52,5
DA:53,0
DA:55,0
DA:57,0
DA:59,0
DA:61,0
DA:65,5
DA:128,1
LF:30
LH:19
BRDA:20,0,0,4
BRDA:38,1,0,0
BRDA:38,1,1,0
BRDA:38,1,2,0
BRDA:38,1,3,0
BRDA:38,1,4,0
BRDA:53,2,0,0
BRDA:53,2,1,0
BRDA:53,2,2,0
BRDA:53,2,3,0
BRDA:86,3,0,5
BRDA:86,3,1,1
BRF:12
BRH:3
end_of_record
TN:
SF:src\components\request_details\TravelRequestInfo.tsx
FN:19,(anonymous_1)
FNF:1
FNH:0
FNDA:0,(anonymous_1)
DA:1,0
DA:2,0
DA:19,0
DA:24,0
DA:124,0
LF:5
LH:0
BRDA:89,0,0,0
BRDA:89,0,1,0
BRF:2
BRH:0
end_of_record
TN:
SF:src\components\request_details\confirmation_modal\ConfirmationModal.tsx
FN:18,(anonymous_9)
FN:27,(anonymous_10)
FN:31,(anonymous_11)
FN:32,(anonymous_12)
FN:66,(anonymous_13)
FNF:5
FNH:0
FNDA:0,(anonymous_9)
FNDA:0,(anonymous_10)
FNDA:0,(anonymous_11)
FNDA:0,(anonymous_12)
FNDA:0,(anonymous_13)
DA:1,0
DA:18,0
DA:25,0
DA:27,0
DA:28,0
DA:29,0
DA:31,0
DA:32,0
DA:36,0
DA:38,0
DA:67,0
DA:81,0
LF:12
LH:0
BRDA:28,0,0,0
BRDA:28,0,1,0
BRDA:36,1,0,0
BRDA:36,2,0,0
BRDA:36,2,1,0
BRDA:39,3,0,0
BRDA:39,3,1,0
BRDA:42,4,0,0
BRDA:42,4,1,0
BRDA:57,5,0,0
BRDA:57,5,1,0
BRDA:70,6,0,0
BRDA:70,6,1,0
BRF:13
BRH:0
end_of_record
TN:
SF:src\components\request_details\confirmation_modal\hooks\useModal.tsx
FN:4,(anonymous_0)
FN:10,(anonymous_1)
FN:22,(anonymous_2)
FN:27,(anonymous_3)
FN:36,(anonymous_4)
FNF:5
FNH:0
FNDA:0,(anonymous_0)
FNDA:0,(anonymous_1)
FNDA:0,(anonymous_2)
FNDA:0,(anonymous_3)
FNDA:0,(anonymous_4)
DA:1,0
DA:4,0
DA:5,0
DA:6,0
DA:7,0
DA:8,0
DA:10,0
DA:15,0
DA:16,0
DA:17,0
DA:22,0
DA:28,0
DA:29,0
DA:33,0
DA:36,0
DA:38,0
LF:16
LH:0
BRF:0
BRH:0
end_of_record
TN:
SF:src\components\request_details\ticket_options\AdminTicketOption.tsx
FN:21,(anonymous_9)
FN:46,(anonymous_10)
FN:57,(anonymous_11)
FN:89,(anonymous_12)
FN:96,(anonymous_13)
FN:101,(anonymous_14)
FN:119,(anonymous_15)
FN:125,(anonymous_16)
FNF:8
FNH:0
FNDA:0,(anonymous_9)
FNDA:0,(anonymous_10)
FNDA:0,(anonymous_11)
FNDA:0,(anonymous_12)
FNDA:0,(anonymous_13)
FNDA:0,(anonymous_14)
FNDA:0,(anonymous_15)
FNDA:0,(anonymous_16)
DA:1,0
DA:2,0
DA:21,0
DA:35,0
DA:36,0
DA:46,0
DA:57,0
DA:90,0
DA:96,0
DA:101,0
DA:119,0
DA:125,0
DA:139,0
LF:13
LH:0
BRDA:60,0,0,0
BRDA:60,0,1,0
BRDA:87,1,0,0
BRDA:87,1,1,0
BRDA:91,2,0,0
BRDA:91,2,1,0
BRF:6
BRH:0
end_of_record
TN:
SF:src\components\request_details\ticket_options\EmployeeTicketOption.tsx
FN:11,(anonymous_1)
FN:16,(anonymous_2)
FN:25,(anonymous_3)
FNF:3
FNH:0
FNDA:0,(anonymous_1)
FNDA:0,(anonymous_2)
FNDA:0,(anonymous_3)
DA:1,0
DA:3,0
DA:11,0
DA:16,0
DA:18,0
DA:26,0
DA:50,0
LF:7
LH:0
BRDA:21,0,0,0
BRDA:21,0,1,0
BRDA:28,1,0,0
BRDA:28,1,1,0
BRDA:37,2,0,0
BRDA:37,2,1,0
BRF:6
BRH:0
end_of_record
TN:
SF:src\components\request_details\ticket_options\ManagerTicketOption.tsx
FN:13,(anonymous_1)
FN:26,(anonymous_2)
FN:37,(anonymous_3)
FN:44,(anonymous_4)
FN:50,(anonymous_5)
FN:58,(anonymous_6)
FNF:6
FNH:0
FNDA:0,(anonymous_1)
FNDA:0,(anonymous_2)
FNDA:0,(anonymous_3)
FNDA:0,(anonymous_4)
FNDA:0,(anonymous_5)
FNDA:0,(anonymous_6)
DA:1,0
DA:3,0
DA:13,0
DA:20,0
DA:27,0
DA:37,0
DA:44,0
DA:50,0
DA:58,0
DA:70,0
LF:10
LH:0
BRDA:23,0,0,0
BRDA:23,0,1,0
BRDA:30,1,0,0
BRDA:30,1,1,0
BRDA:58,2,0,0
BRDA:58,2,1,0
BRF:6
BRH:0
end_of_record
TN:
SF:src\components\request_details\ticket_options\TicketOptionsComponent.tsx
FN:26,(anonymous_10)
FN:42,(anonymous_11)
FN:52,(anonymous_12)
FN:66,(anonymous_13)
FN:67,(anonymous_14)
FN:68,(anonymous_15)
FN:72,(anonymous_16)
FN:74,(anonymous_17)
FN:77,(anonymous_18)
FN:83,(anonymous_19)
FN:85,(anonymous_20)
FN:91,(anonymous_21)
FN:96,(anonymous_22)
FN:97,(anonymous_23)
FN:98,(anonymous_24)
FN:108,(anonymous_25)
FN:110,(anonymous_26)
FN:135,(anonymous_27)
FNF:18
FNH:0
FNDA:0,(anonymous_10)
FNDA:0,(anonymous_11)
FNDA:0,(anonymous_12)
FNDA:0,(anonymous_13)
FNDA:0,(anonymous_14)
FNDA:0,(anonymous_15)
FNDA:0,(anonymous_16)
FNDA:0,(anonymous_17)
FNDA:0,(anonymous_18)
FNDA:0,(anonymous_19)
FNDA:0,(anonymous_20)
FNDA:0,(anonymous_21)
FNDA:0,(anonymous_22)
FNDA:0,(anonymous_23)
FNDA:0,(anonymous_24)
FNDA:0,(anonymous_25)
FNDA:0,(anonymous_26)
FNDA:0,(anonymous_27)
DA:1,0
DA:3,0
DA:4,0
DA:5,0
DA:6,0
DA:7,0
DA:8,0
DA:26,0
DA:27,0
DA:28,0
DA:29,0
DA:30,0
DA:31,0
DA:40,0
DA:42,0
DA:43,0
DA:44,0
DA:45,0
DA:46,0
DA:48,0
DA:52,0
DA:53,0
DA:54,0
DA:62,0
DA:66,0
DA:67,0
DA:68,0
DA:72,0
DA:73,0
DA:74,0
DA:75,0
DA:77,0
DA:78,0
DA:80,0
DA:83,0
DA:84,0
DA:85,0
DA:86,0
DA:88,0
DA:91,0
DA:92,0
DA:93,0
DA:96,0
DA:97,0
DA:98,0
DA:99,0
DA:101,0
DA:102,0
DA:103,0
DA:105,0
DA:108,0
DA:109,0
DA:110,0
DA:111,0
DA:113,0
DA:116,0
DA:135,0
DA:171,0
LF:58
LH:0
BRDA:44,0,0,0
BRDA:44,0,1,0
BRDA:53,1,0,0
BRDA:73,2,0,0
BRDA:84,3,0,0
BRDA:86,4,0,0
BRDA:86,4,1,0
BRDA:99,5,0,0
BRDA:99,5,1,0
BRDA:109,6,0,0
BRDA:124,7,0,0
BRDA:124,7,1,0
BRDA:141,8,0,0
BRDA:141,8,1,0
BRDA:151,9,0,0
BRDA:151,9,1,0
BRF:16
BRH:0
end_of_record
TN:
SF:src\components\table\DataTable.tsx
FN:39,(anonymous_10)
FN:62,(anonymous_11)
FN:64,(anonymous_12)
FN:73,(anonymous_13)
FN:77,(anonymous_14)
FN:79,(anonymous_15)
FN:86,(anonymous_16)
FN:87,(anonymous_17)
FN:96,(anonymous_18)
FN:103,(anonymous_19)
FN:125,(anonymous_20)
FN:134,(anonymous_21)
FN:143,(anonymous_22)
FN:154,(anonymous_23)
FN:170,(anonymous_24)
FN:173,(anonymous_25)
FN:182,(anonymous_26)
FN:193,(anonymous_27)
FN:197,(anonymous_28)
FN:215,(anonymous_29)
FN:226,(anonymous_30)
FN:230,(anonymous_31)
FN:258,(anonymous_32)
FN:269,(anonymous_33)
FN:280,(anonymous_34)
FN:284,(anonymous_35)
FN:289,(anonymous_36)
FN:298,(anonymous_37)
FN:303,(anonymous_38)
FN:319,(anonymous_39)
FN:323,(anonymous_40)
FN:339,(anonymous_41)
FN:343,(anonymous_42)
FN:345,(anonymous_43)
FN:397,(anonymous_44)
FN:405,(anonymous_45)
FN:405,(anonymous_46)
FN:411,(anonymous_47)
FN:430,(anonymous_48)
FN:441,(anonymous_49)
FN:441,(anonymous_50)
FN:448,(anonymous_51)
FN:460,(anonymous_52)
FNF:43
FNH:23
FNDA:21,(anonymous_10)
FNDA:16,(anonymous_11)
FNDA:14,(anonymous_12)
FNDA:16,(anonymous_13)
FNDA:0,(anonymous_14)
FNDA:0,(anonymous_15)
FNDA:152,(anonymous_16)
FNDA:152,(anonymous_17)
FNDA:141,(anonymous_18)
FNDA:120,(anonymous_19)
FNDA:0,(anonymous_20)
FNDA:150,(anonymous_21)
FNDA:202,(anonymous_22)
FNDA:0,(anonymous_23)
FNDA:75,(anonymous_24)
FNDA:0,(anonymous_25)
FNDA:1,(anonymous_26)
FNDA:12,(anonymous_27)
FNDA:1,(anonymous_28)
FNDA:1,(anonymous_29)
FNDA:3,(anonymous_30)
FNDA:0,(anonymous_31)
FNDA:0,(anonymous_32)
FNDA:2,(anonymous_33)
FNDA:8,(anonymous_34)
FNDA:0,(anonymous_35)
FNDA:0,(anonymous_36)
FNDA:0,(anonymous_37)
FNDA:0,(anonymous_38)
FNDA:150,(anonymous_39)
FNDA:0,(anonymous_40)
FNDA:121,(anonymous_41)
FNDA:1,(anonymous_42)
FNDA:1090,(anonymous_43)
FNDA:0,(anonymous_44)
FNDA:0,(anonymous_45)
FNDA:0,(anonymous_46)
FNDA:31,(anonymous_47)
FNDA:0,(anonymous_48)
FNDA:0,(anonymous_49)
FNDA:0,(anonymous_50)
FNDA:0,(anonymous_51)
FNDA:0,(anonymous_52)
DA:1,2
DA:2,2
DA:3,2
DA:13,2
DA:14,2
DA:15,2
DA:39,2
DA:54,21
DA:55,21
DA:56,21
DA:57,21
DA:58,21
DA:59,21
DA:60,21
DA:61,21
DA:62,21
DA:63,16
DA:64,16
DA:66,21
DA:67,21
DA:68,21
DA:69,21
DA:70,21
DA:73,21
DA:74,16
DA:77,21
DA:78,0
DA:79,0
DA:81,0
DA:86,21
DA:87,152
DA:88,152
DA:90,152
DA:91,152
DA:92,152
DA:96,21
DA:97,141
DA:98,0
DA:99,0
DA:103,21
DA:104,120
DA:105,120
DA:107,120
DA:108,0
DA:109,0
DA:111,0
DA:113,120
DA:114,120
DA:116,0
DA:121,21
DA:122,21
DA:123,21
DA:125,21
DA:126,0
DA:127,0
DA:129,0
DA:130,0
DA:134,21
DA:135,150
DA:136,129
DA:138,21
DA:143,21
DA:144,202
DA:147,21
DA:154,0
DA:170,75
DA:173,0
DA:182,1
DA:194,12
DA:198,1
DA:199,1
DA:215,1
DA:227,3
DA:231,0
DA:232,0
DA:258,0
DA:269,2
DA:281,8
DA:284,0
DA:298,0
DA:319,150
DA:323,0
DA:340,121
DA:343,1
DA:345,1090
DA:397,0
DA:405,0
DA:413,31
DA:414,31
DA:415,0
DA:416,0
DA:417,0
DA:418,0
DA:420,0
DA:422,31
DA:430,0
DA:441,0
DA:448,0
DA:461,0
DA:462,0
DA:478,2
LF:101
LH:68
BRDA:43,0,0,0
BRDA:44,1,0,0
BRDA:45,2,0,0
BRDA:58,3,0,21
BRDA:58,3,1,0
BRDA:64,4,0,14
BRDA:64,4,1,2
BRDA:64,5,0,1
BRDA:64,5,1,1
BRDA:78,6,0,0
BRDA:78,6,1,0
BRDA:87,7,0,152
BRDA:87,7,1,152
BRDA:90,8,0,152
BRDA:90,8,1,152
BRDA:90,8,2,12
BRDA:91,9,0,152
BRDA:91,9,1,152
BRDA:91,9,2,0
BRDA:92,10,0,152
BRDA:92,10,1,152
BRDA:92,10,2,141
BRDA:97,11,0,141
BRDA:97,12,0,141
BRDA:97,12,1,121
BRDA:97,12,2,0
BRDA:99,13,0,0
BRDA:99,13,1,0
BRDA:107,14,0,0
BRDA:107,14,1,120
BRDA:108,15,0,0
BRDA:108,16,0,0
BRDA:108,16,1,0
BRDA:113,17,0,120
BRDA:113,18,0,120
BRDA:113,18,1,120
BRDA:126,19,0,0
BRDA:126,19,1,0
BRDA:127,20,0,0
BRDA:127,20,1,0
BRDA:135,21,0,129
BRDA:138,22,0,0
BRDA:138,22,1,21
BRDA:151,23,0,21
BRDA:151,23,1,11
BRDA:151,23,2,11
BRDA:170,24,0,21
BRDA:170,24,1,0
BRDA:178,25,0,21
BRDA:178,25,1,21
BRDA:190,26,0,21
BRDA:190,26,1,1
BRDA:211,27,0,21
BRDA:211,27,1,21
BRDA:223,28,0,21
BRDA:223,28,1,1
BRDA:252,29,0,21
BRDA:252,29,1,11
BRDA:277,30,0,21
BRDA:277,30,1,2
BRDA:295,31,0,2
BRDA:295,31,1,0
BRDA:319,32,0,150
BRDA:319,32,1,150
BRDA:323,33,0,0
BRDA:323,33,1,0
BRDA:327,34,0,150
BRDA:327,34,1,150
BRDA:331,35,0,21
BRDA:331,35,1,11
BRDA:331,35,2,11
BRDA:345,36,0,1090
BRDA:345,36,1,1090
BRDA:347,37,0,101
BRDA:347,37,1,989
BRDA:347,38,0,1090
BRDA:347,38,1,101
BRDA:347,38,2,101
BRDA:354,39,0,121
BRDA:354,39,1,868
BRDA:354,40,0,989
BRDA:354,40,1,121
BRDA:360,41,0,101
BRDA:360,41,1,767
BRDA:360,42,0,868
BRDA:360,42,1,101
BRDA:371,43,0,121
BRDA:371,43,1,101
BRDA:371,43,2,101
BRDA:382,44,0,21
BRDA:382,44,1,0
BRDA:413,45,0,31
BRDA:413,45,1,0
BRDA:415,46,0,0
BRDA:415,46,1,0
BRDA:417,47,0,0
BRDA:417,47,1,0
BRDA:426,48,0,21
BRDA:426,48,1,10
BRF:99
BRH:70
end_of_record
TN:
SF:src\components\table\TravelRequests.tsx
FN:676,(anonymous_1)
FN:692,(anonymous_2)
FN:733,(anonymous_3)
FN:736,(anonymous_4)
FN:740,(anonymous_5)
FN:751,(anonymous_6)
FN:757,(anonymous_7)
FNF:7
FNH:3
FNDA:8,(anonymous_1)
FNDA:0,(anonymous_2)
FNDA:101,(anonymous_3)
FNDA:101,(anonymous_4)
FNDA:0,(anonymous_5)
FNDA:0,(anonymous_6)
FNDA:0,(anonymous_7)
DA:671,1
DA:672,1
DA:673,1
DA:674,1
DA:676,1
DA:677,8
DA:679,8
DA:692,8
DA:693,0
DA:694,0
DA:695,0
DA:697,0
DA:698,0
DA:699,0
DA:700,0
DA:701,0
DA:702,0
DA:703,0
DA:704,0
DA:706,0
DA:709,8
DA:734,101
DA:737,101
DA:741,0
DA:742,0
DA:751,0
DA:757,0
DA:770,1
LF:28
LH:12
BRDA:694,0,0,0
BRDA:694,0,1,0
BRDA:695,1,0,0
BRDA:699,2,0,0
BRDA:699,2,1,0
BRDA:701,3,0,0
BRDA:701,3,1,0
BRDA:702,4,0,0
BRDA:702,4,1,0
BRDA:703,5,0,0
BRDA:734,6,0,61
BRDA:734,6,1,40
BRDA:747,7,0,101
BRDA:747,7,1,20
BRF:14
BRH:4
end_of_record
TN:
SF:src\components\table\TravelRequestsTable.tsx
FN:27,(anonymous_10)
FN:40,(anonymous_11)
FN:79,(anonymous_12)
FN:83,(anonymous_13)
FN:85,(anonymous_14)
FN:92,(anonymous_15)
FN:99,(anonymous_16)
FN:111,(anonymous_17)
FN:135,(anonymous_18)
FN:139,(anonymous_19)
FN:156,(anonymous_20)
FN:167,(anonymous_21)
FN:171,(anonymous_22)
FN:190,(anonymous_23)
FN:203,(anonymous_24)
FN:214,(anonymous_25)
FN:218,(anonymous_26)
FN:223,(anonymous_27)
FN:253,(anonymous_28)
FN:264,(anonymous_29)
FN:275,(anonymous_30)
FN:286,(anonymous_31)
FN:297,(anonymous_32)
FN:308,(anonymous_33)
FN:319,(anonymous_34)
FN:330,(anonymous_35)
FN:341,(anonymous_36)
FN:352,(anonymous_37)
FN:368,(anonymous_38)
FN:372,(anonymous_39)
FN:431,(anonymous_40)
FN:442,(anonymous_41)
FN:451,(anonymous_42)
FNF:33
FNH:0
FNDA:0,(anonymous_10)
FNDA:0,(anonymous_11)
FNDA:0,(anonymous_12)
FNDA:0,(anonymous_13)
FNDA:0,(anonymous_14)
FNDA:0,(anonymous_15)
FNDA:0,(anonymous_16)
FNDA:0,(anonymous_17)
FNDA:0,(anonymous_18)
FNDA:0,(anonymous_19)
FNDA:0,(anonymous_20)
FNDA:0,(anonymous_21)
FNDA:0,(anonymous_22)
FNDA:0,(anonymous_23)
FNDA:0,(anonymous_24)
FNDA:0,(anonymous_25)
FNDA:0,(anonymous_26)
FNDA:0,(anonymous_27)
FNDA:0,(anonymous_28)
FNDA:0,(anonymous_29)
FNDA:0,(anonymous_30)
FNDA:0,(anonymous_31)
FNDA:0,(anonymous_32)
FNDA:0,(anonymous_33)
FNDA:0,(anonymous_34)
FNDA:0,(anonymous_35)
FNDA:0,(anonymous_36)
FNDA:0,(anonymous_37)
FNDA:0,(anonymous_38)
FNDA:0,(anonymous_39)
FNDA:0,(anonymous_40)
FNDA:0,(anonymous_41)
FNDA:0,(anonymous_42)
DA:1,0
DA:2,0
DA:7,0
DA:8,0
DA:9,0
DA:10,0
DA:27,0
DA:40,0
DA:41,0
DA:42,0
DA:58,0
DA:59,0
DA:60,0
DA:61,0
DA:62,0
DA:64,0
DA:79,0
DA:80,0
DA:83,0
DA:84,0
DA:85,0
DA:87,0
DA:92,0
DA:93,0
DA:94,0
DA:95,0
DA:99,0
DA:100,0
DA:103,0
DA:111,0
DA:136,0
DA:140,0
DA:141,0
DA:156,0
DA:168,0
DA:172,0
DA:173,0
DA:191,0
DA:203,0
DA:215,0
DA:218,0
DA:253,0
DA:264,0
DA:275,0
DA:286,0
DA:297,0
DA:308,0
DA:319,0
DA:330,0
DA:341,0
DA:352,0
DA:369,0
DA:372,0
DA:432,0
DA:433,0
DA:443,0
DA:452,0
DA:477,0
LF:58
LH:0
BRDA:42,0,0,0
BRDA:42,0,1,0
BRDA:84,1,0,0
BRDA:84,1,1,0
BRDA:93,2,0,0
BRDA:93,3,0,0
BRDA:93,3,1,0
BRDA:95,4,0,0
BRDA:95,4,1,0
BRDA:119,5,0,0
BRDA:119,5,1,0
BRDA:164,6,0,0
BRDA:164,6,1,0
BRDA:211,7,0,0
BRDA:211,7,1,0
BRDA:226,8,0,0
BRDA:226,8,1,0
BRDA:228,9,0,0
BRDA:228,9,1,0
BRDA:230,10,0,0
BRDA:230,10,1,0
BRDA:232,11,0,0
BRDA:232,11,1,0
BRDA:234,12,0,0
BRDA:234,12,1,0
BRDA:250,13,0,0
BRDA:250,13,1,0
BRDA:261,14,0,0
BRDA:261,14,1,0
BRDA:272,15,0,0
BRDA:272,15,1,0
BRDA:283,16,0,0
BRDA:283,16,1,0
BRDA:294,17,0,0
BRDA:294,17,1,0
BRDA:305,18,0,0
BRDA:305,18,1,0
BRDA:316,19,0,0
BRDA:316,19,1,0
BRDA:327,20,0,0
BRDA:327,20,1,0
BRDA:338,21,0,0
BRDA:338,21,1,0
BRDA:349,22,0,0
BRDA:349,22,1,0
BRDA:360,23,0,0
BRDA:360,23,1,0
BRDA:374,24,0,0
BRDA:374,24,1,0
BRDA:377,25,0,0
BRDA:377,25,1,0
BRDA:380,26,0,0
BRDA:380,26,1,0
BRDA:383,27,0,0
BRDA:383,27,1,0
BRDA:387,28,0,0
BRDA:387,28,1,0
BRDA:396,29,0,0
BRDA:396,29,1,0
BRDA:399,30,0,0
BRDA:399,30,1,0
BRDA:409,31,0,0
BRDA:409,31,1,0
BRDA:412,32,0,0
BRDA:412,32,1,0
BRDA:415,33,0,0
BRDA:415,33,1,0
BRDA:418,34,0,0
BRDA:418,34,1,0
BRDA:427,35,0,0
BRDA:427,35,1,0
BRDA:438,36,0,0
BRDA:438,36,1,0
BRDA:468,37,0,0
BRDA:468,37,1,0
BRF:75
BRH:0
end_of_record
TN:
SF:src\data\documentData.ts
FNF:0
FNH:0
DA:44,0
LF:1
LH:0
BRF:0
BRH:0
end_of_record
TN:
SF:src\data\mockData.ts
FN:33,(anonymous_0)
FNF:1
FNH:1
FNDA:106,(anonymous_0)
DA:33,4
DA:34,106
DA:36,21
DA:38,2
DA:40,21
DA:42,11
DA:44,10
DA:46,10
DA:48,10
DA:50,10
DA:52,10
DA:54,0
DA:56,0
DA:58,1
DA:62,4
DA:689,4
DA:724,4
DA:761,4
DA:776,4
LF:19
LH:17
BRDA:34,0,0,21
BRDA:34,0,1,2
BRDA:34,0,2,21
BRDA:34,0,3,11
BRDA:34,0,4,10
BRDA:34,0,5,10
BRDA:34,0,6,10
BRDA:34,0,7,10
BRDA:34,0,8,10
BRDA:34,0,9,0
BRDA:34,0,10,0
BRDA:34,0,11,1
BRF:12
BRH:10
end_of_record
TN:
SF:src\data\users.ts
FNF:0
FNH:0
DA:16,0
LF:1
LH:0
BRF:0
BRH:0
end_of_record
TN:
SF:src\pages\admin\Dashboard.tsx
FN:20,(anonymous_1)
FN:24,(anonymous_2)
FN:70,(anonymous_3)
FN:113,(anonymous_4)
FN:159,(anonymous_5)
FN:196,(anonymous_6)
FN:211,(anonymous_7)
FNF:7
FNH:0
FNDA:0,(anonymous_1)
FNDA:0,(anonymous_2)
FNDA:0,(anonymous_3)
FNDA:0,(anonymous_4)
FNDA:0,(anonymous_5)
FNDA:0,(anonymous_6)
FNDA:0,(anonymous_7)
DA:1,0
DA:2,0
DA:12,0
DA:20,0
DA:21,0
DA:25,0
DA:26,0
DA:71,0
DA:114,0
DA:160,0
DA:196,0
DA:197,0
DA:199,0
DA:201,0
DA:203,0
DA:205,0
DA:207,0
DA:211,0
DA:212,0
DA:214,0
DA:216,0
DA:218,0
DA:220,0
DA:222,0
DA:226,0
LF:25
LH:0
BRDA:32,0,0,0
BRDA:32,0,1,0
BRDA:40,1,0,0
BRDA:40,1,1,0
BRDA:41,2,0,0
BRDA:41,2,1,0
BRDA:171,3,0,0
BRDA:171,3,1,0
BRDA:173,4,0,0
BRDA:173,4,1,0
BRDA:197,5,0,0
BRDA:197,5,1,0
BRDA:197,5,2,0
BRDA:197,5,3,0
BRDA:197,5,4,0
BRDA:212,6,0,0
BRDA:212,6,1,0
BRDA:212,6,2,0
BRDA:212,6,3,0
BRDA:212,6,4,0
BRF:20
BRH:0
end_of_record
TN:
SF:src\pages\admin\Settings.tsx
FN:14,(anonymous_9)
FN:17,(anonymous_10)
FN:64,(anonymous_11)
FN:76,(anonymous_12)
FN:88,(anonymous_13)
FN:100,(anonymous_14)
FN:112,(anonymous_15)
FN:124,(anonymous_16)
FN:141,(anonymous_17)
FN:251,(anonymous_18)
FN:404,(anonymous_19)
FN:554,(anonymous_20)
FN:790,(anonymous_21)
FN:1047,(anonymous_22)
FNF:14
FNH:0
FNDA:0,(anonymous_9)
FNDA:0,(anonymous_10)
FNDA:0,(anonymous_11)
FNDA:0,(anonymous_12)
FNDA:0,(anonymous_13)
FNDA:0,(anonymous_14)
FNDA:0,(anonymous_15)
FNDA:0,(anonymous_16)
FNDA:0,(anonymous_17)
FNDA:0,(anonymous_18)
FNDA:0,(anonymous_19)
FNDA:0,(anonymous_20)
FNDA:0,(anonymous_21)
FNDA:0,(anonymous_22)
DA:1,0
DA:2,0
DA:14,0
DA:15,0
DA:17,0
DA:18,0
DA:20,0
DA:22,0
DA:24,0
DA:26,0
DA:28,0
DA:30,0
DA:32,0
DA:36,0
DA:64,0
DA:76,0
DA:88,0
DA:100,0
DA:112,0
DA:124,0
DA:141,0
DA:142,0
DA:251,0
DA:252,0
DA:404,0
DA:405,0
DA:554,0
DA:555,0
DA:790,0
DA:791,0
DA:1047,0
DA:1048,0
DA:1237,0
LF:33
LH:0
BRDA:18,0,0,0
BRDA:18,0,1,0
BRDA:18,0,2,0
BRDA:18,0,3,0
BRDA:18,0,4,0
BRDA:18,0,5,0
BRDA:18,0,6,0
BRDA:60,1,0,0
BRDA:60,1,1,0
BRDA:72,2,0,0
BRDA:72,2,1,0
BRDA:84,3,0,0
BRDA:84,3,1,0
BRDA:96,4,0,0
BRDA:96,4,1,0
BRDA:108,5,0,0
BRDA:108,5,1,0
BRDA:120,6,0,0
BRDA:120,6,1,0
BRF:19
BRH:0
end_of_record
TN:
SF:src\pages\admin\ReportComponents\AirlineDistributionChart.tsx
FN:25,(anonymous_10)
FN:29,(anonymous_11)
FN:32,(anonymous_12)
FN:63,(anonymous_13)
FN:65,(anonymous_14)
FN:93,(anonymous_15)
FN:113,(anonymous_16)
FN:145,(anonymous_17)
FN:158,(anonymous_18)
FN:174,(anonymous_19)
FNF:10
FNH:0
FNDA:0,(anonymous_10)
FNDA:0,(anonymous_11)
FNDA:0,(anonymous_12)
FNDA:0,(anonymous_13)
FNDA:0,(anonymous_14)
FNDA:0,(anonymous_15)
FNDA:0,(anonymous_16)
FNDA:0,(anonymous_17)
FNDA:0,(anonymous_18)
FNDA:0,(anonymous_19)
DA:1,0
DA:2,0
DA:3,0
DA:4,0
DA:5,0
DA:6,0
DA:25,0
DA:26,0
DA:29,0
DA:32,0
DA:33,0
DA:48,0
DA:49,0
DA:51,0
DA:52,0
DA:53,0
DA:54,0
DA:55,0
DA:56,0
DA:58,0
DA:62,0
DA:63,0
DA:65,0
DA:73,0
DA:75,0
DA:77,0
DA:80,0
DA:81,0
DA:82,0
DA:83,0
DA:85,0
DA:92,0
DA:93,0
DA:101,0
DA:106,0
DA:113,0
DA:146,0
DA:159,0
DA:174,0
DA:185,0
LF:40
LH:0
BRDA:29,0,0,0
BRDA:29,0,1,0
BRDA:48,1,0,0
BRDA:48,1,1,0
BRDA:75,2,0,0
BRDA:75,3,0,0
BRDA:75,3,1,0
BRDA:75,3,2,0
BRDA:75,3,3,0
BRDA:75,3,4,0
BRDA:111,4,0,0
BRDA:111,4,1,0
BRDA:122,5,0,0
BRDA:122,5,1,0
BRF:14
BRH:0
end_of_record
TN:
SF:src\pages\admin\ReportComponents\DateRangePicker.tsx
FN:11,(anonymous_9)
FN:21,(anonymous_10)
FN:22,(anonymous_11)
FN:32,(anonymous_12)
FN:37,(anonymous_13)
FN:59,(anonymous_14)
FN:74,(anonymous_15)
FN:87,(anonymous_16)
FN:96,(anonymous_17)
FN:103,(anonymous_18)
FN:113,(anonymous_19)
FNF:11
FNH:0
FNDA:0,(anonymous_9)
FNDA:0,(anonymous_10)
FNDA:0,(anonymous_11)
FNDA:0,(anonymous_12)
FNDA:0,(anonymous_13)
FNDA:0,(anonymous_14)
FNDA:0,(anonymous_15)
FNDA:0,(anonymous_16)
FNDA:0,(anonymous_17)
FNDA:0,(anonymous_18)
FNDA:0,(anonymous_19)
DA:1,0
DA:2,0
DA:11,0
DA:17,0
DA:18,0
DA:21,0
DA:22,0
DA:23,0
DA:24,0
DA:28,0
DA:29,0
DA:32,0
DA:33,0
DA:37,0
DA:38,0
DA:39,0
DA:40,0
DA:47,0
DA:55,0
DA:59,0
DA:74,0
DA:87,0
DA:96,0
DA:104,0
DA:105,0
DA:106,0
DA:113,0
DA:125,0
LF:28
LH:0
BRDA:23,0,0,0
BRDA:23,1,0,0
BRDA:23,1,1,0
BRDA:28,2,0,0
BRDA:38,3,0,0
BRDA:47,4,0,0
BRDA:47,4,1,0
BRDA:47,5,0,0
BRDA:47,5,1,0
BRDA:49,6,0,0
BRDA:49,6,1,0
BRDA:51,7,0,0
BRDA:51,7,1,0
BRDA:66,8,0,0
BRDA:66,8,1,0
BRF:15
BRH:0
end_of_record
TN:
SF:src\pages\admin\ReportComponents\EmptyStateView.tsx
FN:9,(anonymous_1)
FNF:1
FNH:0
FNDA:0,(anonymous_1)
DA:1,0
DA:9,0
DA:14,0
DA:29,0
LF:4
LH:0
BRDA:17,0,0,0
BRDA:17,0,1,0
BRF:2
BRH:0
end_of_record
TN:
SF:src\pages\admin\ReportComponents\Modal.tsx
FN:13,(anonymous_1)
FN:16,(anonymous_2)
FN:30,(anonymous_3)
FNF:3
FNH:0
FNDA:0,(anonymous_1)
FNDA:0,(anonymous_2)
FNDA:0,(anonymous_3)
DA:1,0
DA:2,0
DA:13,0
DA:14,0
DA:16,0
DA:17,0
DA:18,0
DA:26,0
DA:30,0
DA:33,0
DA:36,0
DA:69,0
LF:12
LH:0
BRDA:14,0,0,0
BRDA:17,1,0,0
BRDA:26,2,0,0
BRDA:26,2,1,0
BRDA:26,3,0,0
BRDA:26,3,1,0
BRDA:27,4,0,0
BRDA:27,4,1,0
BRDA:27,5,0,0
BRDA:27,5,1,0
BRF:10
BRH:0
end_of_record
TN:
SF:src\pages\admin\ReportComponents\Reports.tsx
FN:27,(anonymous_10)
FN:32,(anonymous_11)
FN:43,(anonymous_12)
FN:48,(anonymous_13)
FN:54,(anonymous_14)
FN:59,(anonymous_15)
FN:64,(anonymous_16)
FN:65,(anonymous_17)
FN:68,(anonymous_18)
FN:69,(anonymous_19)
FN:73,(anonymous_20)
FN:78,(anonymous_21)
FN:82,(anonymous_22)
FN:86,(anonymous_23)
FN:90,(anonymous_24)
FN:91,(anonymous_25)
FN:97,(anonymous_26)
FN:106,(anonymous_27)
FN:110,(anonymous_28)
FN:111,(anonymous_29)
FN:117,(anonymous_30)
FNF:21
FNH:0
FNDA:0,(anonymous_10)
FNDA:0,(anonymous_11)
FNDA:0,(anonymous_12)
FNDA:0,(anonymous_13)
FNDA:0,(anonymous_14)
FNDA:0,(anonymous_15)
FNDA:0,(anonymous_16)
FNDA:0,(anonymous_17)
FNDA:0,(anonymous_18)
FNDA:0,(anonymous_19)
FNDA:0,(anonymous_20)
FNDA:0,(anonymous_21)
FNDA:0,(anonymous_22)
FNDA:0,(anonymous_23)
FNDA:0,(anonymous_24)
FNDA:0,(anonymous_25)
FNDA:0,(anonymous_26)
FNDA:0,(anonymous_27)
FNDA:0,(anonymous_28)
FNDA:0,(anonymous_29)
FNDA:0,(anonymous_30)
DA:1,0
DA:2,0
DA:3,0
DA:4,0
DA:5,0
DA:6,0
DA:7,0
DA:27,0
DA:28,0
DA:29,0
DA:32,0
DA:33,0
DA:34,0
DA:35,0
DA:36,0
DA:40,0
DA:42,0
DA:43,0
DA:44,0
DA:47,0
DA:48,0
DA:51,0
DA:54,0
DA:55,0
DA:58,0
DA:59,0
DA:63,0
DA:64,0
DA:65,0
DA:67,0
DA:68,0
DA:69,0
DA:72,0
DA:73,0
DA:74,0
DA:77,0
DA:78,0
DA:81,0
DA:82,0
DA:86,0
DA:87,0
DA:89,0
DA:90,0
DA:92,0
DA:93,0
DA:97,0
DA:103,0
DA:106,0
DA:107,0
DA:109,0
DA:110,0
DA:112,0
DA:113,0
DA:117,0
DA:123,0
DA:125,0
DA:246,0
LF:57
LH:0
BRDA:34,0,0,0
BRDA:34,0,1,0
BRDA:35,1,0,0
BRDA:35,1,1,0
BRDA:36,2,0,0
BRDA:36,2,1,0
BRDA:78,3,0,0
BRDA:78,3,1,0
BRDA:82,4,0,0
BRDA:82,4,1,0
BRDA:90,5,0,0
BRDA:90,5,1,0
BRDA:92,6,0,0
BRDA:93,7,0,0
BRDA:93,7,1,0
BRDA:110,8,0,0
BRDA:110,8,1,0
BRDA:112,9,0,0
BRDA:113,10,0,0
BRDA:113,10,1,0
BRF:20
BRH:0
end_of_record
TN:
SF:src\pages\admin\ReportComponents\ReusableTable.tsx
FN:9,(anonymous_1)
FN:15,(anonymous_2)
FN:23,(anonymous_3)
FN:25,(anonymous_4)
FNF:4
FNH:0
FNDA:0,(anonymous_1)
FNDA:0,(anonymous_2)
FNDA:0,(anonymous_3)
FNDA:0,(anonymous_4)
DA:2,0
DA:9,0
DA:10,0
DA:16,0
DA:24,0
DA:27,0
DA:28,0
DA:42,0
LF:8
LH:0
BRDA:24,0,0,0
BRDA:24,0,1,0
BRDA:30,1,0,0
BRDA:30,1,1,0
BRF:4
BRH:0
end_of_record
TN:
SF:src\pages\admin\ReportComponents\StatCard.tsx
FN:13,(anonymous_1)
FNF:1
FNH:1
FNDA:6,(anonymous_1)
DA:1,1
DA:13,1
DA:22,6
DA:54,1
LF:4
LH:4
BRF:0
BRH:0
end_of_record
TN:
SF:src\pages\admin\ReportComponents\TravelAgencyBarChart.tsx
FN:18,(anonymous_10)
FN:50,(anonymous_11)
FN:53,(anonymous_12)
FN:60,(anonymous_13)
FN:74,(anonymous_14)
FN:94,(anonymous_15)
FN:114,(anonymous_16)
FN:147,(anonymous_17)
FNF:8
FNH:0
FNDA:0,(anonymous_10)
FNDA:0,(anonymous_11)
FNDA:0,(anonymous_12)
FNDA:0,(anonymous_13)
FNDA:0,(anonymous_14)
FNDA:0,(anonymous_15)
FNDA:0,(anonymous_16)
FNDA:0,(anonymous_17)
DA:1,0
DA:2,0
DA:3,0
DA:4,0
DA:5,0
DA:18,0
DA:21,0
DA:24,0
DA:27,0
DA:32,0
DA:47,0
DA:50,0
DA:53,0
DA:60,0
DA:62,0
DA:65,0
DA:66,0
DA:68,0
DA:74,0
DA:95,0
DA:115,0
DA:147,0
DA:163,0
LF:23
LH:0
BRDA:24,0,0,0
BRDA:24,1,0,0
BRDA:24,1,1,0
BRDA:124,2,0,0
BRDA:124,2,1,0
BRDA:125,3,0,0
BRDA:125,3,1,0
BRDA:126,4,0,0
BRDA:126,4,1,0
BRF:9
BRH:0
end_of_record
TN:
SF:src\pages\admin\calendar\Calendar.tsx
FN:22,(anonymous_1)
FN:24,(anonymous_2)
FN:36,(anonymous_3)
FN:41,(anonymous_4)
FN:68,(anonymous_5)
FN:73,(anonymous_6)
FN:80,(anonymous_7)
FN:90,(anonymous_8)
FN:101,(anonymous_9)
FN:111,(anonymous_10)
FN:121,(anonymous_11)
FN:138,(anonymous_12)
FN:149,(anonymous_13)
FN:152,(anonymous_14)
FNF:14
FNH:0
FNDA:0,(anonymous_1)
FNDA:0,(anonymous_2)
FNDA:0,(anonymous_3)
FNDA:0,(anonymous_4)
FNDA:0,(anonymous_5)
FNDA:0,(anonymous_6)
FNDA:0,(anonymous_7)
FNDA:0,(anonymous_8)
FNDA:0,(anonymous_9)
FNDA:0,(anonymous_10)
FNDA:0,(anonymous_11)
FNDA:0,(anonymous_12)
FNDA:0,(anonymous_13)
FNDA:0,(anonymous_14)
DA:1,0
DA:2,0
DA:3,0
DA:4,0
DA:5,0
DA:6,0
DA:7,0
DA:8,0
DA:22,0
DA:23,0
DA:24,0
DA:25,0
DA:26,0
DA:27,0
DA:29,0
DA:30,0
DA:31,0
DA:33,0
DA:34,0
DA:36,0
DA:37,0
DA:38,0
DA:39,0
DA:41,0
DA:42,0
DA:43,0
DA:44,0
DA:45,0
DA:48,0
DA:53,0
DA:57,0
DA:58,0
DA:60,0
DA:61,0
DA:65,0
DA:68,0
DA:69,0
DA:70,0
DA:71,0
DA:73,0
DA:80,0
DA:87,0
DA:88,0
DA:90,0
DA:98,0
DA:101,0
DA:102,0
DA:103,0
DA:105,0
DA:107,0
DA:108,0
DA:111,0
DA:112,0
DA:113,0
DA:115,0
DA:117,0
DA:118,0
DA:121,0
DA:122,0
DA:123,0
DA:124,0
DA:126,0
DA:127,0
DA:129,0
DA:130,0
DA:131,0
DA:132,0
DA:134,0
DA:135,0
DA:138,0
DA:139,0
DA:140,0
DA:141,0
DA:142,0
DA:143,0
DA:145,0
DA:146,0
DA:149,0
DA:150,0
DA:151,0
DA:152,0
DA:153,0
DA:154,0
DA:155,0
DA:157,0
DA:158,0
DA:159,0
DA:162,0
DA:229,0
LF:89
LH:0
BRDA:48,0,0,0
BRDA:48,0,1,0
BRDA:48,0,2,0
BRDA:53,1,0,0
BRDA:53,1,1,0
BRDA:53,1,2,0
BRDA:57,2,0,0
BRDA:57,3,0,0
BRDA:57,3,1,0
BRDA:60,4,0,0
BRDA:60,5,0,0
BRDA:60,5,1,0
BRDA:76,6,0,0
BRDA:76,6,1,0
BRDA:77,7,0,0
BRDA:77,7,1,0
BRDA:93,8,0,0
BRDA:93,8,1,0
BRDA:94,9,0,0
BRDA:94,9,1,0
BRDA:102,10,0,0
BRDA:102,10,1,0
BRDA:112,11,0,0
BRDA:112,11,1,0
BRDA:126,12,0,0
BRDA:126,12,1,0
BRDA:139,13,0,0
BRDA:139,14,0,0
BRDA:139,14,1,0
BRDA:196,15,0,0
BRDA:196,15,1,0
BRF:31
BRH:0
end_of_record
TN:
SF:src\pages\admin\calendar\DatePicker.tsx
FN:17,(anonymous_0)
FN:30,(anonymous_1)
FN:35,(anonymous_2)
FN:42,(anonymous_3)
FN:52,(anonymous_4)
FN:65,(anonymous_5)
FN:69,(anonymous_6)
FN:73,(anonymous_7)
FN:84,(anonymous_8)
FN:89,(anonymous_9)
FN:97,(anonymous_10)
FN:98,(anonymous_11)
FN:107,(anonymous_12)
FN:112,(anonymous_13)
FN:133,(anonymous_14)
FN:143,(anonymous_15)
FN:154,(anonymous_16)
FN:163,(anonymous_17)
FN:182,(anonymous_18)
FN:187,(anonymous_19)
FN:199,(anonymous_20)
FN:214,(anonymous_21)
FNF:22
FNH:0
FNDA:0,(anonymous_0)
FNDA:0,(anonymous_1)
FNDA:0,(anonymous_2)
FNDA:0,(anonymous_3)
FNDA:0,(anonymous_4)
FNDA:0,(anonymous_5)
FNDA:0,(anonymous_6)
FNDA:0,(anonymous_7)
FNDA:0,(anonymous_8)
FNDA:0,(anonymous_9)
FNDA:0,(anonymous_10)
FNDA:0,(anonymous_11)
FNDA:0,(anonymous_12)
FNDA:0,(anonymous_13)
FNDA:0,(anonymous_14)
FNDA:0,(anonymous_15)
FNDA:0,(anonymous_16)
FNDA:0,(anonymous_17)
FNDA:0,(anonymous_18)
FNDA:0,(anonymous_19)
FNDA:0,(anonymous_20)
FNDA:0,(anonymous_21)
DA:1,0
DA:17,0
DA:18,0
DA:19,0
DA:20,0
DA:21,0
DA:23,0
DA:28,0
DA:30,0
DA:31,0
DA:32,0
DA:33,0
DA:35,0
DA:42,0
DA:49,0
DA:50,0
DA:52,0
DA:60,0
DA:63,0
DA:65,0
DA:66,0
DA:69,0
DA:70,0
DA:73,0
DA:74,0
DA:75,0
DA:76,0
DA:77,0
DA:78,0
DA:80,0
DA:84,0
DA:85,0
DA:86,0
DA:89,0
DA:90,0
DA:93,0
DA:94,0
DA:95,0
DA:97,0
DA:98,0
DA:99,0
DA:100,0
DA:101,0
DA:104,0
DA:105,0
DA:107,0
DA:108,0
DA:112,0
DA:113,0
DA:135,0
DA:137,0
DA:143,0
DA:154,0
DA:155,0
DA:163,0
DA:183,0
DA:189,0
DA:192,0
DA:199,0
DA:210,0
DA:215,0
DA:216,0
DA:218,0
DA:219,0
DA:220,0
DA:247,0
LF:66
LH:0
BRDA:38,0,0,0
BRDA:38,0,1,0
BRDA:39,1,0,0
BRDA:39,1,1,0
BRDA:55,2,0,0
BRDA:55,2,1,0
BRDA:56,3,0,0
BRDA:56,3,1,0
BRDA:76,4,0,0
BRDA:76,4,1,0
BRDA:99,5,0,0
BRDA:99,6,0,0
BRDA:99,6,1,0
BRDA:104,7,0,0
BRDA:135,8,0,0
BRDA:135,8,1,0
BRDA:141,9,0,0
BRDA:141,9,1,0
BRDA:189,10,0,0
BRDA:189,10,1,0
BRDA:189,10,2,0
BRDA:196,11,0,0
BRDA:196,11,1,0
BRDA:197,12,0,0
BRDA:197,12,1,0
BRDA:215,13,0,0
BRDA:215,13,1,0
BRDA:238,14,0,0
BRDA:238,14,1,0
BRDA:240,15,0,0
BRDA:240,15,1,0
BRDA:241,16,0,0
BRDA:241,16,1,0
BRF:33
BRH:0
end_of_record
TN:
SF:src\pages\admin\calendar\EventCard.tsx
FN:7,(anonymous_0)
FNF:1
FNH:0
FNDA:0,(anonymous_0)
DA:7,0
DA:8,0
DA:21,0
LF:3
LH:0
BRDA:10,0,0,0
BRDA:10,0,1,0
BRDA:10,1,0,0
BRDA:10,1,1,0
BRDA:10,2,0,0
BRDA:10,2,1,0
BRDA:13,3,0,0
BRDA:13,3,1,0
BRDA:14,4,0,0
BRDA:14,4,1,0
BRF:10
BRH:0
end_of_record
TN:
SF:src\pages\admin\calendar\EventSidebar.tsx
FN:17,(anonymous_0)
FN:25,(anonymous_1)
FN:29,(anonymous_2)
FN:59,(anonymous_3)
FN:60,(anonymous_4)
FN:66,(anonymous_5)
FNF:6
FNH:0
FNDA:0,(anonymous_0)
FNDA:0,(anonymous_1)
FNDA:0,(anonymous_2)
FNDA:0,(anonymous_3)
FNDA:0,(anonymous_4)
FNDA:0,(anonymous_5)
DA:17,0
DA:25,0
DA:26,0
DA:29,0
DA:30,0
DA:33,0
DA:59,0
DA:61,0
DA:66,0
DA:85,0
LF:10
LH:0
BRDA:51,0,0,0
BRDA:51,0,1,0
BRDA:51,1,0,0
BRDA:51,1,1,0
BRDA:55,2,0,0
BRDA:55,2,1,0
BRDA:57,3,0,0
BRDA:57,3,1,0
BRDA:59,4,0,0
BRDA:59,4,1,0
BRDA:64,5,0,0
BRDA:64,5,1,0
BRF:12
BRH:0
end_of_record
TN:
SF:src\pages\admin\calendar\MonthView.tsx
FN:19,(anonymous_0)
FN:34,(anonymous_1)
FN:40,(anonymous_2)
FN:46,(anonymous_3)
FN:57,(anonymous_4)
FN:62,(anonymous_5)
FN:84,(anonymous_6)
FNF:7
FNH:0
FNDA:0,(anonymous_0)
FNDA:0,(anonymous_1)
FNDA:0,(anonymous_2)
FNDA:0,(anonymous_3)
FNDA:0,(anonymous_4)
FNDA:0,(anonymous_5)
FNDA:0,(anonymous_6)
DA:19,0
DA:27,0
DA:28,0
DA:30,0
DA:31,0
DA:32,0
DA:34,0
DA:35,0
DA:36,0
DA:37,0
DA:40,0
DA:41,0
DA:46,0
DA:47,0
DA:48,0
DA:51,0
DA:54,0
DA:58,0
DA:63,0
DA:64,0
DA:65,0
DA:67,0
DA:72,0
DA:76,0
DA:84,0
DA:113,0
LF:26
LH:0
BRDA:47,0,0,0
BRDA:48,1,0,0
BRDA:67,2,0,0
BRDA:67,2,1,0
BRDA:67,2,2,0
BRDA:67,2,3,0
BRDA:72,3,0,0
BRDA:72,3,1,0
BRDA:72,3,2,0
BRDA:80,4,0,0
BRDA:80,4,1,0
BRDA:81,5,0,0
BRDA:81,5,1,0
BRDA:82,6,0,0
BRDA:82,6,1,0
BRDA:88,7,0,0
BRDA:88,7,1,0
BRDA:94,8,0,0
BRDA:94,8,1,0
BRDA:99,9,0,0
BRDA:99,9,1,0
BRF:21
BRH:0
end_of_record
TN:
SF:src\pages\admin\calendar\ViewToggle.tsx
FN:6,(anonymous_0)
FN:11,(anonymous_1)
FN:17,(anonymous_2)
FNF:3
FNH:0
FNDA:0,(anonymous_0)
FNDA:0,(anonymous_1)
FNDA:0,(anonymous_2)
DA:6,0
DA:7,0
DA:11,0
DA:17,0
DA:25,0
LF:5
LH:0
BRDA:10,0,0,0
BRDA:10,0,1,0
BRDA:16,1,0,0
BRDA:16,1,1,0
BRF:4
BRH:0
end_of_record
TN:
SF:src\pages\admin\calendar\WeekView.tsx
FN:16,(anonymous_1)
FN:25,(anonymous_2)
FN:35,(anonymous_3)
FN:41,(anonymous_4)
FN:47,(anonymous_5)
FN:55,(anonymous_6)
FN:65,(anonymous_7)
FN:79,(anonymous_8)
FN:99,(anonymous_9)
FN:121,(anonymous_10)
FNF:10
FNH:0
FNDA:0,(anonymous_1)
FNDA:0,(anonymous_2)
FNDA:0,(anonymous_3)
FNDA:0,(anonymous_4)
FNDA:0,(anonymous_5)
FNDA:0,(anonymous_6)
FNDA:0,(anonymous_7)
FNDA:0,(anonymous_8)
FNDA:0,(anonymous_9)
FNDA:0,(anonymous_10)
DA:1,0
DA:16,0
DA:23,0
DA:24,0
DA:25,0
DA:26,0
DA:27,0
DA:28,0
DA:31,0
DA:32,0
DA:33,0
DA:35,0
DA:36,0
DA:37,0
DA:38,0
DA:41,0
DA:42,0
DA:47,0
DA:48,0
DA:49,0
DA:52,0
DA:55,0
DA:56,0
DA:57,0
DA:59,0
DA:60,0
DA:66,0
DA:67,0
DA:73,0
DA:74,0
DA:80,0
DA:81,0
DA:87,0
DA:96,0
DA:100,0
DA:102,0
DA:107,0
DA:111,0
DA:121,0
DA:136,0
LF:40
LH:0
BRDA:48,0,0,0
BRDA:49,1,0,0
BRDA:59,2,0,0
BRDA:73,3,0,0
BRDA:87,4,0,0
BRDA:87,4,1,0
BRDA:102,5,0,0
BRDA:102,5,1,0
BRDA:102,5,2,0
BRDA:102,5,3,0
BRDA:107,6,0,0
BRDA:107,6,1,0
BRDA:107,6,2,0
BRDA:118,7,0,0
BRDA:118,7,1,0
BRDA:119,8,0,0
BRDA:119,8,1,0
BRF:17
BRH:0
end_of_record
TN:
SF:src\pages\employee\CreateRequest.tsx
FN:26,(anonymous_10)
FN:64,(anonymous_11)
FN:110,(anonymous_12)
FN:121,(anonymous_13)
FN:140,(anonymous_14)
FN:151,(anonymous_15)
FN:166,(anonymous_16)
FN:179,(anonymous_17)
FN:199,(anonymous_18)
FN:213,(anonymous_19)
FN:227,(anonymous_20)
FN:242,(anonymous_21)
FN:256,(anonymous_22)
FN:265,(anonymous_23)
FN:286,(anonymous_24)
FN:299,(anonymous_25)
FN:315,(anonymous_26)
FN:325,(anonymous_27)
FN:345,(anonymous_28)
FN:361,(anonymous_29)
FN:371,(anonymous_30)
FN:397,(anonymous_31)
FN:409,(anonymous_32)
FNF:23
FNH:0
FNDA:0,(anonymous_10)
FNDA:0,(anonymous_11)
FNDA:0,(anonymous_12)
FNDA:0,(anonymous_13)
FNDA:0,(anonymous_14)
FNDA:0,(anonymous_15)
FNDA:0,(anonymous_16)
FNDA:0,(anonymous_17)
FNDA:0,(anonymous_18)
FNDA:0,(anonymous_19)
FNDA:0,(anonymous_20)
FNDA:0,(anonymous_21)
FNDA:0,(anonymous_22)
FNDA:0,(anonymous_23)
FNDA:0,(anonymous_24)
FNDA:0,(anonymous_25)
FNDA:0,(anonymous_26)
FNDA:0,(anonymous_27)
FNDA:0,(anonymous_28)
FNDA:0,(anonymous_29)
FNDA:0,(anonymous_30)
FNDA:0,(anonymous_31)
FNDA:0,(anonymous_32)
DA:1,0
DA:2,0
DA:3,0
DA:4,0
DA:5,0
DA:6,0
DA:26,0
DA:27,0
DA:28,0
DA:29,0
DA:30,0
DA:31,0
DA:32,0
DA:33,0
DA:34,0
DA:35,0
DA:36,0
DA:37,0
DA:38,0
DA:39,0
DA:40,0
DA:41,0
DA:42,0
DA:43,0
DA:44,0
DA:47,0
DA:55,0
DA:64,0
DA:65,0
DA:67,0
DA:88,0
DA:110,0
DA:121,0
DA:140,0
DA:151,0
DA:166,0
DA:179,0
DA:199,0
DA:213,0
DA:227,0
DA:242,0
DA:257,0
DA:265,0
DA:286,0
DA:299,0
DA:315,0
DA:325,0
DA:345,0
DA:361,0
DA:371,0
DA:397,0
DA:409,0
DA:425,0
LF:53
LH:0
BRDA:55,0,0,0
BRDA:55,0,1,0
BRDA:106,1,0,0
BRDA:106,1,1,0
BRDA:117,2,0,0
BRDA:117,2,1,0
BRDA:136,3,0,0
BRDA:136,3,1,0
BRDA:147,4,0,0
BRDA:147,4,1,0
BRDA:236,5,0,0
BRDA:236,5,1,0
BRDA:244,6,0,0
BRDA:244,6,1,0
BRDA:261,7,0,0
BRDA:261,7,1,0
BRDA:306,8,0,0
BRDA:306,8,1,0
BRDA:352,9,0,0
BRDA:352,9,1,0
BRF:20
BRH:0
end_of_record
TN:
SF:src\pages\employee\Dashboard.tsx
FN:20,(anonymous_1)
FN:24,(anonymous_2)
FN:70,(anonymous_3)
FN:113,(anonymous_4)
FN:159,(anonymous_5)
FN:196,(anonymous_6)
FN:211,(anonymous_7)
FNF:7
FNH:0
FNDA:0,(anonymous_1)
FNDA:0,(anonymous_2)
FNDA:0,(anonymous_3)
FNDA:0,(anonymous_4)
FNDA:0,(anonymous_5)
FNDA:0,(anonymous_6)
FNDA:0,(anonymous_7)
DA:1,0
DA:2,0
DA:12,0
DA:20,0
DA:21,0
DA:25,0
DA:26,0
DA:71,0
DA:114,0
DA:160,0
DA:196,0
DA:197,0
DA:199,0
DA:201,0
DA:203,0
DA:205,0
DA:207,0
DA:211,0
DA:212,0
DA:214,0
DA:216,0
DA:218,0
DA:220,0
DA:222,0
DA:226,0
LF:25
LH:0
BRDA:32,0,0,0
BRDA:32,0,1,0
BRDA:40,1,0,0
BRDA:40,1,1,0
BRDA:41,2,0,0
BRDA:41,2,1,0
BRDA:171,3,0,0
BRDA:171,3,1,0
BRDA:173,4,0,0
BRDA:173,4,1,0
BRDA:197,5,0,0
BRDA:197,5,1,0
BRDA:197,5,2,0
BRDA:197,5,3,0
BRDA:197,5,4,0
BRDA:212,6,0,0
BRDA:212,6,1,0
BRDA:212,6,2,0
BRDA:212,6,3,0
BRDA:212,6,4,0
BRF:20
BRH:0
end_of_record
TN:
SF:src\pages\manager\Dashboard.tsx
FN:20,(anonymous_1)
FN:24,(anonymous_2)
FN:70,(anonymous_3)
FN:113,(anonymous_4)
FN:159,(anonymous_5)
FN:196,(anonymous_6)
FN:211,(anonymous_7)
FNF:7
FNH:0
FNDA:0,(anonymous_1)
FNDA:0,(anonymous_2)
FNDA:0,(anonymous_3)
FNDA:0,(anonymous_4)
FNDA:0,(anonymous_5)
FNDA:0,(anonymous_6)
FNDA:0,(anonymous_7)
DA:1,0
DA:2,0
DA:12,0
DA:20,0
DA:21,0
DA:25,0
DA:26,0
DA:71,0
DA:114,0
DA:160,0
DA:196,0
DA:197,0
DA:199,0
DA:201,0
DA:203,0
DA:205,0
DA:207,0
DA:211,0
DA:212,0
DA:214,0
DA:216,0
DA:218,0
DA:220,0
DA:222,0
DA:226,0
LF:25
LH:0
BRDA:32,0,0,0
BRDA:32,0,1,0
BRDA:40,1,0,0
BRDA:40,1,1,0
BRDA:41,2,0,0
BRDA:41,2,1,0
BRDA:171,3,0,0
BRDA:171,3,1,0
BRDA:173,4,0,0
BRDA:173,4,1,0
BRDA:197,5,0,0
BRDA:197,5,1,0
BRDA:197,5,2,0
BRDA:197,5,3,0
BRDA:197,5,4,0
BRDA:212,6,0,0
BRDA:212,6,1,0
BRDA:212,6,2,0
BRDA:212,6,3,0
BRDA:212,6,4,0
BRF:20
BRH:0
end_of_record
