TN:
SF:src\pages\admin\ReportComponents\Reports.tsx
FN:88,(anonymous_7)
FN:92,(anonymous_8)
FN:93,(anonymous_9)
FN:94,(anonymous_10)
FN:119,(anonymous_11)
FN:137,(anonymous_12)
FN:145,(anonymous_13)
FN:147,(anonymous_14)
FN:181,(anonymous_15)
FN:186,(anonymous_16)
FN:191,(anonymous_17)
FN:194,(anonymous_18)
FN:203,(anonymous_19)
FN:234,(anonymous_20)
FN:243,(anonymous_21)
FN:252,(anonymous_22)
FN:279,(anonymous_23)
FN:308,(anonymous_24)
FN:343,(anonymous_25)
FN:345,(anonymous_26)
FN:347,(anonymous_27)
FN:350,(anonymous_28)
FNF:22
FNH:9
FNDA:44,(anonymous_7)
FNDA:11,(anonymous_8)
FNDA:22,(anonymous_9)
FNDA:22,(anonymous_10)
FNDA:5,(anonymous_11)
FNDA:30,(anonymous_12)
FNDA:18,(anonymous_13)
FNDA:18,(anonymous_14)
FNDA:5,(anonymous_15)
FNDA:0,(anonymous_16)
FNDA:0,(anonymous_17)
FNDA:0,(anonymous_18)
FNDA:0,(anonymous_19)
FNDA:0,(anonymous_20)
FNDA:0,(anonymous_21)
FNDA:0,(anonymous_22)
FNDA:0,(anonymous_23)
FNDA:0,(anonymous_24)
FNDA:0,(anonymous_25)
FNDA:0,(anonymous_26)
FNDA:0,(anonymous_27)
FNDA:0,(anonymous_28)
DA:2,1
DA:3,1
DA:4,1
DA:5,1
DA:6,1
DA:7,1
DA:8,1
DA:88,1
DA:89,44
DA:92,1
DA:93,22
DA:94,11
DA:95,22
DA:96,22
DA:97,22
DA:100,11
DA:101,11
DA:103,11
DA:104,11
DA:106,11
DA:107,11
DA:108,11
DA:110,11
DA:111,11
DA:112,11
DA:114,11
DA:115,11
DA:116,11
DA:119,11
DA:120,5
DA:121,5
DA:122,5
DA:123,5
DA:124,5
DA:125,5
DA:127,5
DA:136,5
DA:137,30
DA:139,3
DA:140,18
DA:141,0
DA:145,18
DA:147,18
DA:149,3
DA:150,3
DA:151,3
DA:152,3
DA:153,3
DA:154,3
DA:155,3
DA:157,0
DA:165,0
DA:168,1
DA:169,1
DA:170,1
DA:171,1
DA:172,1
DA:173,1
DA:174,1
DA:176,4
DA:181,11
DA:182,5
DA:186,11
DA:187,0
DA:188,0
DA:191,11
DA:192,0
DA:194,11
DA:196,11
DA:197,11
DA:198,11
DA:200,11
DA:201,11
DA:203,11
DA:205,11
DA:206,6
DA:208,5
DA:234,0
DA:243,0
DA:252,0
DA:279,0
DA:308,0
DA:343,0
DA:346,0
DA:348,0
DA:350,0
DA:351,0
DA:352,0
DA:353,0
DA:354,0
DA:355,0
DA:356,0
DA:357,0
DA:358,0
DA:359,0
DA:360,0
DA:361,0
DA:362,0
DA:365,0
DA:379,1
LF:100
LH:72
BRDA:140,0,0,0
BRDA:149,1,0,3
BRDA:149,1,1,0
BRDA:158,2,0,0
BRDA:158,2,1,0
BRDA:159,3,0,0
BRDA:159,3,1,0
BRDA:160,4,0,0
BRDA:160,4,1,0
BRDA:161,5,0,0
BRDA:161,5,1,0
BRDA:162,6,0,0
BRDA:162,6,1,0
BRDA:163,7,0,0
BRDA:163,7,1,0
BRDA:165,8,0,0
BRDA:165,8,1,0
BRDA:205,9,0,5
BRDA:206,10,0,1
BRDA:228,11,0,5
BRDA:228,11,1,3
BRDA:230,12,0,5
BRDA:230,12,1,3
BRDA:231,13,0,5
BRDA:231,13,1,3
BRDA:234,14,0,0
BRDA:234,14,1,0
BRDA:237,15,0,5
BRDA:237,15,1,3
BRDA:239,16,0,5
BRDA:239,16,1,3
BRDA:240,17,0,5
BRDA:240,17,1,3
BRDA:243,18,0,0
BRDA:243,18,1,0
BRDA:246,19,0,5
BRDA:246,19,1,3
BRDA:248,20,0,5
BRDA:248,20,1,3
BRDA:249,21,0,5
BRDA:249,21,1,3
BRDA:252,22,0,0
BRDA:252,22,1,0
BRDA:261,23,0,5
BRDA:261,23,1,3
BRDA:270,24,0,5
BRDA:270,24,1,3
BRDA:274,25,0,5
BRDA:274,25,1,3
BRDA:279,26,0,0
BRDA:279,26,1,0
BRDA:290,27,0,5
BRDA:290,27,1,3
BRDA:299,28,0,5
BRDA:299,28,1,3
BRDA:303,29,0,5
BRDA:303,29,1,3
BRDA:308,30,0,0
BRDA:308,30,1,0
BRDA:318,31,0,5
BRDA:318,31,1,5
BRDA:331,32,0,5
BRDA:331,32,1,0
BRDA:340,33,0,0
BRDA:340,33,1,0
BRDA:351,34,0,0
BRDA:351,35,0,0
BRDA:351,35,1,0
BRDA:352,36,0,0
BRDA:352,37,0,0
BRDA:352,37,1,0
BRDA:352,38,0,0
BRDA:352,38,1,0
BRDA:353,39,0,0
BRDA:353,40,0,0
BRDA:353,40,1,0
BRDA:354,41,0,0
BRDA:354,42,0,0
BRDA:354,42,1,0
BRDA:355,43,0,0
BRDA:355,44,0,0
BRDA:355,44,1,0
BRDA:355,45,0,0
BRDA:355,45,1,0
BRDA:356,46,0,0
BRDA:356,47,0,0
BRDA:356,47,1,0
BRDA:357,48,0,0
BRDA:357,49,0,0
BRDA:357,49,1,0
BRDA:358,50,0,0
BRDA:358,51,0,0
BRDA:358,51,1,0
BRDA:358,51,2,0
BRDA:359,52,0,0
BRDA:359,53,0,0
BRDA:359,53,1,0
BRDA:360,54,0,0
BRDA:360,55,0,0
BRDA:360,55,1,0
BRDA:360,55,2,0
BRDA:361,56,0,0
BRDA:361,57,0,0
BRDA:361,57,1,0
BRDA:361,58,0,0
BRDA:361,58,1,0
BRF:106
BRH:36
end_of_record
